#
# There is insufficient memory for the Java Runtime Environment to continue.
# Native memory allocation (mmap) failed to map 100663296 bytes for G1 virtual space
# Possible reasons:
#   The system is out of physical RAM or swap space
#   The process is running with CompressedOops enabled, and the Java Heap may be blocking the growth of the native heap
# Possible solutions:
#   Reduce memory load on the system
#   Increase physical memory or swap space
#   Check if swap backing store is full
#   Decrease Java heap size (-Xmx/-Xms)
#   Decrease number of Java threads
#   Decrease Java thread stack sizes (-Xss)
#   Set larger code cache with -XX:ReservedCodeCacheSize=
#   JVM is running with Unscaled Compressed Oops mode in which the Java heap is
#     placed in the first 4GB address space. The Java Heap base address is the
#     maximum limit for the native heap growth. Please use -XX:HeapBaseMinAddress
#     to set the Java Heap base and to place the Java Heap above 4GB virtual address.
# This output file may be truncated or incomplete.
#
#  Out of Memory Error (os_windows.cpp:3536), pid=24928, tid=14360
#
# JRE version:  (19.0.2+7) (build )
# Java VM: Java HotSpot(TM) 64-Bit Server VM (19.0.2+7-44, mixed mode, sharing, tiered, compressed oops, compressed class ptrs, g1 gc, windows-amd64)
# No core dump will be written. Minidumps are not enabled by default on client versions of Windows
#

---------------  S U M M A R Y ------------

Command Line: org.jetbrains.kotlin.cli.jvm.K2JVMCompiler @C:\Users\md mursaleen\Documents\Stock Broker App\StockBrokingApp\node_modules\react-native-safe-area-context\android\build\20240704_12063186753052382979.compiler.options

Host: AMD Ryzen 5 3450U with Radeon Vega Mobile Gfx  , 8 cores, 5G,  Windows 10 , 64 bit Build 19041 (10.0.19041.3636)
Time: Thu Jul  4 22:27:12 2024 India Standard Time elapsed time: 0.067325 seconds (0d 0h 0m 0s)

---------------  T H R E A D  ---------------

Current thread (0x000001c99f4ca190):  JavaThread "Unknown thread" [_thread_in_vm, id=14360, stack(0x0000005b4f500000,0x0000005b4f600000)]

Stack: [0x0000005b4f500000,0x0000005b4f600000]
Native frames: (J=compiled Java code, j=interpreted, Vv=VM code, C=native code)
V  [jvm.dll+0x6ee21a]
V  [jvm.dll+0x85765e]
V  [jvm.dll+0x85904e]
V  [jvm.dll+0x859703]
V  [jvm.dll+0x28298f]
V  [jvm.dll+0x6eb009]
V  [jvm.dll+0x6dfbaa]
V  [jvm.dll+0x3573f6]
V  [jvm.dll+0x35ee56]
V  [jvm.dll+0x3b541e]
V  [jvm.dll+0x3b564f]
V  [jvm.dll+0x32c9ea]
V  [jvm.dll+0x32d89e]
V  [jvm.dll+0x821780]
V  [jvm.dll+0x3c2661]
V  [jvm.dll+0x801f51]
V  [jvm.dll+0x44ae8f]
V  [jvm.dll+0x44c811]
C  [jli.dll+0x5287]
C  [ucrtbase.dll+0x21bb2]
C  [KERNEL32.DLL+0x17344]
C  [ntdll.dll+0x4cc91]


---------------  P R O C E S S  ---------------

Threads class SMR info:
_java_thread_list=0x00007ff8a3dcd048, length=0, elements={
}

Java Threads: ( => current thread )

Other Threads:
  0x000001c99f519b50 WorkerThread "GC Thread#0" [stack: 0x0000005b4f600000,0x0000005b4f700000] [id=20788]
  0x000001c99f527070 ConcurrentGCThread "G1 Main Marker" [stack: 0x0000005b4f700000,0x0000005b4f800000] [id=14992]
  0x000001c99f527aa0 WorkerThread "G1 Conc#0" [stack: 0x0000005b4f800000,0x0000005b4f900000] [id=2480]

[error occurred during error reporting (printing all threads), id 0xc0000005, EXCEPTION_ACCESS_VIOLATION (0xc0000005) at pc=0x00007ff8a358d427]

VM state: not at safepoint (not fully initialized)

VM Mutex/Monitor currently owned by a thread:  ([mutex/lock_event])
[0x000001c99f4c4a30] Heap_lock - owner thread: 0x000001c99f4ca190

Heap address: 0x00000000a1c00000, size: 1508 MB, Compressed Oops mode: 32-bit

CDS archive(s) mapped at: [0x0000000000000000-0x0000000000000000-0x0000000000000000), size 0, SharedBaseAddress: 0x0000000800000000, ArchiveRelocationMode: 0.
Narrow klass base: 0x0000000000000000, Narrow klass shift: 0, Narrow klass range: 0x0

GC Precious Log:
 CardTable entry size: 512
 Card Set container configuration: InlinePtr #cards 5 size 8 Array Of Cards #cards 12 size 40 Howl #buckets 4 coarsen threshold 1843 Howl Bitmap #cards 512 size 80 coarsen threshold 460 Card regions per heap region 1 cards per card region 2048

Heap:
 garbage-first heap   total 0K, used 0K [0x00000000a1c00000, 0x0000000100000000)
  region size 1024K, 0 young (0K), 0 survivors (0K)

[error occurred during error reporting (printing heap information), id 0xc0000005, EXCEPTION_ACCESS_VIOLATION (0xc0000005) at pc=0x00007ff8a3996649]

GC Heap History (0 events):
No events

Dll operation events (1 events):
Event: 0.042 Loaded shared library C:\Program Files\Java\jdk-19\bin\java.dll

Deoptimization events (0 events):
No events

Classes loaded (0 events):
No events

Classes unloaded (0 events):
No events

Classes redefined (0 events):
No events

Internal exceptions (0 events):
No events

VM Operations (0 events):
No events

Events (0 events):
No events


Dynamic libraries:
0x00007ff79fef0000 - 0x00007ff79ff00000 	C:\Program Files\Java\jdk-19\bin\java.exe
0x00007ff923750000 - 0x00007ff923948000 	C:\Windows\SYSTEM32\ntdll.dll
0x00007ff9225b0000 - 0x00007ff92266d000 	C:\Windows\System32\KERNEL32.DLL
0x00007ff921230000 - 0x00007ff921526000 	C:\Windows\System32\KERNELBASE.dll
0x00007ff920fa0000 - 0x00007ff9210a0000 	C:\Windows\System32\ucrtbase.dll
0x00007ff91c0b0000 - 0x00007ff91c0cb000 	C:\Program Files\Java\jdk-19\bin\VCRUNTIME140.dll
0x00007ff91c180000 - 0x00007ff91c198000 	C:\Program Files\Java\jdk-19\bin\jli.dll
0x00007ff923660000 - 0x00007ff923710000 	C:\Windows\System32\ADVAPI32.dll
0x00007ff922820000 - 0x00007ff9228be000 	C:\Windows\System32\msvcrt.dll
0x00007ff922330000 - 0x00007ff9223d0000 	C:\Windows\System32\sechost.dll
0x00007ff923460000 - 0x00007ff923583000 	C:\Windows\System32\RPCRT4.dll
0x00007ff9210a0000 - 0x00007ff9210c7000 	C:\Windows\System32\bcrypt.dll
0x00007ff921d50000 - 0x00007ff921eef000 	C:\Windows\System32\USER32.dll
0x00007ff921530000 - 0x00007ff921552000 	C:\Windows\System32\win32u.dll
0x00007ff922780000 - 0x00007ff9227ab000 	C:\Windows\System32\GDI32.dll
0x00007ff90ee10000 - 0x00007ff90f0aa000 	C:\Windows\WinSxS\amd64_microsoft.windows.common-controls_6595b64144ccf1df_6.0.19041.4355_none_60b8b9eb71f62e16\COMCTL32.dll
0x00007ff920e80000 - 0x00007ff920f97000 	C:\Windows\System32\gdi32full.dll
0x00007ff921560000 - 0x00007ff9215fd000 	C:\Windows\System32\msvcp_win.dll
0x00007ff917590000 - 0x00007ff91759a000 	C:\Windows\SYSTEM32\VERSION.dll
0x00007ff9223d0000 - 0x00007ff9223ff000 	C:\Windows\System32\IMM32.DLL
0x00007ff919940000 - 0x00007ff91994c000 	C:\Program Files\Java\jdk-19\bin\vcruntime140_1.dll
0x00007ff8f9960000 - 0x00007ff8f99ee000 	C:\Program Files\Java\jdk-19\bin\msvcp140.dll
0x00007ff8a3250000 - 0x00007ff8a3f10000 	C:\Program Files\Java\jdk-19\bin\server\jvm.dll
0x00007ff917560000 - 0x00007ff917587000 	C:\Windows\SYSTEM32\WINMM.dll
0x00007ff911b90000 - 0x00007ff911b99000 	C:\Windows\SYSTEM32\WSOCK32.dll
0x00007ff9227b0000 - 0x00007ff92281b000 	C:\Windows\System32\ws2_32.DLL
0x00007ff91ec90000 - 0x00007ff91eca2000 	C:\Windows\SYSTEM32\kernel.appcore.dll
0x00007ff911b80000 - 0x00007ff911b8a000 	C:\Program Files\Java\jdk-19\bin\jimage.dll
0x00007ff918700000 - 0x00007ff9188e4000 	C:\Windows\SYSTEM32\DBGHELP.DLL
0x00007ff90bc10000 - 0x00007ff90bc44000 	C:\Windows\SYSTEM32\dbgcore.DLL
0x00007ff921700000 - 0x00007ff921782000 	C:\Windows\System32\bcryptPrimitives.dll
0x00007ff90c5b0000 - 0x00007ff90c5d6000 	C:\Program Files\Java\jdk-19\bin\java.dll

dbghelp: loaded successfully - version: 4.0.5 - missing functions: none
symbol engine: initialized successfully - sym options: 0x614 - pdb path: .;C:\Program Files\Java\jdk-19\bin;C:\Windows\SYSTEM32;C:\Windows\WinSxS\amd64_microsoft.windows.common-controls_6595b64144ccf1df_6.0.19041.4355_none_60b8b9eb71f62e16;C:\Program Files\Java\jdk-19\bin\server

VM Arguments:
java_command: org.jetbrains.kotlin.cli.jvm.K2JVMCompiler @C:\Users\md mursaleen\Documents\Stock Broker App\StockBrokingApp\node_modules\react-native-safe-area-context\android\build\20240704_12063186753052382979.compiler.options
java_class_path (initial): C:\Users\md mursaleen\.gradle\caches\modules-2\files-2.1\org.jetbrains.kotlin\kotlin-compiler-embeddable\1.9.22\9cd4dc7773cf2a99ecd961a88fbbc9a2da3fb5e1\kotlin-compiler-embeddable-1.9.22.jar;C:\Users\md mursaleen\.gradle\caches\modules-2\files-2.1\org.jetbrains.kotlin\kotlin-stdlib\1.9.22\d6c44cd08d8f3f9bece8101216dbe6553365c6e3\kotlin-stdlib-1.9.22.jar;C:\Users\md mursaleen\.gradle\caches\modules-2\files-2.1\org.jetbrains.kotlin\kotlin-script-runtime\1.9.22\f8139a46fc677ec9badc49ae954392f4f5e7e7c7\kotlin-script-runtime-1.9.22.jar;C:\Users\md mursaleen\.gradle\caches\modules-2\files-2.1\org.jetbrains.kotlin\kotlin-reflect\1.6.10\1cbe9c92c12a94eea200d23c2bbaedaf3daf5132\kotlin-reflect-1.6.10.jar;C:\Users\md mursaleen\.gradle\caches\modules-2\files-2.1\org.jetbrains.kotlin\kotlin-daemon-embeddable\1.9.22\20e2c5df715f3240c765cfc222530e2796542021\kotlin-daemon-embeddable-1.9.22.jar;C:\Users\md mursaleen\.gradle\caches\modules-2\files-2.1\org.jetbrains.intellij.deps\trove4j\1.0.20200330\3afb14d5f9ceb459d724e907a21145e8ff394f02\trove4j-1.0.20200330.jar;C:\Users\md mursaleen\.gradle\caches\modules-2\files-2.1\org.jetbrains\annotations\13.0\919f0dfe192fb4e063e7dacadee7f8bb9a2672a9\annotations-13.0.jar
Launcher Type: SUN_STANDARD

[Global flags]
     intx CICompilerCount                          = 4                                         {product} {ergonomic}
     uint ConcGCThreads                            = 2                                         {product} {ergonomic}
     uint G1ConcRefinementThreads                  = 8                                         {product} {ergonomic}
   size_t G1HeapRegionSize                         = 1048576                                   {product} {ergonomic}
    uintx GCDrainStackTargetSize                   = 64                                        {product} {ergonomic}
   size_t InitialHeapSize                          = 100663296                                 {product} {ergonomic}
   size_t MarkStackSize                            = 4194304                                   {product} {ergonomic}
   size_t MaxHeapSize                              = 1581252608                                {product} {ergonomic}
   size_t MinHeapDeltaBytes                        = 1048576                                   {product} {ergonomic}
   size_t MinHeapSize                              = 8388608                                   {product} {ergonomic}
    uintx NonNMethodCodeHeapSize                   = 5839372                                {pd product} {ergonomic}
    uintx NonProfiledCodeHeapSize                  = 122909434                              {pd product} {ergonomic}
    uintx ProfiledCodeHeapSize                     = 122909434                              {pd product} {ergonomic}
    uintx ReservedCodeCacheSize                    = 251658240                              {pd product} {ergonomic}
     bool SegmentedCodeCache                       = true                                      {product} {ergonomic}
   size_t SoftMaxHeapSize                          = 1581252608                             {manageable} {ergonomic}
     bool UseCompressedClassPointers               = true                           {product lp64_product} {ergonomic}
     bool UseCompressedOops                        = true                           {product lp64_product} {ergonomic}
     bool UseG1GC                                  = true                                      {product} {ergonomic}
     bool UseLargePagesIndividualAllocation        = false                                  {pd product} {ergonomic}

Logging:
Log output configuration:
 #0: stdout all=warning uptime,level,tags foldmultilines=false
 #1: stderr all=off uptime,level,tags foldmultilines=false

Environment Variables:
JAVA_HOME=C:\Program Files\Java\jdk-19
CLASSPATH=C:\Users\md mursaleen\Documents\Stock Broker App\StockBrokingApp\android\\gradle\wrapper\gradle-wrapper.jar
PATH=C:\Users\md mursaleen\Documents\Stock Broker App\StockBrokingApp\node_modules\.bin;C:\Users\md mursaleen\Documents\Stock Broker App\StockBrokingApp\node_modules\.bin;C:\Users\md mursaleen\Documents\Stock Broker App\node_modules\.bin;C:\Users\md mursaleen\Documents\node_modules\.bin;C:\Users\md mursaleen\node_modules\.bin;C:\Users\node_modules\.bin;C:\node_modules\.bin;C:\Program Files\nodejs\node_modules\npm\node_modules\@npmcli\run-script\lib\node-gyp-bin;C:\Users\md mursaleen\Documents\Stock Broker App\StockBrokingApp\node_modules\.bin;C:\Users\md mursaleen\Documents\Stock Broker App\node_modules\.bin;C:\Users\md mursaleen\Documents\node_modules\.bin;C:\Users\md mursaleen\node_modules\.bin;C:\Users\node_modules\.bin;C:\node_modules\.bin;C:\Program Files\nodejs\node_modules\npm\node_modules\@npmcli\run-script\lib\node-gyp-bin;C:\Program Files (x86)\Common Files\Oracle\Java\javapath;C:\Windows\system32;C:\Windows;C:\Windows\System32\Wbem;C:\Windows\System32\WindowsPowerShell\v1.0\;C:\Windows\System32\OpenSSH\;C:\Program Files\dotnet\;C:\Program Files\CodeBlocks\MinGW\bin;C:\Program Files\MySQL\MySQL Server 8.0\bin;C:\MinGW\bin;C:\Users\md mursaleen\Downloads\platform-tools_r33.0.3-windows\platform-tools;C:\Program Files\Git\cmd;C:\ProgramData\chocolatey\bin;C:\Program Files\nodejs\;C:\hadoop\bin;C:\hadoop\sbin;C:\Program Files\Java\jdk-19\bin;C:\Users\md mursaleen\AppData\Local\Programs\Python\Python311\Scripts\;C:\Users\md mursaleen\AppData\Local\Programs\Python\Python311\;C:\Program Files\MySQL\MySQL Shell 8.0\bin\;C:\Users\md mursaleen\AppData\Local\Microsoft\WindowsApps;C:\Program Files (x86)\mingw-w64\i686-8.1.0-posix-dwarf-rt_v6-rev0\mingw32\bin;C:\Program Files (x86)\mingw-w64\i686-8.1.0-posix-dwarf-rt_v6-rev0\mingw32\bin;C:\Users\md mursaleen\AppData\Local\Programs\Microsoft VS Code\bin;C:\Users\md mursaleen\AppData\Roaming\npm;C:\Users\md mursaleen\AppData\Local\Android\Sdk\platform-tools;C:\Users\md mursaleen\AppData\Local\Android\Sdk\platforms;C:\Program Files\MongoDB\Server\6.0\bin;C:\Program Files\sfdx\bin;C:\Program Files\heroku\bin;
USERNAME=md mursaleen
LANG=en_US.UTF-8
OS=Windows_NT
PROCESSOR_IDENTIFIER=AMD64 Family 23 Model 24 Stepping 1, AuthenticAMD
TMP=C:\Users\MDMURS~1\AppData\Local\Temp
TEMP=C:\Users\MDMURS~1\AppData\Local\Temp



---------------  S Y S T E M  ---------------

OS:
 Windows 10 , 64 bit Build 19041 (10.0.19041.3636)
OS uptime: 0 days 10:39 hours

CPU: total 8 (initial active 8) (8 cores per cpu, 2 threads per core) family 23 model 24 stepping 1 microcode 0x0, cx8, cmov, fxsr, ht, mmx, 3dnowpref, sse, sse2, sse3, ssse3, sse4a, sse4.1, sse4.2, popcnt, lzcnt, tsc, tscinvbit, avx, avx2, aes, clmul, bmi1, bmi2, adx, sha, fma, vzeroupper, clflush, clflushopt, rdtscp

Memory: 4k page, system-wide physical 6030M (138M free)
TotalPageFile size 24462M (AvailPageFile size 101M)
current process WorkingSet (physical memory assigned to process): 10M, peak: 10M
current process commit charge ("private bytes"): 60M, peak: 156M

vm_info: Java HotSpot(TM) 64-Bit Server VM (19.0.2+7-44) for windows-amd64 JRE (19.0.2+7-44), built on 2022-11-30T18:02:09Z by "mach5one" with MS VC++ 17.1 (VS2022)

END.
