#
# There is insufficient memory for the Java Runtime Environment to continue.
# Native memory allocation (mmap) failed to map 26214400 bytes for G1 virtual space
# Possible reasons:
#   The system is out of physical RAM or swap space
#   The process is running with CompressedOops enabled, and the Java Heap may be blocking the growth of the native heap
# Possible solutions:
#   Reduce memory load on the system
#   Increase physical memory or swap space
#   Check if swap backing store is full
#   Decrease Java heap size (-Xmx/-Xms)
#   Decrease number of Java threads
#   Decrease Java thread stack sizes (-Xss)
#   Set larger code cache with -XX:ReservedCodeCacheSize=
#   JVM is running with Unscaled Compressed Oops mode in which the Java heap is
#     placed in the first 4GB address space. The Java Heap base address is the
#     maximum limit for the native heap growth. Please use -XX:HeapBaseMinAddress
#     to set the Java Heap base and to place the Java Heap above 4GB virtual address.
# This output file may be truncated or incomplete.
#
#  Out of Memory Error (os_windows.cpp:3536), pid=18968, tid=9212
#
# JRE version: Java(TM) SE Runtime Environment (19.0.2+7) (build 19.0.2+7-44)
# Java VM: Java HotSpot(TM) 64-Bit Server VM (19.0.2+7-44, mixed mode, sharing, tiered, compressed oops, compressed class ptrs, g1 gc, windows-amd64)
# No core dump will be written. Minidumps are not enabled by default on client versions of Windows
#

---------------  S U M M A R Y ------------

Command Line: org.jetbrains.kotlin.cli.jvm.K2JVMCompiler @C:\Users\md mursaleen\Documents\Stock Broker App\StockBrokingApp\node_modules\react-native-gesture-handler\android\build\20240704_9138191874472341081.compiler.options

Host: AMD Ryzen 5 3450U with Radeon Vega Mobile Gfx  , 8 cores, 5G,  Windows 10 , 64 bit Build 19041 (10.0.19041.3636)
Time: Thu Jul  4 22:38:14 2024 India Standard Time elapsed time: 13.546546 seconds (0d 0h 0m 13s)

---------------  T H R E A D  ---------------

Current thread (0x000001b6b82a9df0):  VMThread "VM Thread" [stack: 0x0000002fbcb00000,0x0000002fbcc00000] [id=9212]

Stack: [0x0000002fbcb00000,0x0000002fbcc00000]
Native frames: (J=compiled Java code, j=interpreted, Vv=VM code, C=native code)
V  [jvm.dll+0x6ee21a]
V  [jvm.dll+0x85765e]
V  [jvm.dll+0x85904e]
V  [jvm.dll+0x859703]
V  [jvm.dll+0x28298f]
V  [jvm.dll+0x6eb009]
V  [jvm.dll+0x6dfbaa]
V  [jvm.dll+0x3573f6]
V  [jvm.dll+0x35ee56]
V  [jvm.dll+0x3b541e]
V  [jvm.dll+0x3b564f]
V  [jvm.dll+0x32c9ea]
V  [jvm.dll+0x32ca97]
V  [jvm.dll+0x374cd2]
V  [jvm.dll+0x37340f]
V  [jvm.dll+0x32c210]
V  [jvm.dll+0x3729ab]
V  [jvm.dll+0x85ebc3]
V  [jvm.dll+0x85f989]
V  [jvm.dll+0x85febd]
V  [jvm.dll+0x86034b]
V  [jvm.dll+0x860407]
V  [jvm.dll+0x80125a]
V  [jvm.dll+0x6ecf0b]
C  [ucrtbase.dll+0x21bb2]
C  [KERNEL32.DLL+0x17344]
C  [ntdll.dll+0x4cc91]

VM_Operation (0x0000002fbc5fba90): G1CollectForAllocation, mode: safepoint, requested by thread 0x000001b69adf99b0


---------------  P R O C E S S  ---------------

Threads class SMR info:
_java_thread_list=0x000001b6bc5d0710, length=12, elements={
0x000001b69adf99b0, 0x000001b6b82c4c30, 0x000001b6b82c5bc0, 0x000001b6b82c7c70,
0x000001b6b82ca5b0, 0x000001b6b82caee0, 0x000001b6b82cc020, 0x000001b6b82ccc80,
0x000001b6b82ce0e0, 0x000001b6b82d1010, 0x000001b6bc5c24d0, 0x000001b6bc5d0920
}

Java Threads: ( => current thread )
  0x000001b69adf99b0 JavaThread "main" [_thread_blocked, id=20112, stack(0x0000002fbc500000,0x0000002fbc600000)]
  0x000001b6b82c4c30 JavaThread "Reference Handler" daemon [_thread_blocked, id=25180, stack(0x0000002fbcc00000,0x0000002fbcd00000)]
  0x000001b6b82c5bc0 JavaThread "Finalizer" daemon [_thread_blocked, id=17792, stack(0x0000002fbcd00000,0x0000002fbce00000)]
  0x000001b6b82c7c70 JavaThread "Signal Dispatcher" daemon [_thread_blocked, id=23716, stack(0x0000002fbce00000,0x0000002fbcf00000)]
  0x000001b6b82ca5b0 JavaThread "Attach Listener" daemon [_thread_blocked, id=220, stack(0x0000002fbcf00000,0x0000002fbd000000)]
  0x000001b6b82caee0 JavaThread "Service Thread" daemon [_thread_blocked, id=25088, stack(0x0000002fbd000000,0x0000002fbd100000)]
  0x000001b6b82cc020 JavaThread "Monitor Deflation Thread" daemon [_thread_blocked, id=21180, stack(0x0000002fbd100000,0x0000002fbd200000)]
  0x000001b6b82ccc80 JavaThread "C2 CompilerThread0" daemon [_thread_blocked, id=20856, stack(0x0000002fbd200000,0x0000002fbd300000)]
  0x000001b6b82ce0e0 JavaThread "C1 CompilerThread0" daemon [_thread_blocked, id=25204, stack(0x0000002fbd300000,0x0000002fbd400000)]
  0x000001b6b82d1010 JavaThread "Sweeper thread" daemon [_thread_blocked, id=21580, stack(0x0000002fbd400000,0x0000002fbd500000)]
  0x000001b6bc5c24d0 JavaThread "Notification Thread" daemon [_thread_blocked, id=15236, stack(0x0000002fbd500000,0x0000002fbd600000)]
  0x000001b6bc5d0920 JavaThread "Common-Cleaner" daemon [_thread_blocked, id=3688, stack(0x0000002fbd700000,0x0000002fbd800000)]

Other Threads:
=>0x000001b6b82a9df0 VMThread "VM Thread" [stack: 0x0000002fbcb00000,0x0000002fbcc00000] [id=9212]
  0x000001b6bc5cbab0 WatcherThread "VM Periodic Task Thread" [stack: 0x0000002fbd600000,0x0000002fbd700000] [id=22572]
  0x000001b69ae4b390 WorkerThread "GC Thread#0" [stack: 0x0000002fbc600000,0x0000002fbc700000] [id=24848]
  0x000001b6bcad63b0 WorkerThread "GC Thread#1" [stack: 0x0000002fbd800000,0x0000002fbd900000] [id=5388]
  0x000001b6bcb0d050 WorkerThread "GC Thread#2" [stack: 0x0000002fbd900000,0x0000002fbda00000] [id=19676]
  0x000001b6bcb0d320 WorkerThread "GC Thread#3" [stack: 0x0000002fbda00000,0x0000002fbdb00000] [id=14708]
  0x000001b6bcb3be20 WorkerThread "GC Thread#4" [stack: 0x0000002fbdb00000,0x0000002fbdc00000] [id=9724]
  0x000001b6bcb3c0f0 WorkerThread "GC Thread#5" [stack: 0x0000002fbdc00000,0x0000002fbdd00000] [id=22052]
  0x000001b6bcd98e20 WorkerThread "GC Thread#6" [stack: 0x0000002fbdd00000,0x0000002fbde00000] [id=18012]
  0x000001b6bcd974d0 WorkerThread "GC Thread#7" [stack: 0x0000002fbde00000,0x0000002fbdf00000] [id=22408]
  0x000001b69ae57f70 ConcurrentGCThread "G1 Main Marker" [stack: 0x0000002fbc700000,0x0000002fbc800000] [id=18180]
  0x000001b69ae58b40 WorkerThread "G1 Conc#0" [stack: 0x0000002fbc800000,0x0000002fbc900000] [id=25032]
  0x000001b6bd0fa190 WorkerThread "G1 Conc#1" [stack: 0x0000002fbdf00000,0x0000002fbe000000] [id=16796]
  0x000001b6b81650c0 ConcurrentGCThread "G1 Refine#0" [stack: 0x0000002fbc900000,0x0000002fbca00000] [id=22724]
  0x000001b6b8165a10 ConcurrentGCThread "G1 Service" [stack: 0x0000002fbca00000,0x0000002fbcb00000] [id=22344]

Threads with active compile tasks:
C2 CompilerThread0    13917 3866       4       org.jetbrains.kotlin.parsing.KotlinExpressionParsing::parseBinaryExpression (70 bytes)

VM state: at safepoint (normal execution)

VM Mutex/Monitor currently owned by a thread:  ([mutex/lock_event])
[0x000001b69adf69f0] Threads_lock - owner thread: 0x000001b6b82a9df0
[0x000001b69adf6c30] Heap_lock - owner thread: 0x000001b69adf99b0

Heap address: 0x00000000a1c00000, size: 1508 MB, Compressed Oops mode: 32-bit

CDS archive(s) mapped at: [0x0000000800000000-0x0000000800c40000-0x0000000800c40000), size 12845056, SharedBaseAddress: 0x0000000800000000, ArchiveRelocationMode: 0.
Compressed class space mapped at: 0x0000000801000000-0x0000000841000000, reserved size: 1073741824
Narrow klass base: 0x0000000800000000, Narrow klass shift: 0, Narrow klass range: 0x100000000

GC Precious Log:
 CardTable entry size: 512
 Card Set container configuration: InlinePtr #cards 5 size 8 Array Of Cards #cards 12 size 40 Howl #buckets 4 coarsen threshold 1843 Howl Bitmap #cards 512 size 80 coarsen threshold 460 Card regions per heap region 1 cards per card region 2048
 CPUs: 8 total, 8 available
 Memory: 6030M
 Large Page Support: Disabled
 NUMA Support: Disabled
 Compressed Oops: Enabled (32-bit)
 Heap Region Size: 1M
 Heap Min Capacity: 8M
 Heap Initial Capacity: 96M
 Heap Max Capacity: 1508M
 Pre-touch: Disabled
 Parallel Workers: 8
 Concurrent Workers: 2
 Concurrent Refinement Workers: 8
 Periodic GC: Disabled

Heap:
 garbage-first heap   total 98304K, used 28783K [0x00000000a1c00000, 0x0000000100000000)
  region size 1024K, 1 young (1024K), 1 survivors (1024K)
 Metaspace       used 37241K, committed 37952K, reserved 1114112K
  class space    used 4484K, committed 4864K, reserved 1048576K

Heap Regions: E=young(eden), S=young(survivor), O=old, HS=humongous(starts), HC=humongous(continues), CS=collection set, F=free, OA=open archive, CA=closed archive, TAMS=top-at-mark-start (previous, next)
|   0|0x00000000a1c00000, 0x00000000a1d00000, 0x00000000a1d00000|100%|HS|  |TAMS 0x00000000a1d00000, 0x00000000a1d00000| Complete 
|   1|0x00000000a1d00000, 0x00000000a1e00000, 0x00000000a1e00000|100%|HC|  |TAMS 0x00000000a1e00000, 0x00000000a1e00000| Complete 
|   2|0x00000000a1e00000, 0x00000000a1f00000, 0x00000000a1f00000|100%|HC|  |TAMS 0x00000000a1f00000, 0x00000000a1f00000| Complete 
|   3|0x00000000a1f00000, 0x00000000a2000000, 0x00000000a2000000|100%|HC|  |TAMS 0x00000000a2000000, 0x00000000a2000000| Complete 
|   4|0x00000000a2000000, 0x00000000a2100000, 0x00000000a2100000|100%| O|  |TAMS 0x00000000a2100000, 0x00000000a2100000| Untracked 
|   5|0x00000000a2100000, 0x00000000a2200000, 0x00000000a2200000|100%| O|  |TAMS 0x00000000a2200000, 0x00000000a2200000| Untracked 
|   6|0x00000000a2200000, 0x00000000a2300000, 0x00000000a2300000|100%| O|  |TAMS 0x00000000a2300000, 0x00000000a2300000| Untracked 
|   7|0x00000000a2300000, 0x00000000a2400000, 0x00000000a2400000|100%| O|  |TAMS 0x00000000a2400000, 0x00000000a2400000| Untracked 
|   8|0x00000000a2400000, 0x00000000a2500000, 0x00000000a2500000|100%| O|  |TAMS 0x00000000a2500000, 0x00000000a2500000| Untracked 
|   9|0x00000000a2500000, 0x00000000a2600000, 0x00000000a2600000|100%| O|  |TAMS 0x00000000a2600000, 0x00000000a2600000| Untracked 
|  10|0x00000000a2600000, 0x00000000a2700000, 0x00000000a2700000|100%| O|  |TAMS 0x00000000a2700000, 0x00000000a2700000| Untracked 
|  11|0x00000000a2700000, 0x00000000a2800000, 0x00000000a2800000|100%| O|  |TAMS 0x00000000a2800000, 0x00000000a2800000| Untracked 
|  12|0x00000000a2800000, 0x00000000a2900000, 0x00000000a2900000|100%| O|  |TAMS 0x00000000a2900000, 0x00000000a2900000| Untracked 
|  13|0x00000000a2900000, 0x00000000a2a00000, 0x00000000a2a00000|100%| O|  |TAMS 0x00000000a2a00000, 0x00000000a2a00000| Untracked 
|  14|0x00000000a2a00000, 0x00000000a2b00000, 0x00000000a2b00000|100%| O|  |TAMS 0x00000000a2b00000, 0x00000000a2b00000| Untracked 
|  15|0x00000000a2b00000, 0x00000000a2c00000, 0x00000000a2c00000|100%| O|  |TAMS 0x00000000a2c00000, 0x00000000a2c00000| Untracked 
|  16|0x00000000a2c00000, 0x00000000a2d00000, 0x00000000a2d00000|100%| O|  |TAMS 0x00000000a2d00000, 0x00000000a2d00000| Untracked 
|  17|0x00000000a2d00000, 0x00000000a2d00000, 0x00000000a2e00000|  0%| F|  |TAMS 0x00000000a2d00000, 0x00000000a2d00000| Untracked 
|  18|0x00000000a2e00000, 0x00000000a2f00000, 0x00000000a2f00000|100%| O|  |TAMS 0x00000000a2ea4a08, 0x00000000a2f00000| Untracked 
|  19|0x00000000a2f00000, 0x00000000a3000000, 0x00000000a3000000|100%|HS|  |TAMS 0x00000000a3000000, 0x00000000a3000000| Complete 
|  20|0x00000000a3000000, 0x00000000a3100000, 0x00000000a3100000|100%|HC|  |TAMS 0x00000000a3100000, 0x00000000a3100000| Complete 
|  21|0x00000000a3100000, 0x00000000a3200000, 0x00000000a3200000|100%| O|  |TAMS 0x00000000a3100000, 0x00000000a3200000| Untracked 
|  22|0x00000000a3200000, 0x00000000a3300000, 0x00000000a3300000|100%| O|  |TAMS 0x00000000a3200000, 0x00000000a3300000| Untracked 
|  23|0x00000000a3300000, 0x00000000a3400000, 0x00000000a3400000|100%| O|  |TAMS 0x00000000a3300000, 0x00000000a3400000| Untracked 
|  24|0x00000000a3400000, 0x00000000a3500000, 0x00000000a3500000|100%| O|  |TAMS 0x00000000a3400000, 0x00000000a3500000| Untracked 
|  25|0x00000000a3500000, 0x00000000a3600000, 0x00000000a3600000|100%| O|  |TAMS 0x00000000a3500000, 0x00000000a3600000| Untracked 
|  26|0x00000000a3600000, 0x00000000a3700000, 0x00000000a3700000|100%| O|  |TAMS 0x00000000a3600000, 0x00000000a3700000| Untracked 
|  27|0x00000000a3700000, 0x00000000a3800000, 0x00000000a3800000|100%| O|  |TAMS 0x00000000a3700000, 0x00000000a3800000| Untracked 
|  28|0x00000000a3800000, 0x00000000a3893800, 0x00000000a3900000| 57%| O|  |TAMS 0x00000000a3800000, 0x00000000a3893800| Untracked 
|  29|0x00000000a3900000, 0x00000000a3900000, 0x00000000a3a00000|  0%| F|  |TAMS 0x00000000a3900000, 0x00000000a3900000| Untracked 
|  30|0x00000000a3a00000, 0x00000000a3a00000, 0x00000000a3b00000|  0%| F|  |TAMS 0x00000000a3a00000, 0x00000000a3a00000| Untracked 
|  31|0x00000000a3b00000, 0x00000000a3b00000, 0x00000000a3c00000|  0%| F|  |TAMS 0x00000000a3b00000, 0x00000000a3b00000| Untracked 
|  32|0x00000000a3c00000, 0x00000000a3c00000, 0x00000000a3d00000|  0%| F|  |TAMS 0x00000000a3c00000, 0x00000000a3c00000| Untracked 
|  33|0x00000000a3d00000, 0x00000000a3d00000, 0x00000000a3e00000|  0%| F|  |TAMS 0x00000000a3d00000, 0x00000000a3d00000| Untracked 
|  34|0x00000000a3e00000, 0x00000000a3e00000, 0x00000000a3f00000|  0%| F|  |TAMS 0x00000000a3e00000, 0x00000000a3e00000| Untracked 
|  35|0x00000000a3f00000, 0x00000000a3f00000, 0x00000000a4000000|  0%| F|  |TAMS 0x00000000a3f00000, 0x00000000a3f00000| Untracked 
|  36|0x00000000a4000000, 0x00000000a4000000, 0x00000000a4100000|  0%| F|  |TAMS 0x00000000a4000000, 0x00000000a4000000| Untracked 
|  37|0x00000000a4100000, 0x00000000a4100000, 0x00000000a4200000|  0%| F|  |TAMS 0x00000000a4100000, 0x00000000a4100000| Untracked 
|  38|0x00000000a4200000, 0x00000000a4200000, 0x00000000a4300000|  0%| F|  |TAMS 0x00000000a4200000, 0x00000000a4200000| Untracked 
|  39|0x00000000a4300000, 0x00000000a43887d0, 0x00000000a4400000| 53%| S|CS|TAMS 0x00000000a4300000, 0x00000000a4300000| Complete 
|  40|0x00000000a4400000, 0x00000000a4400000, 0x00000000a4500000|  0%| F|  |TAMS 0x00000000a4400000, 0x00000000a4400000| Untracked 
|  41|0x00000000a4500000, 0x00000000a4500000, 0x00000000a4600000|  0%| F|  |TAMS 0x00000000a4500000, 0x00000000a4500000| Untracked 
|  42|0x00000000a4600000, 0x00000000a4600000, 0x00000000a4700000|  0%| F|  |TAMS 0x00000000a4600000, 0x00000000a4600000| Untracked 
|  43|0x00000000a4700000, 0x00000000a4700000, 0x00000000a4800000|  0%| F|  |TAMS 0x00000000a4700000, 0x00000000a4700000| Untracked 
|  44|0x00000000a4800000, 0x00000000a4800000, 0x00000000a4900000|  0%| F|  |TAMS 0x00000000a4800000, 0x00000000a4800000| Untracked 
|  45|0x00000000a4900000, 0x00000000a4900000, 0x00000000a4a00000|  0%| F|  |TAMS 0x00000000a4900000, 0x00000000a4900000| Untracked 
|  46|0x00000000a4a00000, 0x00000000a4a00000, 0x00000000a4b00000|  0%| F|  |TAMS 0x00000000a4a00000, 0x00000000a4a00000| Untracked 
|  47|0x00000000a4b00000, 0x00000000a4b00000, 0x00000000a4c00000|  0%| F|  |TAMS 0x00000000a4b00000, 0x00000000a4b00000| Untracked 
|  48|0x00000000a4c00000, 0x00000000a4c00000, 0x00000000a4d00000|  0%| F|  |TAMS 0x00000000a4c00000, 0x00000000a4c00000| Untracked 
|  49|0x00000000a4d00000, 0x00000000a4d00000, 0x00000000a4e00000|  0%| F|  |TAMS 0x00000000a4d00000, 0x00000000a4d00000| Untracked 
|  50|0x00000000a4e00000, 0x00000000a4e00000, 0x00000000a4f00000|  0%| F|  |TAMS 0x00000000a4e00000, 0x00000000a4e00000| Untracked 
|  51|0x00000000a4f00000, 0x00000000a4f00000, 0x00000000a5000000|  0%| F|  |TAMS 0x00000000a4f00000, 0x00000000a4f00000| Untracked 
|  52|0x00000000a5000000, 0x00000000a5000000, 0x00000000a5100000|  0%| F|  |TAMS 0x00000000a5000000, 0x00000000a5000000| Untracked 
|  53|0x00000000a5100000, 0x00000000a5100000, 0x00000000a5200000|  0%| F|  |TAMS 0x00000000a5100000, 0x00000000a5100000| Untracked 
|  54|0x00000000a5200000, 0x00000000a5200000, 0x00000000a5300000|  0%| F|  |TAMS 0x00000000a5200000, 0x00000000a5200000| Untracked 
|  55|0x00000000a5300000, 0x00000000a5300000, 0x00000000a5400000|  0%| F|  |TAMS 0x00000000a5300000, 0x00000000a5300000| Untracked 
|  56|0x00000000a5400000, 0x00000000a5400000, 0x00000000a5500000|  0%| F|  |TAMS 0x00000000a5400000, 0x00000000a5400000| Untracked 
|  57|0x00000000a5500000, 0x00000000a5500000, 0x00000000a5600000|  0%| F|  |TAMS 0x00000000a5500000, 0x00000000a5500000| Untracked 
|  58|0x00000000a5600000, 0x00000000a5600000, 0x00000000a5700000|  0%| F|  |TAMS 0x00000000a5600000, 0x00000000a5600000| Untracked 
|  59|0x00000000a5700000, 0x00000000a5700000, 0x00000000a5800000|  0%| F|  |TAMS 0x00000000a5700000, 0x00000000a5700000| Untracked 
|  60|0x00000000a5800000, 0x00000000a5800000, 0x00000000a5900000|  0%| F|  |TAMS 0x00000000a5800000, 0x00000000a5800000| Untracked 
|  61|0x00000000a5900000, 0x00000000a5900000, 0x00000000a5a00000|  0%| F|  |TAMS 0x00000000a5900000, 0x00000000a5900000| Untracked 
|  62|0x00000000a5a00000, 0x00000000a5a00000, 0x00000000a5b00000|  0%| F|  |TAMS 0x00000000a5a00000, 0x00000000a5a00000| Untracked 
|  63|0x00000000a5b00000, 0x00000000a5b00000, 0x00000000a5c00000|  0%| F|  |TAMS 0x00000000a5b00000, 0x00000000a5b00000| Untracked 
|  64|0x00000000a5c00000, 0x00000000a5c00000, 0x00000000a5d00000|  0%| F|  |TAMS 0x00000000a5c00000, 0x00000000a5c00000| Untracked 
|  65|0x00000000a5d00000, 0x00000000a5d00000, 0x00000000a5e00000|  0%| F|  |TAMS 0x00000000a5d00000, 0x00000000a5d00000| Untracked 
|  66|0x00000000a5e00000, 0x00000000a5e00000, 0x00000000a5f00000|  0%| F|  |TAMS 0x00000000a5e00000, 0x00000000a5e00000| Untracked 
|  67|0x00000000a5f00000, 0x00000000a5f00000, 0x00000000a6000000|  0%| F|  |TAMS 0x00000000a5f00000, 0x00000000a5f00000| Untracked 
|  68|0x00000000a6000000, 0x00000000a6000000, 0x00000000a6100000|  0%| F|  |TAMS 0x00000000a6000000, 0x00000000a6000000| Untracked 
|  69|0x00000000a6100000, 0x00000000a6100000, 0x00000000a6200000|  0%| F|  |TAMS 0x00000000a6100000, 0x00000000a6100000| Untracked 
|  70|0x00000000a6200000, 0x00000000a6200000, 0x00000000a6300000|  0%| F|  |TAMS 0x00000000a6200000, 0x00000000a6200000| Untracked 
|  71|0x00000000a6300000, 0x00000000a6300000, 0x00000000a6400000|  0%| F|  |TAMS 0x00000000a6300000, 0x00000000a6300000| Untracked 
|  72|0x00000000a6400000, 0x00000000a6400000, 0x00000000a6500000|  0%| F|  |TAMS 0x00000000a6400000, 0x00000000a6400000| Untracked 
|  73|0x00000000a6500000, 0x00000000a6500000, 0x00000000a6600000|  0%| F|  |TAMS 0x00000000a6500000, 0x00000000a6500000| Untracked 
|  74|0x00000000a6600000, 0x00000000a6600000, 0x00000000a6700000|  0%| F|  |TAMS 0x00000000a6600000, 0x00000000a6600000| Untracked 
|  75|0x00000000a6700000, 0x00000000a6700000, 0x00000000a6800000|  0%| F|  |TAMS 0x00000000a6700000, 0x00000000a6700000| Untracked 
|  76|0x00000000a6800000, 0x00000000a6800000, 0x00000000a6900000|  0%| F|  |TAMS 0x00000000a6800000, 0x00000000a6800000| Untracked 
|  77|0x00000000a6900000, 0x00000000a6900000, 0x00000000a6a00000|  0%| F|  |TAMS 0x00000000a6900000, 0x00000000a6900000| Untracked 
|  78|0x00000000a6a00000, 0x00000000a6a00000, 0x00000000a6b00000|  0%| F|  |TAMS 0x00000000a6a00000, 0x00000000a6a00000| Untracked 
|  79|0x00000000a6b00000, 0x00000000a6b00000, 0x00000000a6c00000|  0%| F|  |TAMS 0x00000000a6b00000, 0x00000000a6b00000| Untracked 
|  80|0x00000000a6c00000, 0x00000000a6c00000, 0x00000000a6d00000|  0%| F|  |TAMS 0x00000000a6c00000, 0x00000000a6c00000| Untracked 
|  81|0x00000000a6d00000, 0x00000000a6d00000, 0x00000000a6e00000|  0%| F|  |TAMS 0x00000000a6d00000, 0x00000000a6d00000| Untracked 
|  82|0x00000000a6e00000, 0x00000000a6e00000, 0x00000000a6f00000|  0%| F|  |TAMS 0x00000000a6e00000, 0x00000000a6e00000| Untracked 
|  83|0x00000000a6f00000, 0x00000000a6f00000, 0x00000000a7000000|  0%| F|  |TAMS 0x00000000a6f00000, 0x00000000a6f00000| Untracked 
|  84|0x00000000a7000000, 0x00000000a7000000, 0x00000000a7100000|  0%| F|  |TAMS 0x00000000a7000000, 0x00000000a7000000| Untracked 
|  85|0x00000000a7100000, 0x00000000a7100000, 0x00000000a7200000|  0%| F|  |TAMS 0x00000000a7100000, 0x00000000a7100000| Untracked 
|  86|0x00000000a7200000, 0x00000000a7200000, 0x00000000a7300000|  0%| F|  |TAMS 0x00000000a7200000, 0x00000000a7200000| Untracked 
|  87|0x00000000a7300000, 0x00000000a7300000, 0x00000000a7400000|  0%| F|  |TAMS 0x00000000a7300000, 0x00000000a7300000| Untracked 
|  88|0x00000000a7400000, 0x00000000a7400000, 0x00000000a7500000|  0%| F|  |TAMS 0x00000000a7400000, 0x00000000a7400000| Untracked 
|  89|0x00000000a7500000, 0x00000000a7500000, 0x00000000a7600000|  0%| F|  |TAMS 0x00000000a7500000, 0x00000000a7500000| Untracked 
|  90|0x00000000a7600000, 0x00000000a7600000, 0x00000000a7700000|  0%| F|  |TAMS 0x00000000a7600000, 0x00000000a7600000| Untracked 
|  91|0x00000000a7700000, 0x00000000a7700000, 0x00000000a7800000|  0%| F|  |TAMS 0x00000000a7700000, 0x00000000a7700000| Untracked 
|  92|0x00000000a7800000, 0x00000000a7800000, 0x00000000a7900000|  0%| F|  |TAMS 0x00000000a7800000, 0x00000000a7800000| Untracked 
|  93|0x00000000a7900000, 0x00000000a7900000, 0x00000000a7a00000|  0%| F|  |TAMS 0x00000000a7900000, 0x00000000a7900000| Untracked 
|  94|0x00000000a7a00000, 0x00000000a7a00000, 0x00000000a7b00000|  0%| F|  |TAMS 0x00000000a7a00000, 0x00000000a7a00000| Untracked 
|  95|0x00000000a7b00000, 0x00000000a7b00000, 0x00000000a7c00000|  0%| F|  |TAMS 0x00000000a7b00000, 0x00000000a7b00000| Untracked 

Card table byte_map: [0x000001b6b2390000,0x000001b6b2690000] _byte_map_base: 0x000001b6b1e82000

Marking Bits (Prev, Next): (CMBitMap*) 0x000001b69ae4b9c0, (CMBitMap*) 0x000001b69ae4ba00
 Prev Bits: [0x000001b6b2990000, 0x000001b6b4120000)
 Next Bits: [0x000001b6b4120000, 0x000001b6b58b0000)

Polling page: 0x000001b698cf0000

Metaspace:

Usage:
  Non-class:     31.99 MB used.
      Class:      4.38 MB used.
       Both:     36.37 MB used.

Virtual space:
  Non-class space:       64.00 MB reserved,      32.31 MB ( 50%) committed,  1 nodes.
      Class space:        1.00 GB reserved,       4.75 MB ( <1%) committed,  1 nodes.
             Both:        1.06 GB reserved,      37.06 MB (  3%) committed. 

Chunk freelists:
   Non-Class:  2.41 MB
       Class:  3.27 MB
        Both:  5.67 MB

MaxMetaspaceSize: unlimited
CompressedClassSpaceSize: 1.00 GB
Initial GC threshold: 21.00 MB
Current GC threshold: 58.69 MB
CDS: on
MetaspaceReclaimPolicy: balanced
 - commit_granule_bytes: 65536.
 - commit_granule_words: 8192.
 - virtual_space_node_default_size: 8388608.
 - enlarge_chunks_in_place: 1.
 - new_chunks_are_fully_committed: 0.
 - uncommit_free_chunks: 1.
 - use_allocation_guard: 0.


Internal statistics:

num_allocs_failed_limit: 6.
num_arena_births: 1196.
num_arena_deaths: 0.
num_vsnodes_births: 2.
num_vsnodes_deaths: 0.
num_space_committed: 591.
num_space_uncommitted: 0.
num_chunks_returned_to_freelist: 6.
num_chunks_taken_from_freelist: 2744.
num_chunk_merges: 6.
num_chunk_splits: 1965.
num_chunks_enlarged: 1361.
num_inconsistent_stats: 0.

CodeHeap 'non-profiled nmethods': size=120000Kb used=1680Kb max_used=1680Kb free=118319Kb
 bounds [0x000001b6aa830000, 0x000001b6aaaa0000, 0x000001b6b1d60000]
CodeHeap 'profiled nmethods': size=120000Kb used=8111Kb max_used=8111Kb free=111888Kb
 bounds [0x000001b6a2d60000, 0x000001b6a3550000, 0x000001b6aa290000]
CodeHeap 'non-nmethods': size=5760Kb used=1364Kb max_used=1386Kb free=4395Kb
 bounds [0x000001b6aa290000, 0x000001b6aa500000, 0x000001b6aa830000]
 total_blobs=4608 nmethods=4016 adapters=502
 compilation: enabled
              stopped_count=0, restarted_count=0
 full_count=0

Compilation events (20 events):
Event: 13.500 Thread 0x000001b6b82ce0e0 4033  s    2       java.io.ByteArrayOutputStream::toByteArray (12 bytes)
Event: 13.501 Thread 0x000001b6b82ce0e0 nmethod 4033 0x000001b6a3544290 code [0x000001b6a3544440, 0x000001b6a3544628]
Event: 13.501 Thread 0x000001b6b82ce0e0 4034       1       org.jetbrains.kotlin.load.kotlin.JvmPackagePartSource::getClassName (5 bytes)
Event: 13.501 Thread 0x000001b6b82ce0e0 nmethod 4034 0x000001b6aa9d3e90 code [0x000001b6aa9d4020, 0x000001b6aa9d40d8]
Event: 13.501 Thread 0x000001b6b82ce0e0 4035       2       org.jetbrains.kotlin.load.kotlin.DeserializedDescriptorResolver::getComponents (17 bytes)
Event: 13.502 Thread 0x000001b6b82ce0e0 nmethod 4035 0x000001b6a3544710 code [0x000001b6a3544920, 0x000001b6a3544d38]
Event: 13.502 Thread 0x000001b6b82ce0e0 4036       2       org.jetbrains.kotlin.load.kotlin.header.KotlinClassHeader::has (12 bytes)
Event: 13.502 Thread 0x000001b6b82ce0e0 nmethod 4036 0x000001b6a3545010 code [0x000001b6a35451a0, 0x000001b6a35452b8]
Event: 13.502 Thread 0x000001b6b82ce0e0 4037       2       org.jetbrains.kotlin.serialization.deserialization.DeserializationContext::<init> (170 bytes)
Event: 13.507 Thread 0x000001b6b82ce0e0 nmethod 4037 0x000001b6a3545390 code [0x000001b6a35457c0, 0x000001b6a3546b68]
Event: 13.507 Thread 0x000001b6b82ce0e0 4041       2       org.jetbrains.kotlin.protobuf.CodedInputStream::readRawVarint64 (305 bytes)
Event: 13.508 Thread 0x000001b6b82ce0e0 nmethod 4041 0x000001b6a3547610 code [0x000001b6a35477e0, 0x000001b6a3547ce8]
Event: 13.508 Thread 0x000001b6b82ce0e0 4038       2       kotlin.properties.ObservableProperty::getValue (11 bytes)
Event: 13.509 Thread 0x000001b6b82ce0e0 nmethod 4038 0x000001b6a3547e90 code [0x000001b6a3548060, 0x000001b6a3548318]
Event: 13.509 Thread 0x000001b6b82ce0e0 4039       2       org.jetbrains.kotlin.metadata.deserialization.TypeTable::<init> (210 bytes)
Event: 13.512 Thread 0x000001b6b82ce0e0 nmethod 4039 0x000001b6a3548510 code [0x000001b6a3548820, 0x000001b6a35493e8]
Event: 13.512 Thread 0x000001b6b82ce0e0 4042       2       org.jetbrains.kotlin.serialization.deserialization.descriptors.DeserializedMemberScope$OptimizedImplementation::packToByteArray (262 bytes)
Event: 13.514 Thread 0x000001b6b82ce0e0 nmethod 4042 0x000001b6a3549c90 code [0x000001b6a3549fe0, 0x000001b6a354abc8]
Event: 13.519 Thread 0x000001b6b82ce0e0 4047  s    2       java.io.ByteArrayInputStream::read (73 bytes)
Event: 13.519 Thread 0x000001b6b82ce0e0 nmethod 4047 0x000001b6a354b610 code [0x000001b6a354b7e0, 0x000001b6a354bbf8]

GC Heap History (20 events):
Event: 3.215 GC heap after
{Heap after GC invocations=1 (full 0):
 garbage-first heap   total 98304K, used 7040K [0x00000000a1c00000, 0x0000000100000000)
  region size 1024K, 3 young (3072K), 3 survivors (3072K)
 Metaspace       used 7026K, committed 7168K, reserved 1114112K
  class space    used 712K, committed 768K, reserved 1048576K
}
Event: 5.592 GC heap before
{Heap before GC invocations=1 (full 0):
 garbage-first heap   total 98304K, used 40832K [0x00000000a1c00000, 0x0000000100000000)
  region size 1024K, 35 young (35840K), 3 survivors (3072K)
 Metaspace       used 15440K, committed 15680K, reserved 1114112K
  class space    used 1972K, committed 2048K, reserved 1048576K
}
Event: 5.609 GC heap after
{Heap after GC invocations=2 (full 0):
 garbage-first heap   total 98304K, used 12414K [0x00000000a1c00000, 0x0000000100000000)
  region size 1024K, 4 young (4096K), 4 survivors (4096K)
 Metaspace       used 15440K, committed 15680K, reserved 1114112K
  class space    used 1972K, committed 2048K, reserved 1048576K
}
Event: 6.995 GC heap before
{Heap before GC invocations=2 (full 0):
 garbage-first heap   total 98304K, used 40062K [0x00000000a1c00000, 0x0000000100000000)
  region size 1024K, 32 young (32768K), 4 survivors (4096K)
 Metaspace       used 21323K, committed 21504K, reserved 1114112K
  class space    used 2786K, committed 2880K, reserved 1048576K
}
Event: 7.015 GC heap after
{Heap after GC invocations=3 (full 0):
 garbage-first heap   total 98304K, used 14681K [0x00000000a1c00000, 0x0000000100000000)
  region size 1024K, 8 young (8192K), 8 survivors (8192K)
 Metaspace       used 21323K, committed 21504K, reserved 1114112K
  class space    used 2786K, committed 2880K, reserved 1048576K
}
Event: 8.288 GC heap before
{Heap before GC invocations=4 (full 0):
 garbage-first heap   total 55296K, used 39257K [0x00000000a1c00000, 0x0000000100000000)
  region size 1024K, 32 young (32768K), 8 survivors (8192K)
 Metaspace       used 26278K, committed 26496K, reserved 1114112K
  class space    used 3227K, committed 3328K, reserved 1048576K
}
Event: 8.317 GC heap after
{Heap after GC invocations=5 (full 0):
 garbage-first heap   total 55296K, used 17403K [0x00000000a1c00000, 0x0000000100000000)
  region size 1024K, 3 young (3072K), 3 survivors (3072K)
 Metaspace       used 26278K, committed 26496K, reserved 1114112K
  class space    used 3227K, committed 3328K, reserved 1048576K
}
Event: 8.372 GC heap before
{Heap before GC invocations=5 (full 0):
 garbage-first heap   total 55296K, used 18427K [0x00000000a1c00000, 0x0000000100000000)
  region size 1024K, 4 young (4096K), 3 survivors (3072K)
 Metaspace       used 26401K, committed 26624K, reserved 1114112K
  class space    used 3244K, committed 3328K, reserved 1048576K
}
Event: 8.384 GC heap after
{Heap after GC invocations=6 (full 0):
 garbage-first heap   total 55296K, used 18103K [0x00000000a1c00000, 0x0000000100000000)
  region size 1024K, 1 young (1024K), 1 survivors (1024K)
 Metaspace       used 26401K, committed 26624K, reserved 1114112K
  class space    used 3244K, committed 3328K, reserved 1048576K
}
Event: 9.318 GC heap before
{Heap before GC invocations=6 (full 0):
 garbage-first heap   total 55296K, used 38583K [0x00000000a1c00000, 0x0000000100000000)
  region size 1024K, 22 young (22528K), 1 survivors (1024K)
 Metaspace       used 29255K, committed 29888K, reserved 1114112K
  class space    used 3650K, committed 3968K, reserved 1048576K
}
Event: 9.325 GC heap after
{Heap after GC invocations=7 (full 0):
 garbage-first heap   total 55296K, used 18912K [0x00000000a1c00000, 0x0000000100000000)
  region size 1024K, 2 young (2048K), 2 survivors (2048K)
 Metaspace       used 29255K, committed 29888K, reserved 1114112K
  class space    used 3650K, committed 3968K, reserved 1048576K
}
Event: 10.717 GC heap before
{Heap before GC invocations=7 (full 0):
 garbage-first heap   total 55296K, used 39392K [0x00000000a1c00000, 0x0000000100000000)
  region size 1024K, 23 young (23552K), 2 survivors (2048K)
 Metaspace       used 33540K, committed 34304K, reserved 1114112K
  class space    used 4091K, committed 4480K, reserved 1048576K
}
Event: 10.728 GC heap after
{Heap after GC invocations=8 (full 0):
 garbage-first heap   total 55296K, used 22162K [0x00000000a1c00000, 0x0000000100000000)
  region size 1024K, 3 young (3072K), 3 survivors (3072K)
 Metaspace       used 33540K, committed 34304K, reserved 1114112K
  class space    used 4091K, committed 4480K, reserved 1048576K
}
Event: 11.313 GC heap before
{Heap before GC invocations=8 (full 0):
 garbage-first heap   total 55296K, used 29330K [0x00000000a1c00000, 0x0000000100000000)
  region size 1024K, 10 young (10240K), 3 survivors (3072K)
 Metaspace       used 35202K, committed 35968K, reserved 1114112K
  class space    used 4289K, committed 4672K, reserved 1048576K
}
Event: 11.323 GC heap after
{Heap after GC invocations=9 (full 0):
 garbage-first heap   total 55296K, used 25268K [0x00000000a1c00000, 0x0000000100000000)
  region size 1024K, 1 young (1024K), 1 survivors (1024K)
 Metaspace       used 35202K, committed 35968K, reserved 1114112K
  class space    used 4289K, committed 4672K, reserved 1048576K
}
Event: 13.394 GC heap before
{Heap before GC invocations=10 (full 0):
 garbage-first heap   total 55296K, used 42676K [0x00000000a1c00000, 0x0000000100000000)
  region size 1024K, 18 young (18432K), 1 survivors (1024K)
 Metaspace       used 37173K, committed 37888K, reserved 1114112K
  class space    used 4484K, committed 4864K, reserved 1048576K
}
Event: 13.408 GC heap after
{Heap after GC invocations=11 (full 0):
 garbage-first heap   total 55296K, used 28672K [0x00000000a1c00000, 0x0000000100000000)
  region size 1024K, 3 young (3072K), 3 survivors (3072K)
 Metaspace       used 37173K, committed 37888K, reserved 1114112K
  class space    used 4484K, committed 4864K, reserved 1048576K
}
Event: 13.421 GC heap before
{Heap before GC invocations=11 (full 0):
 garbage-first heap   total 55296K, used 29696K [0x00000000a1c00000, 0x0000000100000000)
  region size 1024K, 4 young (4096K), 3 survivors (3072K)
 Metaspace       used 37177K, committed 37888K, reserved 1114112K
  class space    used 4484K, committed 4864K, reserved 1048576K
}
Event: 13.431 GC heap after
{Heap after GC invocations=12 (full 0):
 garbage-first heap   total 55296K, used 28754K [0x00000000a1c00000, 0x0000000100000000)
  region size 1024K, 1 young (1024K), 1 survivors (1024K)
 Metaspace       used 37177K, committed 37888K, reserved 1114112K
  class space    used 4484K, committed 4864K, reserved 1048576K
}
Event: 13.527 GC heap before
{Heap before GC invocations=12 (full 0):
 garbage-first heap   total 55296K, used 42066K [0x00000000a1c00000, 0x0000000100000000)
  region size 1024K, 14 young (14336K), 1 survivors (1024K)
 Metaspace       used 37241K, committed 37952K, reserved 1114112K
  class space    used 4484K, committed 4864K, reserved 1048576K
}

Dll operation events (7 events):
Event: 0.046 Loaded shared library C:\Program Files\Java\jdk-19\bin\java.dll
Event: 0.113 Loaded shared library C:\Program Files\Java\jdk-19\bin\jsvml.dll
Event: 0.385 Loaded shared library C:\Program Files\Java\jdk-19\bin\net.dll
Event: 0.397 Loaded shared library C:\Program Files\Java\jdk-19\bin\nio.dll
Event: 0.778 Loaded shared library C:\Program Files\Java\jdk-19\bin\zip.dll
Event: 0.991 Loaded shared library C:\Program Files\Java\jdk-19\bin\jimage.dll
Event: 4.362 Loaded shared library C:\Program Files\Java\jdk-19\bin\verify.dll

Deoptimization events (20 events):
Event: 13.145 Thread 0x000001b69adf99b0 Uncommon trap: trap_request=0xffffffc6 fr.pc=0x000001b6aa9adc28 relative=0x0000000000000108
Event: 13.145 Thread 0x000001b69adf99b0 Uncommon trap: reason=bimorphic_or_optimized_type_check action=maybe_recompile pc=0x000001b6aa9adc28 method=org.jetbrains.kotlin.com.intellij.psi.impl.source.tree.SharedImplUtil.findFileElement(Lorg/jetbrains/kotlin/com/intellij/lang/ASTNode;)Lorg/jetbrai
Event: 13.145 Thread 0x000001b69adf99b0 DEOPT PACKING pc=0x000001b6aa9adc28 sp=0x0000002fbc5fd1d0
Event: 13.145 Thread 0x000001b69adf99b0 DEOPT UNPACKING pc=0x000001b6aa2f6da3 sp=0x0000002fbc5fd168 mode 2
Event: 13.145 Thread 0x000001b69adf99b0 Uncommon trap: trap_request=0xffffffc6 fr.pc=0x000001b6aa9adc28 relative=0x0000000000000108
Event: 13.145 Thread 0x000001b69adf99b0 Uncommon trap: reason=bimorphic_or_optimized_type_check action=maybe_recompile pc=0x000001b6aa9adc28 method=org.jetbrains.kotlin.com.intellij.psi.impl.source.tree.SharedImplUtil.findFileElement(Lorg/jetbrains/kotlin/com/intellij/lang/ASTNode;)Lorg/jetbrai
Event: 13.145 Thread 0x000001b69adf99b0 DEOPT PACKING pc=0x000001b6aa9adc28 sp=0x0000002fbc5fd1d0
Event: 13.145 Thread 0x000001b69adf99b0 DEOPT UNPACKING pc=0x000001b6aa2f6da3 sp=0x0000002fbc5fd168 mode 2
Event: 13.145 Thread 0x000001b69adf99b0 Uncommon trap: trap_request=0xffffffc6 fr.pc=0x000001b6aa9adc28 relative=0x0000000000000108
Event: 13.145 Thread 0x000001b69adf99b0 Uncommon trap: reason=bimorphic_or_optimized_type_check action=maybe_recompile pc=0x000001b6aa9adc28 method=org.jetbrains.kotlin.com.intellij.psi.impl.source.tree.SharedImplUtil.findFileElement(Lorg/jetbrains/kotlin/com/intellij/lang/ASTNode;)Lorg/jetbrai
Event: 13.145 Thread 0x000001b69adf99b0 DEOPT PACKING pc=0x000001b6aa9adc28 sp=0x0000002fbc5fd1d0
Event: 13.145 Thread 0x000001b69adf99b0 DEOPT UNPACKING pc=0x000001b6aa2f6da3 sp=0x0000002fbc5fd168 mode 2
Event: 13.236 Thread 0x000001b69adf99b0 Uncommon trap: trap_request=0xffffffde fr.pc=0x000001b6aa96e708 relative=0x00000000000002a8
Event: 13.236 Thread 0x000001b69adf99b0 Uncommon trap: reason=class_check action=maybe_recompile pc=0x000001b6aa96e708 method=org.jetbrains.kotlin.com.intellij.psi.impl.source.tree.TreeElement.rawRemoveUpToWithoutNotifications(Lorg/jetbrains/kotlin/com/intellij/psi/impl/source/tree/TreeElement;
Event: 13.236 Thread 0x000001b69adf99b0 DEOPT PACKING pc=0x000001b6aa96e708 sp=0x0000002fbc5fd2a0
Event: 13.236 Thread 0x000001b69adf99b0 DEOPT UNPACKING pc=0x000001b6aa2f6da3 sp=0x0000002fbc5fd240 mode 2
Event: 13.317 Thread 0x000001b69adf99b0 DEOPT PACKING pc=0x000001b6a2fc3857 sp=0x0000002fbc5fb8f0
Event: 13.317 Thread 0x000001b69adf99b0 DEOPT UNPACKING pc=0x000001b6aa2f7543 sp=0x0000002fbc5fad70 mode 0
Event: 13.354 Thread 0x000001b69adf99b0 DEOPT PACKING pc=0x000001b6a2f2e63e sp=0x0000002fbc5fbc10
Event: 13.354 Thread 0x000001b69adf99b0 DEOPT UNPACKING pc=0x000001b6aa2f7543 sp=0x0000002fbc5fb088 mode 0

Classes loaded (20 events):
Event: 10.504 Loading class java/lang/annotation/ElementType
Event: 10.504 Loading class java/lang/annotation/ElementType done
Event: 10.504 Loading class java/lang/Override
Event: 10.505 Loading class java/lang/Override done
Event: 10.770 Loading class java/util/AbstractList$ListItr
Event: 10.771 Loading class java/util/AbstractList$ListItr done
Event: 10.821 Loading class java/io/InvalidObjectException
Event: 10.822 Loading class java/io/InvalidObjectException done
Event: 10.842 Loading class java/util/ArrayList$SubList$1
Event: 10.843 Loading class java/util/ArrayList$SubList$1 done
Event: 10.894 Loading class java/util/stream/IntPipeline$1
Event: 10.895 Loading class java/util/stream/IntPipeline$1 done
Event: 10.898 Loading class java/util/stream/IntPipeline$1$1
Event: 10.899 Loading class java/util/stream/IntPipeline$1$1 done
Event: 10.950 Loading class java/util/AbstractList$SubList$1
Event: 10.952 Loading class java/util/AbstractList$SubList$1 done
Event: 11.193 Loading class java/text/StringCharacterIterator
Event: 11.197 Loading class java/text/CharacterIterator
Event: 11.198 Loading class java/text/CharacterIterator done
Event: 11.198 Loading class java/text/StringCharacterIterator done

Classes unloaded (0 events):
No events

Classes redefined (0 events):
No events

Internal exceptions (20 events):
Event: 9.036 Thread 0x000001b69adf99b0 Exception <a 'java/lang/NoSuchMethodError'{0x00000000a42b1808}: 'java.lang.Object java.lang.invoke.DirectMethodHandle$Holder.newInvokeSpecial(java.lang.Object, java.lang.Object, java.lang.Object, java.lang.Object, java.lang.Object, java.lang.Object, java.lang.Object, java.lang.Object, java.lang.Object, java.lang.Object, java.lang.Object, java.lang.Object, java.lang.Object, java.lang.Object, java.lang.Object, java.lang.Object)'> (0x00000000a42b1808) 
thrown [s\open\src\hotspot\share\interpreter\linkResolver
Event: 9.037 Thread 0x000001b69adf99b0 Exception <a 'java/lang/NoSuchMethodError'{0x00000000a42b7248}: 'java.lang.Object java.lang.invoke.DirectMethodHandle$Holder.invokeSpecial(java.lang.Object, java.lang.Object, java.lang.Object, java.lang.Object, java.lang.Object, java.lang.Object, java.lang.Object, java.lang.Object, java.lang.Object, java.lang.Object, java.lang.Object, java.lang.Object, java.lang.Object, java.lang.Object, java.lang.Object, java.lang.Object, java.lang.Object)'> (0x00000000a42b7248) 
thrown [s\open\src\hotspot\share\interpret
Event: 9.038 Thread 0x000001b69adf99b0 Exception <a 'java/lang/NoSuchMethodError'{0x00000000a42bbe48}: 'java.lang.Object java.lang.invoke.DelegatingMethodHandle$Holder.reinvoke_L(java.lang.Object, java.lang.Object, java.lang.Object, java.lang.Object, java.lang.Object, java.lang.Object, java.lang.Object, java.lang.Object, java.lang.Object, java.lang.Object, java.lang.Object, java.lang.Object, java.lang.Object, java.lang.Object, java.lang.Object, java.lang.Object)'> (0x00000000a42bbe48) 
thrown [s\open\src\hotspot\share\interpreter\linkResolver.c
Event: 9.069 Thread 0x000001b69adf99b0 Exception <a 'java/lang/NoSuchMethodError'{0x00000000a414b498}: 'java.lang.Object java.lang.invoke.DirectMethodHandle$Holder.newInvokeSpecial(java.lang.Object, java.lang.Object, java.lang.Object, java.lang.Object, java.lang.Object, java.lang.Object, java.lang.Object, java.lang.Object, java.lang.Object, java.lang.Object, java.lang.Object, java.lang.Object, java.lang.Object, java.lang.Object, java.lang.Object, java.lang.Object, java.lang.Object, java.lang.Object)'> (0x00000000a414b498) 
thrown [s\open\src\ho
Event: 9.069 Thread 0x000001b69adf99b0 Exception <a 'java/lang/NoSuchMethodError'{0x00000000a41512c8}: 'java.lang.Object java.lang.invoke.DirectMethodHandle$Holder.invokeSpecial(java.lang.Object, java.lang.Object, java.lang.Object, java.lang.Object, java.lang.Object, java.lang.Object, java.lang.Object, java.lang.Object, java.lang.Object, java.lang.Object, java.lang.Object, java.lang.Object, java.lang.Object, java.lang.Object, java.lang.Object, java.lang.Object, java.lang.Object, java.lang.Object, java.lang.Object)'> (0x00000000a41512c8) 
thrown
Event: 9.070 Thread 0x000001b69adf99b0 Exception <a 'java/lang/NoSuchMethodError'{0x00000000a4156470}: 'java.lang.Object java.lang.invoke.DelegatingMethodHandle$Holder.reinvoke_L(java.lang.Object, java.lang.Object, java.lang.Object, java.lang.Object, java.lang.Object, java.lang.Object, java.lang.Object, java.lang.Object, java.lang.Object, java.lang.Object, java.lang.Object, java.lang.Object, java.lang.Object, java.lang.Object, java.lang.Object, java.lang.Object, java.lang.Object, java.lang.Object)'> (0x00000000a4156470) 
thrown [s\open\src\hots
Event: 9.087 Thread 0x000001b69adf99b0 Exception <a 'java/lang/NoSuchMethodError'{0x00000000a41e13b0}: 'java.lang.Object java.lang.invoke.DirectMethodHandle$Holder.newInvokeSpecial(java.lang.Object, java.lang.Object, java.lang.Object, java.lang.Object, java.lang.Object, java.lang.Object, java.lang.Object, java.lang.Object, java.lang.Object, java.lang.Object, java.lang.Object, java.lang.Object, java.lang.Object, java.lang.Object, java.lang.Object, java.lang.Object, java.lang.Object, java.lang.Object, java.lang.Object, java.lang.Object, java.lang
Event: 9.089 Thread 0x000001b69adf99b0 Exception <a 'java/lang/NoSuchMethodError'{0x00000000a41e8460}: 'java.lang.Object java.lang.invoke.DirectMethodHandle$Holder.invokeSpecial(java.lang.Object, java.lang.Object, java.lang.Object, java.lang.Object, java.lang.Object, java.lang.Object, java.lang.Object, java.lang.Object, java.lang.Object, java.lang.Object, java.lang.Object, java.lang.Object, java.lang.Object, java.lang.Object, java.lang.Object, java.lang.Object, java.lang.Object, java.lang.Object, java.lang.Object, java.lang.Object, java.lang.Ob
Event: 9.089 Thread 0x000001b69adf99b0 Exception <a 'java/lang/NoSuchMethodError'{0x00000000a41ee128}: 'java.lang.Object java.lang.invoke.DelegatingMethodHandle$Holder.reinvoke_L(java.lang.Object, java.lang.Object, java.lang.Object, java.lang.Object, java.lang.Object, java.lang.Object, java.lang.Object, java.lang.Object, java.lang.Object, java.lang.Object, java.lang.Object, java.lang.Object, java.lang.Object, java.lang.Object, java.lang.Object, java.lang.Object, java.lang.Object, java.lang.Object, java.lang.Object, java.lang.Object, java.lang.O
Event: 9.102 Thread 0x000001b69adf99b0 Exception <a 'java/lang/NoSuchMethodError'{0x00000000a40bf8b8}: 'java.lang.Object java.lang.invoke.DirectMethodHandle$Holder.invokeStatic(java.lang.Object, java.lang.Object, java.lang.Object, java.lang.Object, java.lang.Object, java.lang.Object, java.lang.Object, java.lang.Object, java.lang.Object, java.lang.Object, java.lang.Object, java.lang.Object, java.lang.Object, java.lang.Object, java.lang.Object, java.lang.Object, java.lang.Object, java.lang.Object, java.lang.Object, java.lang.Object, java.lang.Obj
Event: 9.105 Thread 0x000001b69adf99b0 Exception <a 'java/lang/NoSuchMethodError'{0x00000000a40f23e0}: 'java.lang.Object java.lang.invoke.DirectMethodHandle$Holder.invokeStatic(java.lang.Object, java.lang.Object, java.lang.Object, java.lang.Object, java.lang.Object, java.lang.Object, java.lang.Object, java.lang.Object, java.lang.Object, java.lang.Object, java.lang.Object, java.lang.Object, java.lang.Object, java.lang.Object, java.lang.Object, java.lang.Object, java.lang.Object, java.lang.Object, java.lang.Object, java.lang.Object, java.lang.Obj
Event: 9.154 Thread 0x000001b69adf99b0 Exception <a 'java/lang/NoSuchMethodError'{0x00000000a3f5dca0}: 'java.lang.Object java.lang.invoke.DirectMethodHandle$Holder.newInvokeSpecial(java.lang.Object, java.lang.Object, java.lang.Object, java.lang.Object, java.lang.Object, java.lang.Object, java.lang.Object, java.lang.Object, java.lang.Object, java.lang.Object, java.lang.Object, java.lang.Object, java.lang.Object)'> (0x00000000a3f5dca0) 
thrown [s\open\src\hotspot\share\interpreter\linkResolver.cpp, line 774]
Event: 9.155 Thread 0x000001b69adf99b0 Exception <a 'java/lang/NoSuchMethodError'{0x00000000a3f63100}: 'java.lang.Object java.lang.invoke.DirectMethodHandle$Holder.invokeSpecial(java.lang.Object, java.lang.Object, java.lang.Object, java.lang.Object, java.lang.Object, java.lang.Object, java.lang.Object, java.lang.Object, java.lang.Object, java.lang.Object, java.lang.Object, java.lang.Object, java.lang.Object, java.lang.Object)'> (0x00000000a3f63100) 
thrown [s\open\src\hotspot\share\interpreter\linkResolver.cpp, line 774]
Event: 9.155 Thread 0x000001b69adf99b0 Exception <a 'java/lang/NoSuchMethodError'{0x00000000a3f678c0}: 'java.lang.Object java.lang.invoke.DelegatingMethodHandle$Holder.reinvoke_L(java.lang.Object, java.lang.Object, java.lang.Object, java.lang.Object, java.lang.Object, java.lang.Object, java.lang.Object, java.lang.Object, java.lang.Object, java.lang.Object, java.lang.Object, java.lang.Object, java.lang.Object)'> (0x00000000a3f678c0) 
thrown [s\open\src\hotspot\share\interpreter\linkResolver.cpp, line 774]
Event: 9.523 Thread 0x000001b69adf99b0 Exception <a 'java/lang/NoSuchMethodError'{0x00000000a5da52a0}: 'java.lang.Object java.lang.invoke.DirectMethodHandle$Holder.newInvokeSpecial(java.lang.Object, java.lang.Object, int)'> (0x00000000a5da52a0) 
thrown [s\open\src\hotspot\share\interpreter\linkResolver.cpp, line 774]
Event: 9.878 Thread 0x000001b69adf99b0 Implicit null exception at 0x000001b6aa95484c to 0x000001b6aa95492c
Event: 10.146 Thread 0x000001b69adf99b0 Exception <a 'java/lang/NoSuchMethodError'{0x00000000a45bc808}: 'java.lang.Object java.lang.invoke.DirectMethodHandle$Holder.newInvokeSpecial(java.lang.Object, java.lang.Object, java.lang.Object, int)'> (0x00000000a45bc808) 
thrown [s\open\src\hotspot\share\interpreter\linkResolver.cpp, line 774]
Event: 10.147 Thread 0x000001b69adf99b0 Exception <a 'java/lang/NoSuchMethodError'{0x00000000a45c0bd8}: 'java.lang.Object java.lang.invoke.DirectMethodHandle$Holder.invokeSpecial(java.lang.Object, java.lang.Object, java.lang.Object, java.lang.Object, int)'> (0x00000000a45c0bd8) 
thrown [s\open\src\hotspot\share\interpreter\linkResolver.cpp, line 774]
Event: 10.148 Thread 0x000001b69adf99b0 Exception <a 'java/lang/NoSuchMethodError'{0x00000000a45c45a0}: 'java.lang.Object java.lang.invoke.Invokers$Holder.linkToTargetMethod(java.lang.Object, java.lang.Object, int, java.lang.Object)'> (0x00000000a45c45a0) 
thrown [s\open\src\hotspot\share\interpreter\linkResolver.cpp, line 774]
Event: 13.078 Thread 0x000001b69adf99b0 Implicit null exception at 0x000001b6aa88779e to 0x000001b6aa887950

VM Operations (20 events):
Event: 11.131 Executing VM operation: HandshakeAllThreads done
Event: 11.136 Executing VM operation: ICBufferFull
Event: 11.136 Executing VM operation: ICBufferFull done
Event: 11.313 Executing VM operation: CollectForMetadataAllocation
Event: 11.323 Executing VM operation: CollectForMetadataAllocation done
Event: 11.355 Executing VM operation: G1PauseRemark
Event: 11.362 Executing VM operation: G1PauseRemark done
Event: 11.370 Executing VM operation: G1PauseCleanup
Event: 11.371 Executing VM operation: G1PauseCleanup done
Event: 12.381 Executing VM operation: Cleanup
Event: 12.382 Executing VM operation: Cleanup done
Event: 12.951 Executing VM operation: HandshakeAllThreads
Event: 12.951 Executing VM operation: HandshakeAllThreads done
Event: 13.315 Executing VM operation: ICBufferFull
Event: 13.315 Executing VM operation: ICBufferFull done
Event: 13.394 Executing VM operation: G1CollectForAllocation
Event: 13.408 Executing VM operation: G1CollectForAllocation done
Event: 13.421 Executing VM operation: G1CollectForAllocation
Event: 13.431 Executing VM operation: G1CollectForAllocation done
Event: 13.527 Executing VM operation: G1CollectForAllocation

Events (12 events):
Event: 0.113 Thread 0x000001b69adf99b0 Thread added: 0x000001b69adf99b0
Event: 0.244 Thread 0x000001b6b82c4c30 Thread added: 0x000001b6b82c4c30
Event: 0.244 Thread 0x000001b6b82c5bc0 Thread added: 0x000001b6b82c5bc0
Event: 0.246 Thread 0x000001b6b82c7c70 Thread added: 0x000001b6b82c7c70
Event: 0.246 Thread 0x000001b6b82ca5b0 Thread added: 0x000001b6b82ca5b0
Event: 0.247 Thread 0x000001b6b82caee0 Thread added: 0x000001b6b82caee0
Event: 0.247 Thread 0x000001b6b82cc020 Thread added: 0x000001b6b82cc020
Event: 0.247 Thread 0x000001b6b82ccc80 Thread added: 0x000001b6b82ccc80
Event: 0.249 Thread 0x000001b6b82ce0e0 Thread added: 0x000001b6b82ce0e0
Event: 0.249 Thread 0x000001b6b82d1010 Thread added: 0x000001b6b82d1010
Event: 0.356 Thread 0x000001b6bc5c24d0 Thread added: 0x000001b6bc5c24d0
Event: 0.370 Thread 0x000001b6bc5d0920 Thread added: 0x000001b6bc5d0920


Dynamic libraries:
0x00007ff79fef0000 - 0x00007ff79ff00000 	C:\Program Files\Java\jdk-19\bin\java.exe
0x00007ff923750000 - 0x00007ff923948000 	C:\Windows\SYSTEM32\ntdll.dll
0x00007ff9225b0000 - 0x00007ff92266d000 	C:\Windows\System32\KERNEL32.DLL
0x00007ff921230000 - 0x00007ff921526000 	C:\Windows\System32\KERNELBASE.dll
0x00007ff920fa0000 - 0x00007ff9210a0000 	C:\Windows\System32\ucrtbase.dll
0x00007ff91c180000 - 0x00007ff91c198000 	C:\Program Files\Java\jdk-19\bin\jli.dll
0x00007ff923660000 - 0x00007ff923710000 	C:\Windows\System32\ADVAPI32.dll
0x00007ff922820000 - 0x00007ff9228be000 	C:\Windows\System32\msvcrt.dll
0x00007ff922330000 - 0x00007ff9223d0000 	C:\Windows\System32\sechost.dll
0x00007ff923460000 - 0x00007ff923583000 	C:\Windows\System32\RPCRT4.dll
0x00007ff9210a0000 - 0x00007ff9210c7000 	C:\Windows\System32\bcrypt.dll
0x00007ff91c0b0000 - 0x00007ff91c0cb000 	C:\Program Files\Java\jdk-19\bin\VCRUNTIME140.dll
0x00007ff921d50000 - 0x00007ff921eef000 	C:\Windows\System32\USER32.dll
0x00007ff921530000 - 0x00007ff921552000 	C:\Windows\System32\win32u.dll
0x00007ff922780000 - 0x00007ff9227ab000 	C:\Windows\System32\GDI32.dll
0x00007ff920e80000 - 0x00007ff920f97000 	C:\Windows\System32\gdi32full.dll
0x00007ff90ee10000 - 0x00007ff90f0aa000 	C:\Windows\WinSxS\amd64_microsoft.windows.common-controls_6595b64144ccf1df_6.0.19041.4355_none_60b8b9eb71f62e16\COMCTL32.dll
0x00007ff921560000 - 0x00007ff9215fd000 	C:\Windows\System32\msvcp_win.dll
0x00007ff917590000 - 0x00007ff91759a000 	C:\Windows\SYSTEM32\VERSION.dll
0x00007ff9223d0000 - 0x00007ff9223ff000 	C:\Windows\System32\IMM32.DLL
0x00007ff919940000 - 0x00007ff91994c000 	C:\Program Files\Java\jdk-19\bin\vcruntime140_1.dll
0x00007ff8f9960000 - 0x00007ff8f99ee000 	C:\Program Files\Java\jdk-19\bin\msvcp140.dll
0x00007ff8a3250000 - 0x00007ff8a3f10000 	C:\Program Files\Java\jdk-19\bin\server\jvm.dll
0x00007ff911b90000 - 0x00007ff911b99000 	C:\Windows\SYSTEM32\WSOCK32.dll
0x00007ff9227b0000 - 0x00007ff92281b000 	C:\Windows\System32\WS2_32.dll
0x00007ff917560000 - 0x00007ff917587000 	C:\Windows\SYSTEM32\WINMM.dll
0x00007ff91ec90000 - 0x00007ff91eca2000 	C:\Windows\SYSTEM32\kernel.appcore.dll
0x00007ff911b80000 - 0x00007ff911b8a000 	C:\Program Files\Java\jdk-19\bin\jimage.dll
0x00007ff918700000 - 0x00007ff9188e4000 	C:\Windows\SYSTEM32\DBGHELP.DLL
0x00007ff90bc10000 - 0x00007ff90bc44000 	C:\Windows\SYSTEM32\dbgcore.DLL
0x00007ff921700000 - 0x00007ff921782000 	C:\Windows\System32\bcryptPrimitives.dll
0x00007ff90c5b0000 - 0x00007ff90c5d6000 	C:\Program Files\Java\jdk-19\bin\java.dll
0x00007ff8ba300000 - 0x00007ff8ba3d7000 	C:\Program Files\Java\jdk-19\bin\jsvml.dll
0x00007ff922cf0000 - 0x00007ff92345c000 	C:\Windows\System32\SHELL32.dll
0x00007ff91ee90000 - 0x00007ff91f62d000 	C:\Windows\SYSTEM32\windows.storage.dll
0x00007ff921fd0000 - 0x00007ff922323000 	C:\Windows\System32\combase.dll
0x00007ff9207c0000 - 0x00007ff9207ee000 	C:\Windows\SYSTEM32\Wldp.dll
0x00007ff923590000 - 0x00007ff92365d000 	C:\Windows\System32\OLEAUT32.dll
0x00007ff9226d0000 - 0x00007ff92277d000 	C:\Windows\System32\SHCORE.dll
0x00007ff922670000 - 0x00007ff9226c5000 	C:\Windows\System32\shlwapi.dll
0x00007ff920d40000 - 0x00007ff920d64000 	C:\Windows\SYSTEM32\profapi.dll
0x00007ff90c590000 - 0x00007ff90c5a3000 	C:\Program Files\Java\jdk-19\bin\net.dll
0x00007ff9178d0000 - 0x00007ff9179da000 	C:\Windows\SYSTEM32\WINHTTP.dll
0x00007ff920520000 - 0x00007ff92058a000 	C:\Windows\system32\mswsock.dll
0x00007ff90c570000 - 0x00007ff90c586000 	C:\Program Files\Java\jdk-19\bin\nio.dll
0x00007ff8fcea0000 - 0x00007ff8fceb8000 	C:\Program Files\Java\jdk-19\bin\zip.dll
0x00007ff906570000 - 0x00007ff906580000 	C:\Program Files\Java\jdk-19\bin\verify.dll

dbghelp: loaded successfully - version: 4.0.5 - missing functions: none
symbol engine: initialized successfully - sym options: 0x614 - pdb path: .;C:\Program Files\Java\jdk-19\bin;C:\Windows\SYSTEM32;C:\Windows\WinSxS\amd64_microsoft.windows.common-controls_6595b64144ccf1df_6.0.19041.4355_none_60b8b9eb71f62e16;C:\Program Files\Java\jdk-19\bin\server

VM Arguments:
java_command: org.jetbrains.kotlin.cli.jvm.K2JVMCompiler @C:\Users\md mursaleen\Documents\Stock Broker App\StockBrokingApp\node_modules\react-native-gesture-handler\android\build\20240704_9138191874472341081.compiler.options
java_class_path (initial): C:\Users\md mursaleen\.gradle\caches\modules-2\files-2.1\org.jetbrains.kotlin\kotlin-compiler-embeddable\1.9.22\9cd4dc7773cf2a99ecd961a88fbbc9a2da3fb5e1\kotlin-compiler-embeddable-1.9.22.jar;C:\Users\md mursaleen\.gradle\caches\modules-2\files-2.1\org.jetbrains.kotlin\kotlin-stdlib\1.9.22\d6c44cd08d8f3f9bece8101216dbe6553365c6e3\kotlin-stdlib-1.9.22.jar;C:\Users\md mursaleen\.gradle\caches\modules-2\files-2.1\org.jetbrains.kotlin\kotlin-script-runtime\1.9.22\f8139a46fc677ec9badc49ae954392f4f5e7e7c7\kotlin-script-runtime-1.9.22.jar;C:\Users\md mursaleen\.gradle\caches\modules-2\files-2.1\org.jetbrains.kotlin\kotlin-reflect\1.6.10\1cbe9c92c12a94eea200d23c2bbaedaf3daf5132\kotlin-reflect-1.6.10.jar;C:\Users\md mursaleen\.gradle\caches\modules-2\files-2.1\org.jetbrains.kotlin\kotlin-daemon-embeddable\1.9.22\20e2c5df715f3240c765cfc222530e2796542021\kotlin-daemon-embeddable-1.9.22.jar;C:\Users\md mursaleen\.gradle\caches\modules-2\files-2.1\org.jetbrains.intellij.deps\trove4j\1.0.20200330\3afb14d5f9ceb459d724e907a21145e8ff394f02\trove4j-1.0.20200330.jar;C:\Users\md mursaleen\.gradle\caches\modules-2\files-2.1\org.jetbrains\annotations\13.0\919f0dfe192fb4e063e7dacadee7f8bb9a2672a9\annotations-13.0.jar
Launcher Type: SUN_STANDARD

[Global flags]
     intx CICompilerCount                          = 4                                         {product} {ergonomic}
     uint ConcGCThreads                            = 2                                         {product} {ergonomic}
     uint G1ConcRefinementThreads                  = 8                                         {product} {ergonomic}
   size_t G1HeapRegionSize                         = 1048576                                   {product} {ergonomic}
    uintx GCDrainStackTargetSize                   = 64                                        {product} {ergonomic}
   size_t InitialHeapSize                          = 100663296                                 {product} {ergonomic}
   size_t MarkStackSize                            = 4194304                                   {product} {ergonomic}
   size_t MaxHeapSize                              = 1581252608                                {product} {ergonomic}
   size_t MaxNewSize                               = 947912704                                 {product} {ergonomic}
   size_t MinHeapDeltaBytes                        = 1048576                                   {product} {ergonomic}
   size_t MinHeapSize                              = 8388608                                   {product} {ergonomic}
    uintx NonNMethodCodeHeapSize                   = 5839372                                {pd product} {ergonomic}
    uintx NonProfiledCodeHeapSize                  = 122909434                              {pd product} {ergonomic}
    uintx ProfiledCodeHeapSize                     = 122909434                              {pd product} {ergonomic}
    uintx ReservedCodeCacheSize                    = 251658240                              {pd product} {ergonomic}
     bool SegmentedCodeCache                       = true                                      {product} {ergonomic}
   size_t SoftMaxHeapSize                          = 1581252608                             {manageable} {ergonomic}
     bool UseCompressedClassPointers               = true                           {product lp64_product} {ergonomic}
     bool UseCompressedOops                        = true                           {product lp64_product} {ergonomic}
     bool UseG1GC                                  = true                                      {product} {ergonomic}
     bool UseLargePagesIndividualAllocation        = false                                  {pd product} {ergonomic}

Logging:
Log output configuration:
 #0: stdout all=warning uptime,level,tags foldmultilines=false
 #1: stderr all=off uptime,level,tags foldmultilines=false

Environment Variables:
JAVA_HOME=C:\Program Files\Java\jdk-19
CLASSPATH=C:\Users\md mursaleen\Documents\Stock Broker App\StockBrokingApp\android\\gradle\wrapper\gradle-wrapper.jar
PATH=C:\Users\md mursaleen\Documents\Stock Broker App\StockBrokingApp\node_modules\.bin;C:\Users\md mursaleen\Documents\Stock Broker App\StockBrokingApp\node_modules\.bin;C:\Users\md mursaleen\Documents\Stock Broker App\node_modules\.bin;C:\Users\md mursaleen\Documents\node_modules\.bin;C:\Users\md mursaleen\node_modules\.bin;C:\Users\node_modules\.bin;C:\node_modules\.bin;C:\Program Files\nodejs\node_modules\npm\node_modules\@npmcli\run-script\lib\node-gyp-bin;C:\Users\md mursaleen\Documents\Stock Broker App\StockBrokingApp\node_modules\.bin;C:\Users\md mursaleen\Documents\Stock Broker App\node_modules\.bin;C:\Users\md mursaleen\Documents\node_modules\.bin;C:\Users\md mursaleen\node_modules\.bin;C:\Users\node_modules\.bin;C:\node_modules\.bin;C:\Program Files\nodejs\node_modules\npm\node_modules\@npmcli\run-script\lib\node-gyp-bin;C:\Program Files (x86)\Common Files\Oracle\Java\javapath;C:\Windows\system32;C:\Windows;C:\Windows\System32\Wbem;C:\Windows\System32\WindowsPowerShell\v1.0\;C:\Windows\System32\OpenSSH\;C:\Program Files\dotnet\;C:\Program Files\CodeBlocks\MinGW\bin;C:\Program Files\MySQL\MySQL Server 8.0\bin;C:\MinGW\bin;C:\Users\md mursaleen\Downloads\platform-tools_r33.0.3-windows\platform-tools;C:\Program Files\Git\cmd;C:\ProgramData\chocolatey\bin;C:\Program Files\nodejs\;C:\hadoop\bin;C:\hadoop\sbin;C:\Program Files\Java\jdk-19\bin;C:\Users\md mursaleen\AppData\Local\Programs\Python\Python311\Scripts\;C:\Users\md mursaleen\AppData\Local\Programs\Python\Python311\;C:\Program Files\MySQL\MySQL Shell 8.0\bin\;C:\Users\md mursaleen\AppData\Local\Microsoft\WindowsApps;C:\Program Files (x86)\mingw-w64\i686-8.1.0-posix-dwarf-rt_v6-rev0\mingw32\bin;C:\Program Files (x86)\mingw-w64\i686-8.1.0-posix-dwarf-rt_v6-rev0\mingw32\bin;C:\Users\md mursaleen\AppData\Local\Programs\Microsoft VS Code\bin;C:\Users\md mursaleen\AppData\Roaming\npm;C:\Users\md mursaleen\AppData\Local\Android\Sdk\platform-tools;C:\Users\md mursaleen\AppData\Local\Android\Sdk\platforms;C:\Program Files\MongoDB\Server\6.0\bin;C:\Program Files\sfdx\bin;C:\Program Files\heroku\bin;
USERNAME=md mursaleen
LANG=en_US.UTF-8
OS=Windows_NT
PROCESSOR_IDENTIFIER=AMD64 Family 23 Model 24 Stepping 1, AuthenticAMD
TMP=C:\Users\MDMURS~1\AppData\Local\Temp
TEMP=C:\Users\MDMURS~1\AppData\Local\Temp



---------------  S Y S T E M  ---------------

OS:
 Windows 10 , 64 bit Build 19041 (10.0.19041.3636)
OS uptime: 0 days 10:50 hours

CPU: total 8 (initial active 8) (8 cores per cpu, 2 threads per core) family 23 model 24 stepping 1 microcode 0x0, cx8, cmov, fxsr, ht, mmx, 3dnowpref, sse, sse2, sse3, ssse3, sse4a, sse4.1, sse4.2, popcnt, lzcnt, tsc, tscinvbit, avx, avx2, aes, clmul, bmi1, bmi2, adx, sha, fma, vzeroupper, clflush, clflushopt, rdtscp

Memory: 4k page, system-wide physical 6030M (140M free)
TotalPageFile size 24462M (AvailPageFile size 21M)
current process WorkingSet (physical memory assigned to process): 166M, peak: 166M
current process commit charge ("private bytes"): 252M, peak: 276M

vm_info: Java HotSpot(TM) 64-Bit Server VM (19.0.2+7-44) for windows-amd64 JRE (19.0.2+7-44), built on 2022-11-30T18:02:09Z by "mach5one" with MS VC++ 17.1 (VS2022)

END.
