#
# There is insufficient memory for the Java Runtime Environment to continue.
# Native memory allocation (malloc) failed to allocate 132336 bytes for Chunk::new
# Possible reasons:
#   The system is out of physical RAM or swap space
#   The process is running with CompressedOops enabled, and the Java Heap may be blocking the growth of the native heap
# Possible solutions:
#   Reduce memory load on the system
#   Increase physical memory or swap space
#   Check if swap backing store is full
#   Decrease Java heap size (-Xmx/-Xms)
#   Decrease number of Java threads
#   Decrease Java thread stack sizes (-Xss)
#   Set larger code cache with -XX:ReservedCodeCacheSize=
#   JVM is running with Unscaled Compressed Oops mode in which the Java heap is
#     placed in the first 4GB address space. The Java Heap base address is the
#     maximum limit for the native heap growth. Please use -XX:HeapBaseMinAddress
#     to set the Java Heap base and to place the Java Heap above 4GB virtual address.
# This output file may be truncated or incomplete.
#
#  Out of Memory Error (arena.cpp:184), pid=18380, tid=23844
#
# JRE version: Java(TM) SE Runtime Environment (19.0.2+7) (build 19.0.2+7-44)
# Java VM: Java HotSpot(TM) 64-Bit Server VM (19.0.2+7-44, mixed mode, sharing, tiered, compressed oops, compressed class ptrs, g1 gc, windows-amd64)
# No core dump will be written. Minidumps are not enabled by default on client versions of Windows
#

---------------  S U M M A R Y ------------

Command Line: -XX:MaxMetaspaceSize=512m --add-opens=java.base/java.util=ALL-UNNAMED --add-opens=java.base/java.lang=ALL-UNNAMED --add-opens=java.base/java.lang.invoke=ALL-UNNAMED --add-opens=java.prefs/java.util.prefs=ALL-UNNAMED --add-opens=java.base/java.nio.charset=ALL-UNNAMED --add-opens=java.base/java.net=ALL-UNNAMED --add-opens=java.base/java.util.concurrent.atomic=ALL-UNNAMED -Xmx2048m -Dfile.encoding=UTF-8 -Duser.country=IN -Duser.language=en -Duser.variant -javaagent:C:\Users\md mursaleen\.gradle\wrapper\dists\gradle-8.5-all\3zlzzgtsutfj0pbojr50n2l7z\gradle-8.5\lib\agents\gradle-instrumentation-agent-8.5.jar org.gradle.launcher.daemon.bootstrap.GradleDaemon 8.5

Host: AMD Ryzen 5 3450U with Radeon Vega Mobile Gfx  , 8 cores, 5G,  Windows 10 , 64 bit Build 19041 (10.0.19041.3636)
Time: Thu Jul  4 23:08:17 2024 India Standard Time elapsed time: 311.880390 seconds (0d 0h 5m 11s)

---------------  T H R E A D  ---------------

Current thread (0x000001e9628672f0):  JavaThread "C2 CompilerThread0" daemon [_thread_in_native, id=23844, stack(0x000000c201600000,0x000000c201700000)]


Current CompileTask:
C2: 311901 10728       4       java.lang.ThreadLocal::setInitialValue (76 bytes)

Stack: [0x000000c201600000,0x000000c201700000]
Native frames: (J=compiled Java code, j=interpreted, Vv=VM code, C=native code)
V  [jvm.dll+0x6ee21a]
V  [jvm.dll+0x85765e]
V  [jvm.dll+0x85904e]
V  [jvm.dll+0x859703]
V  [jvm.dll+0x28298f]
V  [jvm.dll+0xc9adf]
V  [jvm.dll+0xc9e65]
V  [jvm.dll+0x2f7caf]
V  [jvm.dll+0x5f076b]
V  [jvm.dll+0x255483]
V  [jvm.dll+0x24da11]
V  [jvm.dll+0x24b673]
V  [jvm.dll+0x1d6ce1]
V  [jvm.dll+0x25b25a]
V  [jvm.dll+0x2596e8]
V  [jvm.dll+0x807588]
V  [jvm.dll+0x80125a]
V  [jvm.dll+0x6ecf0b]
C  [ucrtbase.dll+0x21bb2]
C  [KERNEL32.DLL+0x17344]
C  [ntdll.dll+0x4cc91]


---------------  P R O C E S S  ---------------

Threads class SMR info:
_java_thread_list=0x000001e969709db0, length=98, elements={
0x000001e943fba810, 0x000001e96285b6b0, 0x000001e96285c640, 0x000001e96285fdc0,
0x000001e9628629a0, 0x000001e9628652e0, 0x000001e962865c10, 0x000001e9628672f0,
0x000001e9628688e0, 0x000001e962890d80, 0x000001e962830450, 0x000001e966e1b740,
0x000001e9682d4e60, 0x000001e9682651e0, 0x000001e9679fb0b0, 0x000001e96774b690,
0x000001e968380440, 0x000001e966df6b40, 0x000001e967db5cf0, 0x000001e967db1450,
0x000001e9682c0060, 0x000001e9682c15a0, 0x000001e9682c1af0, 0x000001e9682c2040,
0x000001e9682bfb10, 0x000001e9682bf070, 0x000001e9682bf5c0, 0x000001e96a0e6970,
0x000001e96a0e7960, 0x000001e96a0e7eb0, 0x000001e96a0e8400, 0x000001e96a0e8950,
0x000001e96a0e5980, 0x000001e96a0e6ec0, 0x000001e968db04d0, 0x000001e968db4490,
0x000001e968db5480, 0x000001e968daff80, 0x000001e968db5f20, 0x000001e968db6470,
0x000001e968db69c0, 0x000001e968db6f10, 0x000001e968db34a0, 0x000001e968db0f70,
0x000001e968db39f0, 0x000001e968db79b0, 0x000001e968db7460, 0x000001e968db1a10,
0x000001e968db1f60, 0x000001e968db2f50, 0x000001e9682c0b00, 0x000001e969636120,
0x000001e969632c00, 0x000001e9696326b0, 0x000001e969634140, 0x000001e969634be0,
0x000001e969630c20, 0x000001e96962f6e0, 0x000001e96962fc30, 0x000001e969631170,
0x000001e969633bf0, 0x000001e969635680, 0x000001e9696316c0, 0x000001e969631c10,
0x000001e969635bd0, 0x000001e969636670, 0x000001e96a97e5a0, 0x000001e96a97e050,
0x000001e96a97db00, 0x000001e96a97eaf0, 0x000001e96a97f040, 0x000001e96a97d060,
0x000001e96a97f590, 0x000001e96a97d5b0, 0x000001e96a97fae0, 0x000001e96a980030,
0x000001e96a980580, 0x000001e96a97c070, 0x000001e96a980ad0, 0x000001e96a97a5e0,
0x000001e96a981020, 0x000001e96a97b5d0, 0x000001e96a981570, 0x000001e96a97bb20,
0x000001e96a981ac0, 0x000001e96a97ab30, 0x000001e96a97c5c0, 0x000001e96a97b080,
0x000001e96a97a090, 0x000001e96a97cb10, 0x000001e96abdf560, 0x000001e96abdfab0,
0x000001e96abe2fd0, 0x000001e96abe3520, 0x000001e96abe5fa0, 0x000001e96abe6f90,
0x000001e96abe4a60, 0x000001e96abe6a40
}

Java Threads: ( => current thread )
  0x000001e943fba810 JavaThread "main" [_thread_blocked, id=25040, stack(0x000000c200900000,0x000000c200a00000)]
  0x000001e96285b6b0 JavaThread "Reference Handler" daemon [_thread_blocked, id=16456, stack(0x000000c201000000,0x000000c201100000)]
  0x000001e96285c640 JavaThread "Finalizer" daemon [_thread_blocked, id=9972, stack(0x000000c201100000,0x000000c201200000)]
  0x000001e96285fdc0 JavaThread "Signal Dispatcher" daemon [_thread_blocked, id=21596, stack(0x000000c201200000,0x000000c201300000)]
  0x000001e9628629a0 JavaThread "Attach Listener" daemon [_thread_blocked, id=20272, stack(0x000000c201300000,0x000000c201400000)]
  0x000001e9628652e0 JavaThread "Service Thread" daemon [_thread_blocked, id=19144, stack(0x000000c201400000,0x000000c201500000)]
  0x000001e962865c10 JavaThread "Monitor Deflation Thread" daemon [_thread_blocked, id=10900, stack(0x000000c201500000,0x000000c201600000)]
=>0x000001e9628672f0 JavaThread "C2 CompilerThread0" daemon [_thread_in_native, id=23844, stack(0x000000c201600000,0x000000c201700000)]
  0x000001e9628688e0 JavaThread "C1 CompilerThread0" daemon [_thread_blocked, id=22360, stack(0x000000c201700000,0x000000c201800000)]
  0x000001e962890d80 JavaThread "Sweeper thread" daemon [_thread_blocked, id=20948, stack(0x000000c201800000,0x000000c201900000)]
  0x000001e962830450 JavaThread "Common-Cleaner" daemon [_thread_blocked, id=8992, stack(0x000000c201900000,0x000000c201a00000)]
  0x000001e966e1b740 JavaThread "Notification Thread" daemon [_thread_blocked, id=7948, stack(0x000000c201a00000,0x000000c201b00000)]
  0x000001e9682d4e60 JavaThread "Daemon health stats" [_thread_blocked, id=20652, stack(0x000000c200700000,0x000000c200800000)]
  0x000001e9682651e0 JavaThread "Incoming local TCP Connector on port 50472" [_thread_in_native, id=21236, stack(0x000000c202200000,0x000000c202300000)]
  0x000001e9679fb0b0 JavaThread "Daemon periodic checks" [_thread_blocked, id=24308, stack(0x000000c202300000,0x000000c202400000)]
  0x000001e96774b690 JavaThread "Daemon" [_thread_blocked, id=5028, stack(0x000000c202600000,0x000000c202700000)]
  0x000001e968380440 JavaThread "Handler for socket connection from /127.0.0.1:50472 to /127.0.0.1:50474" [_thread_in_native, id=19688, stack(0x000000c202700000,0x000000c202800000)]
  0x000001e966df6b40 JavaThread "Cancel handler" [_thread_blocked, id=23068, stack(0x000000c202800000,0x000000c202900000)]
  0x000001e967db5cf0 JavaThread "Daemon worker" [_thread_in_vm, id=23616, stack(0x000000c202900000,0x000000c202a00000)]
  0x000001e967db1450 JavaThread "Asynchronous log dispatcher for DefaultDaemonConnection: socket connection from /127.0.0.1:50472 to /127.0.0.1:50474" [_thread_blocked, id=19940, stack(0x000000c202a00000,0x000000c202b00000)]
  0x000001e9682c0060 JavaThread "Stdin handler" [_thread_blocked, id=24460, stack(0x000000c202b00000,0x000000c202c00000)]
  0x000001e9682c15a0 JavaThread "Daemon client event forwarder" [_thread_blocked, id=17768, stack(0x000000c202c00000,0x000000c202d00000)]
  0x000001e9682c1af0 JavaThread "Cache worker for journal cache (C:\Users\md mursaleen\.gradle\caches\journal-1)" [_thread_blocked, id=23992, stack(0x000000c202d00000,0x000000c202e00000)]
  0x000001e9682c2040 JavaThread "File lock request listener" [_thread_in_native, id=24716, stack(0x000000c202e00000,0x000000c202f00000)]
  0x000001e9682bfb10 JavaThread "Cache worker for file hash cache (C:\Users\md mursaleen\.gradle\caches\8.5\fileHashes)" [_thread_blocked, id=12616, stack(0x000000c202f00000,0x000000c203000000)]
  0x000001e9682bf070 JavaThread "File watcher server" daemon [_thread_in_native, id=25100, stack(0x000000c203100000,0x000000c203200000)]
  0x000001e9682bf5c0 JavaThread "File watcher consumer" daemon [_thread_blocked, id=23300, stack(0x000000c203200000,0x000000c203300000)]
  0x000001e96a0e6970 JavaThread "Cache worker for checksums cache (C:\Users\md mursaleen\Documents\Stock Broker App\StockBrokingApp\android\.gradle\8.5\checksums)" [_thread_blocked, id=472, stack(0x000000c203300000,0x000000c203400000)]
  0x000001e96a0e7960 JavaThread "Cache worker for file hash cache (C:\Users\md mursaleen\Documents\Stock Broker App\StockBrokingApp\android\.gradle\8.5\fileHashes)" [_thread_blocked, id=24616, stack(0x000000c203400000,0x000000c203500000)]
  0x000001e96a0e7eb0 JavaThread "Cache worker for cache directory md-supplier (C:\Users\md mursaleen\.gradle\caches\8.5\md-supplier)" [_thread_blocked, id=12572, stack(0x000000c203500000,0x000000c203600000)]
  0x000001e96a0e8400 JavaThread "Cache worker for cache directory md-rule (C:\Users\md mursaleen\.gradle\caches\8.5\md-rule)" [_thread_blocked, id=21216, stack(0x000000c203600000,0x000000c203700000)]
  0x000001e96a0e8950 JavaThread "Cache worker for file content cache (C:\Users\md mursaleen\.gradle\caches\8.5\fileContent)" [_thread_blocked, id=25524, stack(0x000000c203700000,0x000000c203800000)]
  0x000001e96a0e5980 JavaThread "Cache worker for execution history cache (C:\Users\md mursaleen\.gradle\caches\8.5\executionHistory)" [_thread_blocked, id=20972, stack(0x000000c203800000,0x000000c203900000)]
  0x000001e96a0e6ec0 JavaThread "jar transforms" [_thread_blocked, id=17988, stack(0x000000c203b00000,0x000000c203c00000)]
  0x000001e968db04d0 JavaThread "jar transforms Thread 2" [_thread_blocked, id=21856, stack(0x000000c203c00000,0x000000c203d00000)]
  0x000001e968db4490 JavaThread "jar transforms Thread 3" [_thread_blocked, id=4824, stack(0x000000c203d00000,0x000000c203e00000)]
  0x000001e968db5480 JavaThread "jar transforms Thread 4" [_thread_blocked, id=7448, stack(0x000000c203e00000,0x000000c203f00000)]
  0x000001e968daff80 JavaThread "File lock release action executor" [_thread_blocked, id=7144, stack(0x000000c204200000,0x000000c204300000)]
  0x000001e968db5f20 JavaThread "Cache worker for kotlin-dsl (C:\Users\md mursaleen\.gradle\caches\8.5\kotlin-dsl)" [_thread_blocked, id=25436, stack(0x000000c200600000,0x000000c200700000)]
  0x000001e968db6470 JavaThread "jar transforms Thread 5" [_thread_blocked, id=10248, stack(0x000000c202400000,0x000000c202500000)]
  0x000001e968db69c0 JavaThread "jar transforms Thread 6" [_thread_blocked, id=11216, stack(0x000000c202500000,0x000000c202600000)]
  0x000001e968db6f10 JavaThread "Unconstrained build operations" [_thread_blocked, id=8020, stack(0x000000c204300000,0x000000c204400000)]
  0x000001e968db34a0 JavaThread "Unconstrained build operations Thread 2" [_thread_blocked, id=20112, stack(0x000000c204400000,0x000000c204500000)]
  0x000001e968db0f70 JavaThread "jar transforms Thread 7" [_thread_blocked, id=9640, stack(0x000000c204500000,0x000000c204600000)]
  0x000001e968db39f0 JavaThread "jar transforms Thread 8" [_thread_blocked, id=16776, stack(0x000000c204600000,0x000000c204700000)]
  0x000001e968db79b0 JavaThread "Cache worker for dependencies-accessors (C:\Users\md mursaleen\Documents\Stock Broker App\StockBrokingApp\android\.gradle\8.5\dependencies-accessors)" [_thread_blocked, id=25016, stack(0x000000c204700000,0x000000c204800000)]
  0x000001e968db7460 JavaThread "Cache worker for Build Output Cleanup Cache (C:\Users\md mursaleen\Documents\Stock Broker App\StockBrokingApp\node_modules\@react-native\gradle-plugin\.gradle\buildOutputCleanup)" [_thread_blocked, id=15240, stack(0x000000c204800000,0x000000c204900000)]
  0x000001e968db1a10 JavaThread "Unconstrained build operations Thread 3" [_thread_blocked, id=21812, stack(0x000000c204900000,0x000000c204a00000)]
  0x000001e968db1f60 JavaThread "Unconstrained build operations Thread 4" [_thread_blocked, id=23684, stack(0x000000c204a00000,0x000000c204b00000)]
  0x000001e968db2f50 JavaThread "Unconstrained build operations Thread 5" [_thread_blocked, id=6228, stack(0x000000c204b00000,0x000000c204c00000)]
  0x000001e9682c0b00 JavaThread "Unconstrained build operations Thread 6" [_thread_blocked, id=23592, stack(0x000000c204c00000,0x000000c204d00000)]
  0x000001e969636120 JavaThread "Unconstrained build operations Thread 7" [_thread_blocked, id=20076, stack(0x000000c204d00000,0x000000c204e00000)]
  0x000001e969632c00 JavaThread "Unconstrained build operations Thread 8" [_thread_blocked, id=2340, stack(0x000000c204e00000,0x000000c204f00000)]
  0x000001e9696326b0 JavaThread "Unconstrained build operations Thread 9" [_thread_blocked, id=18156, stack(0x000000c204f00000,0x000000c205000000)]
  0x000001e969634140 JavaThread "build event listener" [_thread_blocked, id=19416, stack(0x000000c205000000,0x000000c205100000)]
  0x000001e969634be0 JavaThread "Memory manager" [_thread_blocked, id=592, stack(0x000000c205100000,0x000000c205200000)]
  0x000001e969630c20 JavaThread "Cache worker for Build Output Cleanup Cache (C:\Users\md mursaleen\Documents\Stock Broker App\StockBrokingApp\android\.gradle\buildOutputCleanup)" [_thread_blocked, id=2496, stack(0x000000c205200000,0x000000c205300000)]
  0x000001e96962f6e0 JavaThread "ForkJoinPool.commonPool-worker-1" daemon [_thread_blocked, id=17592, stack(0x000000c203900000,0x000000c203a00000)]
  0x000001e96962fc30 JavaThread "ForkJoinPool.commonPool-worker-3" daemon [_thread_blocked, id=18800, stack(0x000000c205300000,0x000000c205400000)]
  0x000001e969631170 JavaThread "ForkJoinPool.commonPool-worker-4" daemon [_thread_blocked, id=23264, stack(0x000000c205400000,0x000000c205500000)]
  0x000001e969633bf0 JavaThread "ForkJoinPool.commonPool-worker-5" daemon [_thread_blocked, id=20964, stack(0x000000c205500000,0x000000c205600000)]
  0x000001e969635680 JavaThread "ForkJoinPool.commonPool-worker-7" daemon [_thread_blocked, id=1180, stack(0x000000c205600000,0x000000c205700000)]
  0x000001e9696316c0 JavaThread "ForkJoinPool.commonPool-worker-6" daemon [_thread_blocked, id=23640, stack(0x000000c205700000,0x000000c205800000)]
  0x000001e969631c10 JavaThread "Execution worker" [_thread_blocked, id=23340, stack(0x000000c205900000,0x000000c205a00000)]
  0x000001e969635bd0 JavaThread "Execution worker Thread 2" [_thread_blocked, id=20280, stack(0x000000c205a00000,0x000000c205b00000)]
  0x000001e969636670 JavaThread "Execution worker Thread 3" [_thread_blocked, id=22072, stack(0x000000c205b00000,0x000000c205c00000)]
  0x000001e96a97e5a0 JavaThread "Execution worker Thread 4" [_thread_blocked, id=22200, stack(0x000000c205c00000,0x000000c205d00000)]
  0x000001e96a97e050 JavaThread "Execution worker Thread 5" [_thread_blocked, id=17420, stack(0x000000c205d00000,0x000000c205e00000)]
  0x000001e96a97db00 JavaThread "Execution worker Thread 6" [_thread_blocked, id=21760, stack(0x000000c205e00000,0x000000c205f00000)]
  0x000001e96a97eaf0 JavaThread "Execution worker Thread 7" [_thread_blocked, id=10268, stack(0x000000c205f00000,0x000000c206000000)]
  0x000001e96a97f040 JavaThread "Cache worker for execution history cache (C:\Users\md mursaleen\Documents\Stock Broker App\StockBrokingApp\node_modules\@react-native\gradle-plugin\.gradle\8.5\executionHistory)" [_thread_blocked, id=6532, stack(0x000000c206000000,0x000000c206100000)]
  0x000001e96a97d060 JavaThread "Unconstrained build operations Thread 10" [_thread_blocked, id=22896, stack(0x000000c206300000,0x000000c206400000)]
  0x000001e96a97f590 JavaThread "Unconstrained build operations Thread 11" [_thread_blocked, id=12392, stack(0x000000c206400000,0x000000c206500000)]
  0x000001e96a97d5b0 JavaThread "Unconstrained build operations Thread 12" [_thread_blocked, id=22656, stack(0x000000c206500000,0x000000c206600000)]
  0x000001e96a97fae0 JavaThread "Unconstrained build operations Thread 13" [_thread_blocked, id=8724, stack(0x000000c206600000,0x000000c206700000)]
  0x000001e96a980030 JavaThread "Unconstrained build operations Thread 14" [_thread_blocked, id=21580, stack(0x000000c206700000,0x000000c206800000)]
  0x000001e96a980580 JavaThread "Unconstrained build operations Thread 15" [_thread_blocked, id=6820, stack(0x000000c206800000,0x000000c206900000)]
  0x000001e96a97c070 JavaThread "Unconstrained build operations Thread 16" [_thread_blocked, id=13640, stack(0x000000c206900000,0x000000c206a00000)]
  0x000001e96a980ad0 JavaThread "Unconstrained build operations Thread 17" [_thread_blocked, id=20224, stack(0x000000c206a00000,0x000000c206b00000)]
  0x000001e96a97a5e0 JavaThread "Unconstrained build operations Thread 18" [_thread_blocked, id=1996, stack(0x000000c206b00000,0x000000c206c00000)]
  0x000001e96a981020 JavaThread "Unconstrained build operations Thread 19" [_thread_blocked, id=23008, stack(0x000000c206c00000,0x000000c206d00000)]
  0x000001e96a97b5d0 JavaThread "Unconstrained build operations Thread 20" [_thread_blocked, id=21656, stack(0x000000c206d00000,0x000000c206e00000)]
  0x000001e96a981570 JavaThread "Unconstrained build operations Thread 21" [_thread_blocked, id=24440, stack(0x000000c206e00000,0x000000c206f00000)]
  0x000001e96a97bb20 JavaThread "Unconstrained build operations Thread 22" [_thread_blocked, id=13604, stack(0x000000c206f00000,0x000000c207000000)]
  0x000001e96a981ac0 JavaThread "Unconstrained build operations Thread 23" [_thread_blocked, id=17720, stack(0x000000c207000000,0x000000c207100000)]
  0x000001e96a97ab30 JavaThread "Unconstrained build operations Thread 24" [_thread_blocked, id=7104, stack(0x000000c207100000,0x000000c207200000)]
  0x000001e96a97c5c0 JavaThread "Unconstrained build operations Thread 25" [_thread_blocked, id=17508, stack(0x000000c207200000,0x000000c207300000)]
  0x000001e96a97b080 JavaThread "Unconstrained build operations Thread 26" [_thread_blocked, id=464, stack(0x000000c207300000,0x000000c207400000)]
  0x000001e96a97a090 JavaThread "Unconstrained build operations Thread 27" [_thread_blocked, id=24764, stack(0x000000c207400000,0x000000c207500000)]
  0x000001e96a97cb10 JavaThread "Unconstrained build operations Thread 28" [_thread_blocked, id=11092, stack(0x000000c207500000,0x000000c207600000)]
  0x000001e96abdf560 JavaThread "Unconstrained build operations Thread 29" [_thread_blocked, id=17888, stack(0x000000c207600000,0x000000c207700000)]
  0x000001e96abdfab0 JavaThread "Unconstrained build operations Thread 30" [_thread_blocked, id=22576, stack(0x000000c207700000,0x000000c207800000)]
  0x000001e96abe2fd0 JavaThread "Unconstrained build operations Thread 31" [_thread_blocked, id=3164, stack(0x000000c207800000,0x000000c207900000)]
  0x000001e96abe3520 JavaThread "Unconstrained build operations Thread 32" [_thread_blocked, id=22308, stack(0x000000c207900000,0x000000c207a00000)]
  0x000001e96abe5fa0 JavaThread "build event listener" [_thread_blocked, id=16392, stack(0x000000c203a00000,0x000000c203b00000)]
  0x000001e96abe6f90 JavaThread "Exec process Thread 4" [_thread_blocked, id=20728, stack(0x000000c203f00000,0x000000c204000000)]
  0x000001e96abe4a60 JavaThread "Exec process Thread 5" [_thread_blocked, id=16788, stack(0x000000c204000000,0x000000c204100000)]
  0x000001e96abe6a40 JavaThread "Exec process Thread 6" [_thread_blocked, id=17024, stack(0x000000c204100000,0x000000c204200000)]

Other Threads:
  0x000001e962840e90 VMThread "VM Thread" [stack: 0x000000c200f00000,0x000000c201000000] [id=23268]
  0x000001e966d748f0 WatcherThread "VM Periodic Task Thread" [stack: 0x000000c201b00000,0x000000c201c00000] [id=24384]
  0x000001e944019aa0 WorkerThread "GC Thread#0" [stack: 0x000000c200a00000,0x000000c200b00000] [id=19632]
  0x000001e966e7c930 WorkerThread "GC Thread#1" [stack: 0x000000c201c00000,0x000000c201d00000] [id=10636]
  0x000001e9677f8910 WorkerThread "GC Thread#2" [stack: 0x000000c201d00000,0x000000c201e00000] [id=17868]
  0x000001e966c8cd80 WorkerThread "GC Thread#3" [stack: 0x000000c201e00000,0x000000c201f00000] [id=19000]
  0x000001e966c8b700 WorkerThread "GC Thread#4" [stack: 0x000000c201f00000,0x000000c202000000] [id=5344]
  0x000001e966c8bf70 WorkerThread "GC Thread#5" [stack: 0x000000c200800000,0x000000c200900000] [id=25328]
  0x000001e966c8cab0 WorkerThread "GC Thread#6" [stack: 0x000000c202000000,0x000000c202100000] [id=20828]
  0x000001e966c8b160 WorkerThread "GC Thread#7" [stack: 0x000000c202100000,0x000000c202200000] [id=9584]
  0x000001e94402eae0 ConcurrentGCThread "G1 Main Marker" [stack: 0x000000c200b00000,0x000000c200c00000] [id=24712]
  0x000001e94402f420 WorkerThread "G1 Conc#0" [stack: 0x000000c200c00000,0x000000c200d00000] [id=25108]
  0x000001e9695b6600 WorkerThread "G1 Conc#1" [stack: 0x000000c203000000,0x000000c203100000] [id=11904]
  0x000001e9627020c0 ConcurrentGCThread "G1 Refine#0" [stack: 0x000000c200d00000,0x000000c200e00000] [id=21032]
  0x000001e962702b10 ConcurrentGCThread "G1 Service" [stack: 0x000000c200e00000,0x000000c200f00000] [id=7900]

Threads with active compile tasks:
C2 CompilerThread0   312803 10728       4       java.lang.ThreadLocal::setInitialValue (76 bytes)

VM state: not at safepoint (normal execution)

VM Mutex/Monitor currently owned by a thread: None

Heap address: 0x0000000080000000, size: 2048 MB, Compressed Oops mode: 32-bit

CDS archive(s) mapped at: [0x0000000800000000-0x0000000800c40000-0x0000000800c40000), size 12845056, SharedBaseAddress: 0x0000000800000000, ArchiveRelocationMode: 0.
Compressed class space mapped at: 0x0000000801000000-0x000000081ac00000, reserved size: 432013312
Narrow klass base: 0x0000000800000000, Narrow klass shift: 0, Narrow klass range: 0x100000000

GC Precious Log:
 CardTable entry size: 512
 Card Set container configuration: InlinePtr #cards 5 size 8 Array Of Cards #cards 12 size 40 Howl #buckets 4 coarsen threshold 1843 Howl Bitmap #cards 512 size 80 coarsen threshold 460 Card regions per heap region 1 cards per card region 2048
 CPUs: 8 total, 8 available
 Memory: 6030M
 Large Page Support: Disabled
 NUMA Support: Disabled
 Compressed Oops: Enabled (32-bit)
 Heap Region Size: 1M
 Heap Min Capacity: 8M
 Heap Initial Capacity: 96M
 Heap Max Capacity: 2G
 Pre-touch: Disabled
 Parallel Workers: 8
 Concurrent Workers: 2
 Concurrent Refinement Workers: 8
 Periodic GC: Disabled

Heap:
 garbage-first heap   total 239616K, used 103253K [0x0000000080000000, 0x0000000100000000)
  region size 1024K, 19 young (19456K), 9 survivors (9216K)
 Metaspace       used 86498K, committed 88640K, reserved 552960K
  class space    used 11877K, committed 13056K, reserved 421888K

Heap Regions: E=young(eden), S=young(survivor), O=old, HS=humongous(starts), HC=humongous(continues), CS=collection set, F=free, OA=open archive, CA=closed archive, TAMS=top-at-mark-start (previous, next)
|   0|0x0000000080000000, 0x0000000080100000, 0x0000000080100000|100%|HS|  |TAMS 0x0000000080100000, 0x0000000080000000| Complete 
|   1|0x0000000080100000, 0x0000000080200000, 0x0000000080200000|100%|HC|  |TAMS 0x0000000080200000, 0x0000000080100000| Complete 
|   2|0x0000000080200000, 0x0000000080300000, 0x0000000080300000|100%|HC|  |TAMS 0x0000000080300000, 0x0000000080200000| Complete 
|   3|0x0000000080300000, 0x0000000080400000, 0x0000000080400000|100%|HC|  |TAMS 0x0000000080400000, 0x0000000080300000| Complete 
|   4|0x0000000080400000, 0x0000000080500000, 0x0000000080500000|100%| O|  |TAMS 0x0000000080500000, 0x0000000080400000| Untracked 
|   5|0x0000000080500000, 0x0000000080600000, 0x0000000080600000|100%| O|  |TAMS 0x0000000080600000, 0x0000000080500000| Untracked 
|   6|0x0000000080600000, 0x0000000080700000, 0x0000000080700000|100%| O|  |TAMS 0x0000000080700000, 0x0000000080600000| Untracked 
|   7|0x0000000080700000, 0x0000000080800000, 0x0000000080800000|100%| O|  |TAMS 0x0000000080800000, 0x0000000080700000| Untracked 
|   8|0x0000000080800000, 0x0000000080900000, 0x0000000080900000|100%| O|  |TAMS 0x0000000080900000, 0x0000000080800000| Untracked 
|   9|0x0000000080900000, 0x0000000080a00000, 0x0000000080a00000|100%| O|  |TAMS 0x0000000080a00000, 0x0000000080900000| Untracked 
|  10|0x0000000080a00000, 0x0000000080b00000, 0x0000000080b00000|100%| O|  |TAMS 0x0000000080b00000, 0x0000000080a00000| Untracked 
|  11|0x0000000080b00000, 0x0000000080c00000, 0x0000000080c00000|100%| O|  |TAMS 0x0000000080c00000, 0x0000000080b00000| Untracked 
|  12|0x0000000080c00000, 0x0000000080d00000, 0x0000000080d00000|100%| O|  |TAMS 0x0000000080d00000, 0x0000000080c00000| Untracked 
|  13|0x0000000080d00000, 0x0000000080e00000, 0x0000000080e00000|100%| O|  |TAMS 0x0000000080e00000, 0x0000000080d00000| Untracked 
|  14|0x0000000080e00000, 0x0000000080f00000, 0x0000000080f00000|100%| O|  |TAMS 0x0000000080f00000, 0x0000000080e00000| Untracked 
|  15|0x0000000080f00000, 0x0000000081000000, 0x0000000081000000|100%| O|  |TAMS 0x0000000081000000, 0x0000000080f00000| Untracked 
|  16|0x0000000081000000, 0x0000000081100000, 0x0000000081100000|100%| O|  |TAMS 0x0000000081100000, 0x0000000081000000| Untracked 
|  17|0x0000000081100000, 0x0000000081200000, 0x0000000081200000|100%| O|  |TAMS 0x0000000081200000, 0x0000000081100000| Untracked 
|  18|0x0000000081200000, 0x0000000081300000, 0x0000000081300000|100%| O|  |TAMS 0x0000000081300000, 0x0000000081200000| Untracked 
|  19|0x0000000081300000, 0x0000000081400000, 0x0000000081400000|100%| O|  |TAMS 0x0000000081400000, 0x0000000081300000| Untracked 
|  20|0x0000000081400000, 0x0000000081500000, 0x0000000081500000|100%| O|  |TAMS 0x0000000081500000, 0x0000000081400000| Untracked 
|  21|0x0000000081500000, 0x0000000081600000, 0x0000000081600000|100%| O|  |TAMS 0x0000000081600000, 0x0000000081500000| Untracked 
|  22|0x0000000081600000, 0x0000000081700000, 0x0000000081700000|100%| O|  |TAMS 0x0000000081700000, 0x0000000081600000| Untracked 
|  23|0x0000000081700000, 0x0000000081800000, 0x0000000081800000|100%| O|  |TAMS 0x0000000081800000, 0x0000000081700000| Untracked 
|  24|0x0000000081800000, 0x0000000081900000, 0x0000000081900000|100%| O|  |TAMS 0x0000000081900000, 0x0000000081800000| Untracked 
|  25|0x0000000081900000, 0x0000000081a00000, 0x0000000081a00000|100%| O|  |TAMS 0x0000000081a00000, 0x0000000081900000| Untracked 
|  26|0x0000000081a00000, 0x0000000081b00000, 0x0000000081b00000|100%|HS|  |TAMS 0x0000000081b00000, 0x0000000081a00000| Complete 
|  27|0x0000000081b00000, 0x0000000081c00000, 0x0000000081c00000|100%|HC|  |TAMS 0x0000000081c00000, 0x0000000081b00000| Complete 
|  28|0x0000000081c00000, 0x0000000081d00000, 0x0000000081d00000|100%| O|  |TAMS 0x0000000081d00000, 0x0000000081c00000| Untracked 
|  29|0x0000000081d00000, 0x0000000081e00000, 0x0000000081e00000|100%| O|  |TAMS 0x0000000081e00000, 0x0000000081d00000| Untracked 
|  30|0x0000000081e00000, 0x0000000081f00000, 0x0000000081f00000|100%| O|  |TAMS 0x0000000081f00000, 0x0000000081e00000| Untracked 
|  31|0x0000000081f00000, 0x0000000082000000, 0x0000000082000000|100%| O|  |TAMS 0x0000000082000000, 0x0000000081f00000| Untracked 
|  32|0x0000000082000000, 0x0000000082100000, 0x0000000082100000|100%| O|  |TAMS 0x0000000082100000, 0x0000000082000000| Untracked 
|  33|0x0000000082100000, 0x0000000082200000, 0x0000000082200000|100%| O|  |TAMS 0x0000000082200000, 0x0000000082100000| Untracked 
|  34|0x0000000082200000, 0x0000000082300000, 0x0000000082300000|100%|HS|  |TAMS 0x0000000082200000, 0x0000000082200000| Complete 
|  35|0x0000000082300000, 0x0000000082400000, 0x0000000082400000|100%| O|  |TAMS 0x0000000082400000, 0x0000000082300000| Untracked 
|  36|0x0000000082400000, 0x0000000082500000, 0x0000000082500000|100%|HS|  |TAMS 0x0000000082500000, 0x0000000082400000| Complete 
|  37|0x0000000082500000, 0x0000000082600000, 0x0000000082600000|100%|HC|  |TAMS 0x0000000082600000, 0x0000000082500000| Complete 
|  38|0x0000000082600000, 0x0000000082700000, 0x0000000082700000|100%|HS|  |TAMS 0x0000000082700000, 0x0000000082600000| Complete 
|  39|0x0000000082700000, 0x0000000082800000, 0x0000000082800000|100%|HC|  |TAMS 0x0000000082800000, 0x0000000082700000| Complete 
|  40|0x0000000082800000, 0x0000000082900000, 0x0000000082900000|100%|HC|  |TAMS 0x0000000082900000, 0x0000000082800000| Complete 
|  41|0x0000000082900000, 0x0000000082a00000, 0x0000000082a00000|100%|HC|  |TAMS 0x0000000082a00000, 0x0000000082900000| Complete 
|  42|0x0000000082a00000, 0x0000000082b00000, 0x0000000082b00000|100%|HS|  |TAMS 0x0000000082b00000, 0x0000000082a00000| Complete 
|  43|0x0000000082b00000, 0x0000000082c00000, 0x0000000082c00000|100%|HC|  |TAMS 0x0000000082c00000, 0x0000000082b00000| Complete 
|  44|0x0000000082c00000, 0x0000000082d00000, 0x0000000082d00000|100%|HC|  |TAMS 0x0000000082d00000, 0x0000000082c00000| Complete 
|  45|0x0000000082d00000, 0x0000000082e00000, 0x0000000082e00000|100%|HC|  |TAMS 0x0000000082e00000, 0x0000000082d00000| Complete 
|  46|0x0000000082e00000, 0x0000000082f00000, 0x0000000082f00000|100%| O|  |TAMS 0x0000000082f00000, 0x0000000082e00000| Untracked 
|  47|0x0000000082f00000, 0x0000000083000000, 0x0000000083000000|100%| O|  |TAMS 0x0000000083000000, 0x0000000082f00000| Untracked 
|  48|0x0000000083000000, 0x0000000083100000, 0x0000000083100000|100%| O|  |TAMS 0x0000000083100000, 0x0000000083000000| Untracked 
|  49|0x0000000083100000, 0x0000000083200000, 0x0000000083200000|100%| O|  |TAMS 0x0000000083200000, 0x0000000083100000| Untracked 
|  50|0x0000000083200000, 0x0000000083300000, 0x0000000083300000|100%| O|  |TAMS 0x0000000083300000, 0x0000000083200000| Untracked 
|  51|0x0000000083300000, 0x0000000083400000, 0x0000000083400000|100%| O|  |TAMS 0x0000000083400000, 0x0000000083300000| Untracked 
|  52|0x0000000083400000, 0x0000000083500000, 0x0000000083500000|100%| O|  |TAMS 0x0000000083500000, 0x0000000083400000| Untracked 
|  53|0x0000000083500000, 0x0000000083600000, 0x0000000083600000|100%| O|  |TAMS 0x0000000083600000, 0x0000000083500000| Untracked 
|  54|0x0000000083600000, 0x0000000083700000, 0x0000000083700000|100%| O|  |TAMS 0x0000000083700000, 0x0000000083600000| Untracked 
|  55|0x0000000083700000, 0x0000000083800000, 0x0000000083800000|100%| O|  |TAMS 0x0000000083800000, 0x0000000083700000| Untracked 
|  56|0x0000000083800000, 0x0000000083900000, 0x0000000083900000|100%| O|  |TAMS 0x0000000083900000, 0x0000000083800000| Untracked 
|  57|0x0000000083900000, 0x0000000083a00000, 0x0000000083a00000|100%| O|  |TAMS 0x0000000083a00000, 0x0000000083900000| Untracked 
|  58|0x0000000083a00000, 0x0000000083b00000, 0x0000000083b00000|100%| O|  |TAMS 0x0000000083b00000, 0x0000000083a00000| Untracked 
|  59|0x0000000083b00000, 0x0000000083c00000, 0x0000000083c00000|100%| O|  |TAMS 0x0000000083c00000, 0x0000000083b00000| Untracked 
|  60|0x0000000083c00000, 0x0000000083d00000, 0x0000000083d00000|100%| O|  |TAMS 0x0000000083d00000, 0x0000000083c00000| Untracked 
|  61|0x0000000083d00000, 0x0000000083e00000, 0x0000000083e00000|100%| O|  |TAMS 0x0000000083e00000, 0x0000000083d00000| Untracked 
|  62|0x0000000083e00000, 0x0000000083f00000, 0x0000000083f00000|100%| O|  |TAMS 0x0000000083f00000, 0x0000000083e00000| Untracked 
|  63|0x0000000083f00000, 0x0000000083f00000, 0x0000000084000000|  0%| F|  |TAMS 0x0000000083f00000, 0x0000000083f00000| Untracked 
|  64|0x0000000084000000, 0x0000000084100000, 0x0000000084100000|100%|HS|  |TAMS 0x0000000084000000, 0x0000000084000000| Complete 
|  65|0x0000000084100000, 0x0000000084200000, 0x0000000084200000|100%|HS|  |TAMS 0x0000000084100000, 0x0000000084100000| Complete 
|  66|0x0000000084200000, 0x0000000084300000, 0x0000000084300000|100%| O|  |TAMS 0x0000000084200000, 0x0000000084200000| Untracked 
|  67|0x0000000084300000, 0x0000000084400000, 0x0000000084400000|100%|HS|  |TAMS 0x0000000084300000, 0x0000000084300000| Complete 
|  68|0x0000000084400000, 0x0000000084500000, 0x0000000084500000|100%|HS|  |TAMS 0x0000000084400000, 0x0000000084400000| Complete 
|  69|0x0000000084500000, 0x0000000084600000, 0x0000000084600000|100%| O|  |TAMS 0x0000000084500000, 0x0000000084500000| Untracked 
|  70|0x0000000084600000, 0x0000000084700000, 0x0000000084700000|100%| O|  |TAMS 0x0000000084600000, 0x0000000084600000| Untracked 
|  71|0x0000000084700000, 0x0000000084800000, 0x0000000084800000|100%| O|  |TAMS 0x0000000084700000, 0x0000000084700000| Untracked 
|  72|0x0000000084800000, 0x0000000084900000, 0x0000000084900000|100%| O|  |TAMS 0x0000000084800000, 0x0000000084800000| Untracked 
|  73|0x0000000084900000, 0x0000000084a00000, 0x0000000084a00000|100%| O|  |TAMS 0x0000000084900000, 0x0000000084900000| Untracked 
|  74|0x0000000084a00000, 0x0000000084b00000, 0x0000000084b00000|100%| O|  |TAMS 0x0000000084a00000, 0x0000000084a00000| Untracked 
|  75|0x0000000084b00000, 0x0000000084c00000, 0x0000000084c00000|100%| O|  |TAMS 0x0000000084b00000, 0x0000000084b00000| Untracked 
|  76|0x0000000084c00000, 0x0000000084d00000, 0x0000000084d00000|100%| O|  |TAMS 0x0000000084c00000, 0x0000000084c00000| Untracked 
|  77|0x0000000084d00000, 0x0000000084e00000, 0x0000000084e00000|100%| O|  |TAMS 0x0000000084d00000, 0x0000000084d00000| Untracked 
|  78|0x0000000084e00000, 0x0000000084f00000, 0x0000000084f00000|100%| O|  |TAMS 0x0000000084e00000, 0x0000000084e00000| Untracked 
|  79|0x0000000084f00000, 0x0000000085000000, 0x0000000085000000|100%| O|  |TAMS 0x0000000084f00000, 0x0000000084f00000| Untracked 
|  80|0x0000000085000000, 0x0000000085100000, 0x0000000085100000|100%| O|  |TAMS 0x0000000085000000, 0x0000000085000000| Untracked 
|  81|0x0000000085100000, 0x0000000085100000, 0x0000000085200000|  0%| F|  |TAMS 0x0000000085100000, 0x0000000085100000| Untracked 
|  82|0x0000000085200000, 0x0000000085200000, 0x0000000085300000|  0%| F|  |TAMS 0x0000000085200000, 0x0000000085200000| Untracked 
|  83|0x0000000085300000, 0x0000000085300000, 0x0000000085400000|  0%| F|  |TAMS 0x0000000085300000, 0x0000000085300000| Untracked 
|  84|0x0000000085400000, 0x0000000085400000, 0x0000000085500000|  0%| F|  |TAMS 0x0000000085400000, 0x0000000085400000| Untracked 
|  85|0x0000000085500000, 0x0000000085600000, 0x0000000085600000|100%| O|  |TAMS 0x0000000085500000, 0x0000000085500000| Untracked 
|  86|0x0000000085600000, 0x0000000085700000, 0x0000000085700000|100%| O|  |TAMS 0x0000000085600000, 0x0000000085600000| Untracked 
|  87|0x0000000085700000, 0x0000000085800000, 0x0000000085800000|100%| O|  |TAMS 0x0000000085700000, 0x0000000085700000| Untracked 
|  88|0x0000000085800000, 0x0000000085800000, 0x0000000085900000|  0%| F|  |TAMS 0x0000000085800000, 0x0000000085800000| Untracked 
|  89|0x0000000085900000, 0x0000000085900000, 0x0000000085a00000|  0%| F|  |TAMS 0x0000000085900000, 0x0000000085900000| Untracked 
|  90|0x0000000085a00000, 0x0000000085a00000, 0x0000000085b00000|  0%| F|  |TAMS 0x0000000085a00000, 0x0000000085a00000| Untracked 
|  91|0x0000000085b00000, 0x0000000085b00000, 0x0000000085c00000|  0%| F|  |TAMS 0x0000000085b00000, 0x0000000085b00000| Untracked 
|  92|0x0000000085c00000, 0x0000000085c00000, 0x0000000085d00000|  0%| F|  |TAMS 0x0000000085c00000, 0x0000000085c00000| Untracked 
|  93|0x0000000085d00000, 0x0000000085d00000, 0x0000000085e00000|  0%| F|  |TAMS 0x0000000085d00000, 0x0000000085d00000| Untracked 
|  94|0x0000000085e00000, 0x0000000085e00000, 0x0000000085f00000|  0%| F|  |TAMS 0x0000000085e00000, 0x0000000085e00000| Untracked 
|  95|0x0000000085f00000, 0x0000000085f00000, 0x0000000086000000|  0%| F|  |TAMS 0x0000000085f00000, 0x0000000085f00000| Untracked 
|  96|0x0000000086000000, 0x0000000086000000, 0x0000000086100000|  0%| F|  |TAMS 0x0000000086000000, 0x0000000086000000| Untracked 
|  97|0x0000000086100000, 0x0000000086100000, 0x0000000086200000|  0%| F|  |TAMS 0x0000000086100000, 0x0000000086100000| Untracked 
|  98|0x0000000086200000, 0x0000000086200000, 0x0000000086300000|  0%| F|  |TAMS 0x0000000086200000, 0x0000000086200000| Untracked 
|  99|0x0000000086300000, 0x0000000086300000, 0x0000000086400000|  0%| F|  |TAMS 0x0000000086300000, 0x0000000086300000| Untracked 
| 100|0x0000000086400000, 0x0000000086400000, 0x0000000086500000|  0%| F|  |TAMS 0x0000000086400000, 0x0000000086400000| Untracked 
| 101|0x0000000086500000, 0x0000000086500000, 0x0000000086600000|  0%| F|  |TAMS 0x0000000086500000, 0x0000000086500000| Untracked 
| 102|0x0000000086600000, 0x0000000086600000, 0x0000000086700000|  0%| F|  |TAMS 0x0000000086600000, 0x0000000086600000| Untracked 
| 103|0x0000000086700000, 0x0000000086700000, 0x0000000086800000|  0%| F|  |TAMS 0x0000000086700000, 0x0000000086700000| Untracked 
| 104|0x0000000086800000, 0x0000000086800000, 0x0000000086900000|  0%| F|  |TAMS 0x0000000086800000, 0x0000000086800000| Untracked 
| 105|0x0000000086900000, 0x0000000086900000, 0x0000000086a00000|  0%| F|  |TAMS 0x0000000086900000, 0x0000000086900000| Untracked 
| 106|0x0000000086a00000, 0x0000000086a00000, 0x0000000086b00000|  0%| F|  |TAMS 0x0000000086a00000, 0x0000000086a00000| Untracked 
| 107|0x0000000086b00000, 0x0000000086b00000, 0x0000000086c00000|  0%| F|  |TAMS 0x0000000086b00000, 0x0000000086b00000| Untracked 
| 108|0x0000000086c00000, 0x0000000086c00000, 0x0000000086d00000|  0%| F|  |TAMS 0x0000000086c00000, 0x0000000086c00000| Untracked 
| 109|0x0000000086d00000, 0x0000000086d00000, 0x0000000086e00000|  0%| F|  |TAMS 0x0000000086d00000, 0x0000000086d00000| Untracked 
| 110|0x0000000086e00000, 0x0000000086e00000, 0x0000000086f00000|  0%| F|  |TAMS 0x0000000086e00000, 0x0000000086e00000| Untracked 
| 111|0x0000000086f00000, 0x0000000086f00000, 0x0000000087000000|  0%| F|  |TAMS 0x0000000086f00000, 0x0000000086f00000| Untracked 
| 112|0x0000000087000000, 0x0000000087000000, 0x0000000087100000|  0%| F|  |TAMS 0x0000000087000000, 0x0000000087000000| Untracked 
| 113|0x0000000087100000, 0x0000000087100000, 0x0000000087200000|  0%| F|  |TAMS 0x0000000087100000, 0x0000000087100000| Untracked 
| 114|0x0000000087200000, 0x0000000087200000, 0x0000000087300000|  0%| F|  |TAMS 0x0000000087200000, 0x0000000087200000| Untracked 
| 115|0x0000000087300000, 0x0000000087300000, 0x0000000087400000|  0%| F|  |TAMS 0x0000000087300000, 0x0000000087300000| Untracked 
| 116|0x0000000087400000, 0x0000000087400000, 0x0000000087500000|  0%| F|  |TAMS 0x0000000087400000, 0x0000000087400000| Untracked 
| 117|0x0000000087500000, 0x0000000087500000, 0x0000000087600000|  0%| F|  |TAMS 0x0000000087500000, 0x0000000087500000| Untracked 
| 118|0x0000000087600000, 0x0000000087600000, 0x0000000087700000|  0%| F|  |TAMS 0x0000000087600000, 0x0000000087600000| Untracked 
| 119|0x0000000087700000, 0x0000000087700000, 0x0000000087800000|  0%| F|  |TAMS 0x0000000087700000, 0x0000000087700000| Untracked 
| 120|0x0000000087800000, 0x0000000087800000, 0x0000000087900000|  0%| F|  |TAMS 0x0000000087800000, 0x0000000087800000| Untracked 
| 121|0x0000000087900000, 0x0000000087900000, 0x0000000087a00000|  0%| F|  |TAMS 0x0000000087900000, 0x0000000087900000| Untracked 
| 122|0x0000000087a00000, 0x0000000087a00000, 0x0000000087b00000|  0%| F|  |TAMS 0x0000000087a00000, 0x0000000087a00000| Untracked 
| 123|0x0000000087b00000, 0x0000000087b00000, 0x0000000087c00000|  0%| F|  |TAMS 0x0000000087b00000, 0x0000000087b00000| Untracked 
| 124|0x0000000087c00000, 0x0000000087c00000, 0x0000000087d00000|  0%| F|  |TAMS 0x0000000087c00000, 0x0000000087c00000| Untracked 
| 125|0x0000000087d00000, 0x0000000087d00000, 0x0000000087e00000|  0%| F|  |TAMS 0x0000000087d00000, 0x0000000087d00000| Untracked 
| 126|0x0000000087e00000, 0x0000000087e00000, 0x0000000087f00000|  0%| F|  |TAMS 0x0000000087e00000, 0x0000000087e00000| Untracked 
| 127|0x0000000087f00000, 0x0000000087f00000, 0x0000000088000000|  0%| F|  |TAMS 0x0000000087f00000, 0x0000000087f00000| Untracked 
| 128|0x0000000088000000, 0x0000000088000000, 0x0000000088100000|  0%| F|  |TAMS 0x0000000088000000, 0x0000000088000000| Untracked 
| 129|0x0000000088100000, 0x0000000088100000, 0x0000000088200000|  0%| F|  |TAMS 0x0000000088100000, 0x0000000088100000| Untracked 
| 130|0x0000000088200000, 0x0000000088200000, 0x0000000088300000|  0%| F|  |TAMS 0x0000000088200000, 0x0000000088200000| Untracked 
| 131|0x0000000088300000, 0x0000000088300000, 0x0000000088400000|  0%| F|  |TAMS 0x0000000088300000, 0x0000000088300000| Untracked 
| 132|0x0000000088400000, 0x0000000088400000, 0x0000000088500000|  0%| F|  |TAMS 0x0000000088400000, 0x0000000088400000| Untracked 
| 133|0x0000000088500000, 0x0000000088500000, 0x0000000088600000|  0%| F|  |TAMS 0x0000000088500000, 0x0000000088500000| Untracked 
| 134|0x0000000088600000, 0x0000000088600000, 0x0000000088700000|  0%| F|  |TAMS 0x0000000088600000, 0x0000000088600000| Untracked 
| 135|0x0000000088700000, 0x0000000088700000, 0x0000000088800000|  0%| F|  |TAMS 0x0000000088700000, 0x0000000088700000| Untracked 
| 136|0x0000000088800000, 0x0000000088800000, 0x0000000088900000|  0%| F|  |TAMS 0x0000000088800000, 0x0000000088800000| Untracked 
| 137|0x0000000088900000, 0x0000000088900000, 0x0000000088a00000|  0%| F|  |TAMS 0x0000000088900000, 0x0000000088900000| Untracked 
| 138|0x0000000088a00000, 0x0000000088a00000, 0x0000000088b00000|  0%| F|  |TAMS 0x0000000088a00000, 0x0000000088a00000| Untracked 
| 139|0x0000000088b00000, 0x0000000088b00000, 0x0000000088c00000|  0%| F|  |TAMS 0x0000000088b00000, 0x0000000088b00000| Untracked 
| 140|0x0000000088c00000, 0x0000000088c00000, 0x0000000088d00000|  0%| F|  |TAMS 0x0000000088c00000, 0x0000000088c00000| Untracked 
| 141|0x0000000088d00000, 0x0000000088d00000, 0x0000000088e00000|  0%| F|  |TAMS 0x0000000088d00000, 0x0000000088d00000| Untracked 
| 142|0x0000000088e00000, 0x0000000088e00000, 0x0000000088f00000|  0%| F|  |TAMS 0x0000000088e00000, 0x0000000088e00000| Untracked 
| 143|0x0000000088f00000, 0x0000000088f00000, 0x0000000089000000|  0%| F|  |TAMS 0x0000000088f00000, 0x0000000088f00000| Untracked 
| 144|0x0000000089000000, 0x0000000089000000, 0x0000000089100000|  0%| F|  |TAMS 0x0000000089000000, 0x0000000089000000| Untracked 
| 145|0x0000000089100000, 0x0000000089100000, 0x0000000089200000|  0%| F|  |TAMS 0x0000000089100000, 0x0000000089100000| Untracked 
| 146|0x0000000089200000, 0x0000000089200000, 0x0000000089300000|  0%| F|  |TAMS 0x0000000089200000, 0x0000000089200000| Untracked 
| 147|0x0000000089300000, 0x0000000089300000, 0x0000000089400000|  0%| F|  |TAMS 0x0000000089300000, 0x0000000089300000| Untracked 
| 148|0x0000000089400000, 0x0000000089400000, 0x0000000089500000|  0%| F|  |TAMS 0x0000000089400000, 0x0000000089400000| Untracked 
| 149|0x0000000089500000, 0x0000000089500000, 0x0000000089600000|  0%| F|  |TAMS 0x0000000089500000, 0x0000000089500000| Untracked 
| 150|0x0000000089600000, 0x0000000089600000, 0x0000000089700000|  0%| F|  |TAMS 0x0000000089600000, 0x0000000089600000| Untracked 
| 151|0x0000000089700000, 0x0000000089700000, 0x0000000089800000|  0%| F|  |TAMS 0x0000000089700000, 0x0000000089700000| Untracked 
| 152|0x0000000089800000, 0x00000000898d56b0, 0x0000000089900000| 83%| S|CS|TAMS 0x0000000089800000, 0x0000000089800000| Complete 
| 153|0x0000000089900000, 0x0000000089a00000, 0x0000000089a00000|100%| S|CS|TAMS 0x0000000089900000, 0x0000000089900000| Complete 
| 154|0x0000000089a00000, 0x0000000089b00000, 0x0000000089b00000|100%| S|CS|TAMS 0x0000000089a00000, 0x0000000089a00000| Complete 
| 155|0x0000000089b00000, 0x0000000089c00000, 0x0000000089c00000|100%| S|CS|TAMS 0x0000000089b00000, 0x0000000089b00000| Complete 
| 156|0x0000000089c00000, 0x0000000089d00000, 0x0000000089d00000|100%| S|CS|TAMS 0x0000000089c00000, 0x0000000089c00000| Complete 
| 157|0x0000000089d00000, 0x0000000089e00000, 0x0000000089e00000|100%| S|CS|TAMS 0x0000000089d00000, 0x0000000089d00000| Complete 
| 158|0x0000000089e00000, 0x0000000089f00000, 0x0000000089f00000|100%| S|CS|TAMS 0x0000000089e00000, 0x0000000089e00000| Complete 
| 159|0x0000000089f00000, 0x000000008a000000, 0x000000008a000000|100%| S|CS|TAMS 0x0000000089f00000, 0x0000000089f00000| Complete 
| 160|0x000000008a000000, 0x000000008a100000, 0x000000008a100000|100%| S|CS|TAMS 0x000000008a000000, 0x000000008a000000| Complete 
| 161|0x000000008a100000, 0x000000008a100000, 0x000000008a200000|  0%| F|  |TAMS 0x000000008a100000, 0x000000008a100000| Untracked 
| 162|0x000000008a200000, 0x000000008a200000, 0x000000008a300000|  0%| F|  |TAMS 0x000000008a200000, 0x000000008a200000| Untracked 
| 163|0x000000008a300000, 0x000000008a300000, 0x000000008a400000|  0%| F|  |TAMS 0x000000008a300000, 0x000000008a300000| Untracked 
| 164|0x000000008a400000, 0x000000008a400000, 0x000000008a500000|  0%| F|  |TAMS 0x000000008a400000, 0x000000008a400000| Untracked 
| 165|0x000000008a500000, 0x000000008a500000, 0x000000008a600000|  0%| F|  |TAMS 0x000000008a500000, 0x000000008a500000| Untracked 
| 166|0x000000008a600000, 0x000000008a600000, 0x000000008a700000|  0%| F|  |TAMS 0x000000008a600000, 0x000000008a600000| Untracked 
| 167|0x000000008a700000, 0x000000008a700000, 0x000000008a800000|  0%| F|  |TAMS 0x000000008a700000, 0x000000008a700000| Untracked 
| 168|0x000000008a800000, 0x000000008a800000, 0x000000008a900000|  0%| F|  |TAMS 0x000000008a800000, 0x000000008a800000| Untracked 
| 169|0x000000008a900000, 0x000000008a900000, 0x000000008aa00000|  0%| F|  |TAMS 0x000000008a900000, 0x000000008a900000| Untracked 
| 170|0x000000008aa00000, 0x000000008aa00000, 0x000000008ab00000|  0%| F|  |TAMS 0x000000008aa00000, 0x000000008aa00000| Untracked 
| 171|0x000000008ab00000, 0x000000008ab00000, 0x000000008ac00000|  0%| F|  |TAMS 0x000000008ab00000, 0x000000008ab00000| Untracked 
| 172|0x000000008ac00000, 0x000000008ac00000, 0x000000008ad00000|  0%| F|  |TAMS 0x000000008ac00000, 0x000000008ac00000| Untracked 
| 173|0x000000008ad00000, 0x000000008ad00000, 0x000000008ae00000|  0%| F|  |TAMS 0x000000008ad00000, 0x000000008ad00000| Untracked 
| 174|0x000000008ae00000, 0x000000008ae00000, 0x000000008af00000|  0%| F|  |TAMS 0x000000008ae00000, 0x000000008ae00000| Untracked 
| 175|0x000000008af00000, 0x000000008af00000, 0x000000008b000000|  0%| F|  |TAMS 0x000000008af00000, 0x000000008af00000| Untracked 
| 176|0x000000008b000000, 0x000000008b000000, 0x000000008b100000|  0%| F|  |TAMS 0x000000008b000000, 0x000000008b000000| Untracked 
| 177|0x000000008b100000, 0x000000008b100000, 0x000000008b200000|  0%| F|  |TAMS 0x000000008b100000, 0x000000008b100000| Untracked 
| 178|0x000000008b200000, 0x000000008b200000, 0x000000008b300000|  0%| F|  |TAMS 0x000000008b200000, 0x000000008b200000| Untracked 
| 179|0x000000008b300000, 0x000000008b300000, 0x000000008b400000|  0%| F|  |TAMS 0x000000008b300000, 0x000000008b300000| Untracked 
| 180|0x000000008b400000, 0x000000008b400000, 0x000000008b500000|  0%| F|  |TAMS 0x000000008b400000, 0x000000008b400000| Untracked 
| 181|0x000000008b500000, 0x000000008b500000, 0x000000008b600000|  0%| F|  |TAMS 0x000000008b500000, 0x000000008b500000| Untracked 
| 182|0x000000008b600000, 0x000000008b600000, 0x000000008b700000|  0%| F|  |TAMS 0x000000008b600000, 0x000000008b600000| Untracked 
| 183|0x000000008b700000, 0x000000008b700000, 0x000000008b800000|  0%| F|  |TAMS 0x000000008b700000, 0x000000008b700000| Untracked 
| 184|0x000000008b800000, 0x000000008b800000, 0x000000008b900000|  0%| F|  |TAMS 0x000000008b800000, 0x000000008b800000| Untracked 
| 185|0x000000008b900000, 0x000000008b900000, 0x000000008ba00000|  0%| F|  |TAMS 0x000000008b900000, 0x000000008b900000| Untracked 
| 186|0x000000008ba00000, 0x000000008ba00000, 0x000000008bb00000|  0%| F|  |TAMS 0x000000008ba00000, 0x000000008ba00000| Untracked 
| 187|0x000000008bb00000, 0x000000008bb00000, 0x000000008bc00000|  0%| F|  |TAMS 0x000000008bb00000, 0x000000008bb00000| Untracked 
| 188|0x000000008bc00000, 0x000000008bc00000, 0x000000008bd00000|  0%| F|  |TAMS 0x000000008bc00000, 0x000000008bc00000| Untracked 
| 189|0x000000008bd00000, 0x000000008bd00000, 0x000000008be00000|  0%| F|  |TAMS 0x000000008bd00000, 0x000000008bd00000| Untracked 
| 190|0x000000008be00000, 0x000000008be00000, 0x000000008bf00000|  0%| F|  |TAMS 0x000000008be00000, 0x000000008be00000| Untracked 
| 191|0x000000008bf00000, 0x000000008bf00000, 0x000000008c000000|  0%| F|  |TAMS 0x000000008bf00000, 0x000000008bf00000| Untracked 
| 192|0x000000008c000000, 0x000000008c000000, 0x000000008c100000|  0%| F|  |TAMS 0x000000008c000000, 0x000000008c000000| Untracked 
| 193|0x000000008c100000, 0x000000008c100000, 0x000000008c200000|  0%| F|  |TAMS 0x000000008c100000, 0x000000008c100000| Untracked 
| 194|0x000000008c200000, 0x000000008c200000, 0x000000008c300000|  0%| F|  |TAMS 0x000000008c200000, 0x000000008c200000| Untracked 
| 195|0x000000008c300000, 0x000000008c300000, 0x000000008c400000|  0%| F|  |TAMS 0x000000008c300000, 0x000000008c300000| Untracked 
| 196|0x000000008c400000, 0x000000008c400000, 0x000000008c500000|  0%| F|  |TAMS 0x000000008c400000, 0x000000008c400000| Untracked 
| 197|0x000000008c500000, 0x000000008c500000, 0x000000008c600000|  0%| F|  |TAMS 0x000000008c500000, 0x000000008c500000| Untracked 
| 198|0x000000008c600000, 0x000000008c600000, 0x000000008c700000|  0%| F|  |TAMS 0x000000008c600000, 0x000000008c600000| Untracked 
| 199|0x000000008c700000, 0x000000008c700000, 0x000000008c800000|  0%| F|  |TAMS 0x000000008c700000, 0x000000008c700000| Untracked 
| 200|0x000000008c800000, 0x000000008c800000, 0x000000008c900000|  0%| F|  |TAMS 0x000000008c800000, 0x000000008c800000| Untracked 
| 201|0x000000008c900000, 0x000000008c900000, 0x000000008ca00000|  0%| F|  |TAMS 0x000000008c900000, 0x000000008c900000| Untracked 
| 202|0x000000008ca00000, 0x000000008ca00000, 0x000000008cb00000|  0%| F|  |TAMS 0x000000008ca00000, 0x000000008ca00000| Untracked 
| 203|0x000000008cb00000, 0x000000008cb00000, 0x000000008cc00000|  0%| F|  |TAMS 0x000000008cb00000, 0x000000008cb00000| Untracked 
| 204|0x000000008cc00000, 0x000000008cc00000, 0x000000008cd00000|  0%| F|  |TAMS 0x000000008cc00000, 0x000000008cc00000| Untracked 
| 205|0x000000008cd00000, 0x000000008cd00000, 0x000000008ce00000|  0%| F|  |TAMS 0x000000008cd00000, 0x000000008cd00000| Untracked 
| 206|0x000000008ce00000, 0x000000008ce00000, 0x000000008cf00000|  0%| F|  |TAMS 0x000000008ce00000, 0x000000008ce00000| Untracked 
| 207|0x000000008cf00000, 0x000000008cf00000, 0x000000008d000000|  0%| F|  |TAMS 0x000000008cf00000, 0x000000008cf00000| Untracked 
| 208|0x000000008d000000, 0x000000008d000000, 0x000000008d100000|  0%| F|  |TAMS 0x000000008d000000, 0x000000008d000000| Untracked 
| 209|0x000000008d100000, 0x000000008d100000, 0x000000008d200000|  0%| F|  |TAMS 0x000000008d100000, 0x000000008d100000| Untracked 
| 210|0x000000008d200000, 0x000000008d200000, 0x000000008d300000|  0%| F|  |TAMS 0x000000008d200000, 0x000000008d200000| Untracked 
| 211|0x000000008d300000, 0x000000008d300000, 0x000000008d400000|  0%| F|  |TAMS 0x000000008d300000, 0x000000008d300000| Untracked 
| 212|0x000000008d400000, 0x000000008d400000, 0x000000008d500000|  0%| F|  |TAMS 0x000000008d400000, 0x000000008d400000| Untracked 
| 213|0x000000008d500000, 0x000000008d500000, 0x000000008d600000|  0%| F|  |TAMS 0x000000008d500000, 0x000000008d500000| Untracked 
| 214|0x000000008d600000, 0x000000008d600000, 0x000000008d700000|  0%| F|  |TAMS 0x000000008d600000, 0x000000008d600000| Untracked 
| 215|0x000000008d700000, 0x000000008d700000, 0x000000008d800000|  0%| F|  |TAMS 0x000000008d700000, 0x000000008d700000| Untracked 
| 216|0x000000008d800000, 0x000000008d800000, 0x000000008d900000|  0%| F|  |TAMS 0x000000008d800000, 0x000000008d800000| Untracked 
| 217|0x000000008d900000, 0x000000008d900000, 0x000000008da00000|  0%| F|  |TAMS 0x000000008d900000, 0x000000008d900000| Untracked 
| 218|0x000000008da00000, 0x000000008da00000, 0x000000008db00000|  0%| F|  |TAMS 0x000000008da00000, 0x000000008da00000| Untracked 
| 219|0x000000008db00000, 0x000000008db00000, 0x000000008dc00000|  0%| F|  |TAMS 0x000000008db00000, 0x000000008db00000| Untracked 
| 220|0x000000008dc00000, 0x000000008dc00000, 0x000000008dd00000|  0%| F|  |TAMS 0x000000008dc00000, 0x000000008dc00000| Untracked 
| 221|0x000000008dd00000, 0x000000008dd00000, 0x000000008de00000|  0%| F|  |TAMS 0x000000008dd00000, 0x000000008dd00000| Untracked 
| 222|0x000000008de00000, 0x000000008de00000, 0x000000008df00000|  0%| F|  |TAMS 0x000000008de00000, 0x000000008de00000| Untracked 
| 223|0x000000008df00000, 0x000000008df00000, 0x000000008e000000|  0%| F|  |TAMS 0x000000008df00000, 0x000000008df00000| Untracked 
| 224|0x000000008e000000, 0x000000008e0cb8d8, 0x000000008e100000| 79%| E|  |TAMS 0x000000008e000000, 0x000000008e000000| Complete 
| 225|0x000000008e100000, 0x000000008e200000, 0x000000008e200000|100%| E|CS|TAMS 0x000000008e100000, 0x000000008e100000| Complete 
| 226|0x000000008e200000, 0x000000008e300000, 0x000000008e300000|100%| E|CS|TAMS 0x000000008e200000, 0x000000008e200000| Complete 
| 227|0x000000008e300000, 0x000000008e400000, 0x000000008e400000|100%| E|CS|TAMS 0x000000008e300000, 0x000000008e300000| Complete 
| 228|0x000000008e400000, 0x000000008e500000, 0x000000008e500000|100%| E|CS|TAMS 0x000000008e400000, 0x000000008e400000| Complete 
| 229|0x000000008e500000, 0x000000008e600000, 0x000000008e600000|100%| E|CS|TAMS 0x000000008e500000, 0x000000008e500000| Complete 
| 230|0x000000008e600000, 0x000000008e700000, 0x000000008e700000|100%| E|CS|TAMS 0x000000008e600000, 0x000000008e600000| Complete 
| 271|0x0000000090f00000, 0x0000000091000000, 0x0000000091000000|100%| E|CS|TAMS 0x0000000090f00000, 0x0000000090f00000| Complete 
| 272|0x0000000091000000, 0x0000000091100000, 0x0000000091100000|100%| E|CS|TAMS 0x0000000091000000, 0x0000000091000000| Complete 
| 273|0x0000000091100000, 0x0000000091200000, 0x0000000091200000|100%| E|CS|TAMS 0x0000000091100000, 0x0000000091100000| Complete 

Card table byte_map: [0x000001e95b650000,0x000001e95ba50000] _byte_map_base: 0x000001e95b250000

Marking Bits (Prev, Next): (CMBitMap*) 0x000001e94401b030, (CMBitMap*) 0x000001e94401aff0
 Prev Bits: [0x000001e95de50000, 0x000001e95fe50000)
 Next Bits: [0x000001e95be50000, 0x000001e95de50000)

Polling page: 0x000001e943780000

Metaspace:

Usage:
  Non-class:     72.87 MB used.
      Class:     11.60 MB used.
       Both:     84.47 MB used.

Virtual space:
  Non-class space:      128.00 MB reserved,      73.81 MB ( 58%) committed,  2 nodes.
      Class space:      412.00 MB reserved,      12.75 MB (  3%) committed,  1 nodes.
             Both:      540.00 MB reserved,      86.56 MB ( 16%) committed. 

Chunk freelists:
   Non-Class:  1.75 MB
       Class:  3.11 MB
        Both:  4.86 MB

MaxMetaspaceSize: 512.00 MB
CompressedClassSpaceSize: 412.00 MB
Initial GC threshold: 21.00 MB
Current GC threshold: 115.44 MB
CDS: on
MetaspaceReclaimPolicy: balanced
 - commit_granule_bytes: 65536.
 - commit_granule_words: 8192.
 - virtual_space_node_default_size: 8388608.
 - enlarge_chunks_in_place: 1.
 - new_chunks_are_fully_committed: 0.
 - uncommit_free_chunks: 1.
 - use_allocation_guard: 0.


Internal statistics:

num_allocs_failed_limit: 18.
num_arena_births: 3838.
num_arena_deaths: 0.
num_vsnodes_births: 3.
num_vsnodes_deaths: 0.
num_space_committed: 1385.
num_space_uncommitted: 0.
num_chunks_returned_to_freelist: 18.
num_chunks_taken_from_freelist: 7982.
num_chunk_merges: 15.
num_chunk_splits: 5169.
num_chunks_enlarged: 3163.
num_inconsistent_stats: 0.

CodeHeap 'non-profiled nmethods': size=120000Kb used=5034Kb max_used=5408Kb free=114965Kb
 bounds [0x000001e9539f0000, 0x000001e953f50000, 0x000001e95af20000]
CodeHeap 'profiled nmethods': size=120000Kb used=17142Kb max_used=18523Kb free=102857Kb
 bounds [0x000001e94bf20000, 0x000001e94d160000, 0x000001e953450000]
CodeHeap 'non-nmethods': size=5760Kb used=2474Kb max_used=2521Kb free=3285Kb
 bounds [0x000001e953450000, 0x000001e9536e0000, 0x000001e9539f0000]
 total_blobs=9989 nmethods=9067 adapters=832
 compilation: enabled
              stopped_count=0, restarted_count=0
 full_count=0

Compilation events (20 events):
Event: 290.978 Thread 0x000001e9628672f0 nmethod 10722 0x000001e953d14690 code [0x000001e953d14800, 0x000001e953d14878]
Event: 291.228 Thread 0x000001e9628672f0 10723       4       org.gradle.internal.time.MonotonicClock::getCurrentTime (70 bytes)
Event: 291.238 Thread 0x000001e9628672f0 nmethod 10723 0x000001e953c0a010 code [0x000001e953c0a1c0, 0x000001e953c0a4d8]
Event: 294.062 Thread 0x000001e9628688e0 10724       3       org.codehaus.groovy.reflection.AccessPermissionChecker::checkAccessPermission (70 bytes)
Event: 294.063 Thread 0x000001e9628688e0 nmethod 10724 0x000001e94c5dc110 code [0x000001e94c5dc2c0, 0x000001e94c5dc498]
Event: 306.704 Thread 0x000001e9628688e0 10725       3       org.gradle.internal.time.DefaultTimer::reset (14 bytes)
Event: 306.860 Thread 0x000001e9628688e0 nmethod 10725 0x000001e94c1e0110 code [0x000001e94c1e02c0, 0x000001e94c1e04b8]
Event: 311.223 Thread 0x000001e9628688e0 10726       3       jdk.management.jfr.internal.FlightRecorderMXBeanProvider$SingleMBeanComponent::mbeanInterfaceNames (11 bytes)
Event: 311.278 Thread 0x000001e9628688e0 nmethod 10726 0x000001e94c0b8790 code [0x000001e94c0b8980, 0x000001e94c0b8e08]
Event: 311.367 Thread 0x000001e9628688e0 10727       3       org.gradle.internal.operations.CurrentBuildOperationRef::instance (4 bytes)
Event: 311.378 Thread 0x000001e9628688e0 nmethod 10727 0x000001e94c127990 code [0x000001e94c127b20, 0x000001e94c127c18]
Event: 311.380 Thread 0x000001e9628672f0 10728       4       java.lang.ThreadLocal::setInitialValue (76 bytes)
Event: 311.451 Thread 0x000001e9628688e0 10729   !   3       java.io.FileInputStream::read (30 bytes)
Event: 311.522 Thread 0x000001e9628688e0 nmethod 10729 0x000001e94c8a4b90 code [0x000001e94c8a4d60, 0x000001e94c8a4f78]
Event: 311.523 Thread 0x000001e9628688e0 10732       3       org.gradle.process.internal.streams.ExecOutputHandleRunner$$Lambda$589/0x00000008015ba610::call (16 bytes)
Event: 311.561 Thread 0x000001e9628688e0 nmethod 10732 0x000001e94c3ef810 code [0x000001e94c3ef9e0, 0x000001e94c3efd78]
Event: 311.561 Thread 0x000001e9628688e0 10730       3       org.gradle.process.internal.streams.ExecOutputHandleRunner$$Lambda$589/0x00000008015ba610::<init> (20 bytes)
Event: 311.564 Thread 0x000001e9628688e0 nmethod 10730 0x000001e94c60da90 code [0x000001e94c60dc40, 0x000001e94c60de58]
Event: 311.566 Thread 0x000001e9628688e0 10731   !   3       org.gradle.internal.operations.CurrentBuildOperationRef::with (36 bytes)
Event: 311.588 Thread 0x000001e9628688e0 nmethod 10731 0x000001e94c382a90 code [0x000001e94c382d40, 0x000001e94c383cc8]

GC Heap History (20 events):
Event: 183.811 GC heap before
{Heap before GC invocations=23 (full 0):
 garbage-first heap   total 116736K, used 95004K [0x0000000080000000, 0x0000000100000000)
  region size 1024K, 37 young (37888K), 1 survivors (1024K)
 Metaspace       used 65091K, committed 67072K, reserved 487424K
  class space    used 9087K, committed 10112K, reserved 421888K
}
Event: 183.818 GC heap after
{Heap after GC invocations=24 (full 0):
 garbage-first heap   total 116736K, used 59987K [0x0000000080000000, 0x0000000100000000)
  region size 1024K, 2 young (2048K), 2 survivors (2048K)
 Metaspace       used 65091K, committed 67072K, reserved 487424K
  class space    used 9087K, committed 10112K, reserved 421888K
}
Event: 186.762 GC heap before
{Heap before GC invocations=25 (full 0):
 garbage-first heap   total 116736K, used 94803K [0x0000000080000000, 0x0000000100000000)
  region size 1024K, 37 young (37888K), 2 survivors (2048K)
 Metaspace       used 66641K, committed 68544K, reserved 487424K
  class space    used 9285K, committed 10240K, reserved 421888K
}
Event: 186.820 GC heap after
{Heap after GC invocations=26 (full 0):
 garbage-first heap   total 116736K, used 63890K [0x0000000080000000, 0x0000000100000000)
  region size 1024K, 5 young (5120K), 5 survivors (5120K)
 Metaspace       used 66641K, committed 68544K, reserved 487424K
  class space    used 9285K, committed 10240K, reserved 421888K
}
Event: 186.980 GC heap before
{Heap before GC invocations=26 (full 0):
 garbage-first heap   total 116736K, used 64914K [0x0000000080000000, 0x0000000100000000)
  region size 1024K, 6 young (6144K), 5 survivors (5120K)
 Metaspace       used 66732K, committed 68672K, reserved 487424K
  class space    used 9302K, committed 10304K, reserved 421888K
}
Event: 187.025 GC heap after
{Heap after GC invocations=27 (full 0):
 garbage-first heap   total 116736K, used 64360K [0x0000000080000000, 0x0000000100000000)
  region size 1024K, 1 young (1024K), 1 survivors (1024K)
 Metaspace       used 66732K, committed 68672K, reserved 487424K
  class space    used 9302K, committed 10304K, reserved 421888K
}
Event: 199.695 GC heap before
{Heap before GC invocations=27 (full 0):
 garbage-first heap   total 116736K, used 96104K [0x0000000080000000, 0x0000000100000000)
  region size 1024K, 32 young (32768K), 1 survivors (1024K)
 Metaspace       used 68832K, committed 70848K, reserved 487424K
  class space    used 9581K, committed 10624K, reserved 421888K
}
Event: 199.823 GC heap after
{Heap after GC invocations=28 (full 0):
 garbage-first heap   total 280576K, used 67104K [0x0000000080000000, 0x0000000100000000)
  region size 1024K, 4 young (4096K), 4 survivors (4096K)
 Metaspace       used 68832K, committed 70848K, reserved 487424K
  class space    used 9581K, committed 10624K, reserved 421888K
}
Event: 251.395 GC heap before
{Heap before GC invocations=29 (full 0):
 garbage-first heap   total 239616K, used 153120K [0x0000000080000000, 0x0000000100000000)
  region size 1024K, 83 young (84992K), 4 survivors (4096K)
 Metaspace       used 73033K, committed 75072K, reserved 487424K
  class space    used 10218K, committed 11264K, reserved 421888K
}
Event: 252.044 GC heap after
{Heap after GC invocations=30 (full 0):
 garbage-first heap   total 239616K, used 81255K [0x0000000080000000, 0x0000000100000000)
  region size 1024K, 11 young (11264K), 11 survivors (11264K)
 Metaspace       used 73033K, committed 75072K, reserved 487424K
  class space    used 10218K, committed 11264K, reserved 421888K
}
Event: 252.982 GC heap before
{Heap before GC invocations=30 (full 0):
 garbage-first heap   total 239616K, used 82279K [0x0000000080000000, 0x0000000100000000)
  region size 1024K, 12 young (12288K), 11 survivors (11264K)
 Metaspace       used 73105K, committed 75136K, reserved 487424K
  class space    used 10227K, committed 11264K, reserved 421888K
}
Event: 253.119 GC heap after
{Heap after GC invocations=31 (full 0):
 garbage-first heap   total 239616K, used 82436K [0x0000000080000000, 0x0000000100000000)
  region size 1024K, 1 young (1024K), 1 survivors (1024K)
 Metaspace       used 73105K, committed 75136K, reserved 487424K
  class space    used 10227K, committed 11264K, reserved 421888K
}
Event: 264.808 GC heap before
{Heap before GC invocations=31 (full 0):
 garbage-first heap   total 239616K, used 137732K [0x0000000080000000, 0x0000000100000000)
  region size 1024K, 52 young (53248K), 1 survivors (1024K)
 Metaspace       used 77698K, committed 79744K, reserved 552960K
  class space    used 10718K, committed 11776K, reserved 421888K
}
Event: 264.855 GC heap after
{Heap after GC invocations=32 (full 0):
 garbage-first heap   total 239616K, used 90352K [0x0000000080000000, 0x0000000100000000)
  region size 1024K, 6 young (6144K), 6 survivors (6144K)
 Metaspace       used 77698K, committed 79744K, reserved 552960K
  class space    used 10718K, committed 11776K, reserved 421888K
}
Event: 273.482 GC heap before
{Heap before GC invocations=32 (full 0):
 garbage-first heap   total 239616K, used 131312K [0x0000000080000000, 0x0000000100000000)
  region size 1024K, 44 young (45056K), 6 survivors (6144K)
 Metaspace       used 80139K, committed 82240K, reserved 552960K
  class space    used 11033K, committed 12096K, reserved 421888K
}
Event: 273.697 GC heap after
{Heap after GC invocations=33 (full 0):
 garbage-first heap   total 239616K, used 88398K [0x0000000080000000, 0x0000000100000000)
  region size 1024K, 4 young (4096K), 4 survivors (4096K)
 Metaspace       used 80139K, committed 82240K, reserved 552960K
  class space    used 11033K, committed 12096K, reserved 421888K
}
Event: 283.178 GC heap before
{Heap before GC invocations=33 (full 0):
 garbage-first heap   total 239616K, used 129358K [0x0000000080000000, 0x0000000100000000)
  region size 1024K, 44 young (45056K), 4 survivors (4096K)
 Metaspace       used 83260K, committed 85376K, reserved 552960K
  class space    used 11444K, committed 12544K, reserved 421888K
}
Event: 283.210 GC heap after
{Heap after GC invocations=34 (full 0):
 garbage-first heap   total 239616K, used 89611K [0x0000000080000000, 0x0000000100000000)
  region size 1024K, 5 young (5120K), 5 survivors (5120K)
 Metaspace       used 83260K, committed 85376K, reserved 552960K
  class space    used 11444K, committed 12544K, reserved 421888K
}
Event: 289.714 GC heap before
{Heap before GC invocations=34 (full 0):
 garbage-first heap   total 239616K, used 159243K [0x0000000080000000, 0x0000000100000000)
  region size 1024K, 73 young (74752K), 5 survivors (5120K)
 Metaspace       used 86451K, committed 88576K, reserved 552960K
  class space    used 11872K, committed 12992K, reserved 421888K
}
Event: 289.844 GC heap after
{Heap after GC invocations=35 (full 0):
 garbage-first heap   total 239616K, used 94037K [0x0000000080000000, 0x0000000100000000)
  region size 1024K, 9 young (9216K), 9 survivors (9216K)
 Metaspace       used 86451K, committed 88576K, reserved 552960K
  class space    used 11872K, committed 12992K, reserved 421888K
}

Dll operation events (15 events):
Event: 0.664 Loaded shared library C:\Program Files\Java\jdk-19\bin\java.dll
Event: 0.988 Loaded shared library C:\Program Files\Java\jdk-19\bin\jsvml.dll
Event: 2.478 Loaded shared library C:\Program Files\Java\jdk-19\bin\zip.dll
Event: 2.534 Loaded shared library C:\Program Files\Java\jdk-19\bin\instrument.dll
Event: 2.638 Loaded shared library C:\Program Files\Java\jdk-19\bin\net.dll
Event: 2.690 Loaded shared library C:\Program Files\Java\jdk-19\bin\nio.dll
Event: 2.900 Loaded shared library C:\Program Files\Java\jdk-19\bin\zip.dll
Event: 33.314 Loaded shared library C:\Program Files\Java\jdk-19\bin\jimage.dll
Event: 35.764 Loaded shared library C:\Program Files\Java\jdk-19\bin\verify.dll
Event: 38.741 Loaded shared library C:\Users\md mursaleen\.gradle\native\c067742578af261105cb4f569cf0c3c89f3d7b1fecec35dd04571415982c5e48\windows-amd64\native-platform.dll
Event: 38.971 Loaded shared library C:\Users\md mursaleen\.gradle\native\38dada09dfb8b06ba9b0570ebf7e218e3eb74d4ef43ca46872605cf95ebc2f47\windows-amd64\native-platform-file-events.dll
Event: 61.399 Loaded shared library C:\Program Files\Java\jdk-19\bin\management.dll
Event: 61.562 Loaded shared library C:\Program Files\Java\jdk-19\bin\management_ext.dll
Event: 65.194 Loaded shared library C:\Program Files\Java\jdk-19\bin\extnet.dll
Event: 73.160 Loaded shared library C:\Program Files\Java\jdk-19\bin\sunmscapi.dll

Deoptimization events (20 events):
Event: 286.430 Thread 0x000001e967db5cf0 DEOPT PACKING pc=0x000001e953bc44f8 sp=0x000000c2029f4500
Event: 286.434 Thread 0x000001e967db5cf0 DEOPT UNPACKING pc=0x000001e9534b6da3 sp=0x000000c2029f4488 mode 2
Event: 287.319 Thread 0x000001e967db5cf0 Uncommon trap: trap_request=0xffffff45 fr.pc=0x000001e953d97084 relative=0x0000000000000444
Event: 287.319 Thread 0x000001e967db5cf0 Uncommon trap: reason=unstable_if action=reinterpret pc=0x000001e953d97084 method=java.util.StringJoiner.add(Ljava/lang/CharSequence;)Ljava/util/StringJoiner; @ 33 c2
Event: 287.319 Thread 0x000001e967db5cf0 DEOPT PACKING pc=0x000001e953d97084 sp=0x000000c2029f3c50
Event: 287.319 Thread 0x000001e967db5cf0 DEOPT UNPACKING pc=0x000001e9534b6da3 sp=0x000000c2029f3c00 mode 2
Event: 287.428 Thread 0x000001e967db5cf0 Uncommon trap: trap_request=0xffffff45 fr.pc=0x000001e953c69e5c relative=0x000000000000069c
Event: 287.428 Thread 0x000001e967db5cf0 Uncommon trap: reason=unstable_if action=reinterpret pc=0x000001e953c69e5c method=groovy.lang.MetaClassImpl.filterPropertyMethod(Ljava/lang/Object;ZZ)Ljava/lang/Object; @ 60 c2
Event: 287.429 Thread 0x000001e967db5cf0 DEOPT PACKING pc=0x000001e953c69e5c sp=0x000000c2029f4870
Event: 287.429 Thread 0x000001e967db5cf0 DEOPT UNPACKING pc=0x000001e9534b6da3 sp=0x000000c2029f47f8 mode 2
Event: 287.627 Thread 0x000001e967db5cf0 Uncommon trap: trap_request=0xfffffff4 fr.pc=0x000001e953e01fc0 relative=0x00000000000004e0
Event: 287.627 Thread 0x000001e967db5cf0 Uncommon trap: reason=null_check action=make_not_entrant pc=0x000001e953e01fc0 method=java.lang.PublicMethods$MethodList.getMostSpecific()Ljava/lang/reflect/Method; @ 41 c2
Event: 287.627 Thread 0x000001e967db5cf0 DEOPT PACKING pc=0x000001e953e01fc0 sp=0x000000c2029f1b70
Event: 287.627 Thread 0x000001e967db5cf0 DEOPT UNPACKING pc=0x000001e9534b6da3 sp=0x000000c2029f1a30 mode 2
Event: 289.910 Thread 0x000001e967db5cf0 Uncommon trap: trap_request=0xffffff45 fr.pc=0x000001e953e9f2c4 relative=0x0000000000000324
Event: 289.911 Thread 0x000001e967db5cf0 Uncommon trap: reason=unstable_if action=reinterpret pc=0x000001e953e9f2c4 method=org.codehaus.groovy.runtime.metaclass.MetaMethodIndex.isOverridden(Lgroovy/lang/MetaMethod;Lgroovy/lang/MetaMethod;)Z @ 52 c2
Event: 289.911 Thread 0x000001e967db5cf0 DEOPT PACKING pc=0x000001e953e9f2c4 sp=0x000000c2029f21d0
Event: 289.911 Thread 0x000001e967db5cf0 DEOPT UNPACKING pc=0x000001e9534b6da3 sp=0x000000c2029f2170 mode 2
Event: 290.164 Thread 0x000001e967db5cf0 DEOPT PACKING pc=0x000001e94bfa1165 sp=0x000000c2029f5c60
Event: 290.164 Thread 0x000001e967db5cf0 DEOPT UNPACKING pc=0x000001e9534b7543 sp=0x000000c2029f5188 mode 0

Classes loaded (20 events):
Event: 285.765 Loading class java/util/TreeMap$EntrySpliterator
Event: 285.766 Loading class java/util/TreeMap$EntrySpliterator done
Event: 285.897 Loading class java/util/Stack
Event: 285.907 Loading class java/util/Stack done
Event: 286.071 Loading class org/xml/sax/ContentHandler
Event: 286.075 Loading class org/xml/sax/ContentHandler done
Event: 286.075 Loading class org/xml/sax/EntityResolver
Event: 286.076 Loading class org/xml/sax/EntityResolver done
Event: 286.076 Loading class org/xml/sax/DTDHandler
Event: 286.076 Loading class org/xml/sax/DTDHandler done
Event: 286.138 Loading class java/util/Spliterators$IntArraySpliterator
Event: 286.139 Loading class java/util/Spliterators$IntArraySpliterator done
Event: 286.164 Loading class java/text/ParsePosition
Event: 286.165 Loading class java/text/ParsePosition done
Event: 286.199 Loading class java/text/CharacterIterator
Event: 286.200 Loading class java/text/CharacterIterator done
Event: 286.202 Loading class java/text/StringCharacterIterator
Event: 286.202 Loading class java/text/StringCharacterIterator done
Event: 288.192 Loading class java/beans/IntrospectionException
Event: 288.209 Loading class java/beans/IntrospectionException done

Classes unloaded (0 events):
No events

Classes redefined (0 events):
No events

Internal exceptions (20 events):
Event: 289.349 Thread 0x000001e967db5cf0 Exception <a 'java/lang/ClassNotFoundException'{0x000000008a316060}: com/android/builder/signing/DefaultSigningConfigBeanInfo> (0x000000008a316060) 
thrown [s\open\src\hotspot\share\classfile\systemDictionary.cpp, line 255]
Event: 289.351 Thread 0x000001e967db5cf0 Exception <a 'java/lang/ClassNotFoundException'{0x000000008a326720}: com/android/builder/signing/DefaultSigningConfigCustomizer> (0x000000008a326720) 
thrown [s\open\src\hotspot\share\classfile\systemDictionary.cpp, line 255]
Event: 289.363 Thread 0x000001e967db5cf0 Exception <a 'java/lang/ClassNotFoundException'{0x000000008a34e760}: com/android/build/gradle/internal/dsl/SigningConfigCustomizer> (0x000000008a34e760) 
thrown [s\open\src\hotspot\share\classfile\systemDictionary.cpp, line 255]
Event: 289.372 Thread 0x000001e967db5cf0 Exception <a 'java/lang/ClassNotFoundException'{0x000000008a366ed8}: com/android/build/gradle/internal/dsl/SigningConfig$AgpDecoratedCustomizer> (0x000000008a366ed8) 
thrown [s\open\src\hotspot\share\classfile\systemDictionary.cpp, line 255]
Event: 289.397 Thread 0x000001e967db5cf0 Exception <a 'java/lang/ClassNotFoundException'{0x000000008a39b560}: com/android/build/gradle/internal/dsl/SigningConfig$AgpDecorated_DecoratedCustomizer> (0x000000008a39b560) 
thrown [s\open\src\hotspot\share\classfile\systemDictionary.cpp, line 255]
Event: 289.446 Thread 0x000001e967db5cf0 Exception <a 'java/lang/ClassNotFoundException'{0x000000008a20b858}: build_au7d3m0c14am3q5w7bzzdzuh1$_run_closure2$_closure5BeanInfo> (0x000000008a20b858) 
thrown [s\open\src\hotspot\share\classfile\systemDictionary.cpp, line 255]
Event: 289.447 Thread 0x000001e967db5cf0 Exception <a 'java/lang/ClassNotFoundException'{0x000000008a2195f0}: build_au7d3m0c14am3q5w7bzzdzuh1$_run_closure2$_closure5Customizer> (0x000000008a2195f0) 
thrown [s\open\src\hotspot\share\classfile\systemDictionary.cpp, line 255]
Event: 289.458 Thread 0x000001e967db5cf0 Exception <a 'java/lang/ClassNotFoundException'{0x000000008a24ab20}: build_au7d3m0c14am3q5w7bzzdzuh1$_run_closure2BeanInfo> (0x000000008a24ab20) 
thrown [s\open\src\hotspot\share\classfile\systemDictionary.cpp, line 255]
Event: 289.459 Thread 0x000001e967db5cf0 Exception <a 'java/lang/ClassNotFoundException'{0x000000008a2587f0}: build_au7d3m0c14am3q5w7bzzdzuh1$_run_closure2Customizer> (0x000000008a2587f0) 
thrown [s\open\src\hotspot\share\classfile\systemDictionary.cpp, line 255]
Event: 289.931 Thread 0x000001e967db5cf0 Exception <a 'java/lang/ClassNotFoundException'{0x000000008e4f1108}: com/android/build/gradle/internal/dsl/BuildType$AgpDecorated_DecoratedBeanInfo> (0x000000008e4f1108) 
thrown [s\open\src\hotspot\share\classfile\systemDictionary.cpp, line 255]
Event: 289.939 Thread 0x000001e967db5cf0 Exception <a 'java/lang/ClassNotFoundException'{0x000000008e301de0}: com/android/build/gradle/internal/dsl/BuildType$AgpDecoratedBeanInfo> (0x000000008e301de0) 
thrown [s\open\src\hotspot\share\classfile\systemDictionary.cpp, line 255]
Event: 289.941 Thread 0x000001e967db5cf0 Exception <a 'java/lang/ClassNotFoundException'{0x000000008e312498}: com/android/build/gradle/internal/dsl/BuildTypeBeanInfo> (0x000000008e312498) 
thrown [s\open\src\hotspot\share\classfile\systemDictionary.cpp, line 255]
Event: 289.944 Thread 0x000001e967db5cf0 Exception <a 'java/lang/ClassNotFoundException'{0x000000008e322a78}: com/android/builder/core/AbstractBuildTypeBeanInfo> (0x000000008e322a78) 
thrown [s\open\src\hotspot\share\classfile\systemDictionary.cpp, line 255]
Event: 289.947 Thread 0x000001e967db5cf0 Exception <a 'java/lang/ClassNotFoundException'{0x000000008e333048}: com/android/builder/core/AbstractBuildTypeCustomizer> (0x000000008e333048) 
thrown [s\open\src\hotspot\share\classfile\systemDictionary.cpp, line 255]
Event: 289.950 Thread 0x000001e967db5cf0 Exception <a 'java/lang/ClassNotFoundException'{0x000000008e35fb40}: com/android/build/gradle/internal/dsl/BuildTypeCustomizer> (0x000000008e35fb40) 
thrown [s\open\src\hotspot\share\classfile\systemDictionary.cpp, line 255]
Event: 289.955 Thread 0x000001e967db5cf0 Exception <a 'java/lang/ClassNotFoundException'{0x000000008e3ebaf0}: com/android/build/gradle/internal/dsl/BuildType$AgpDecoratedCustomizer> (0x000000008e3ebaf0) 
thrown [s\open\src\hotspot\share\classfile\systemDictionary.cpp, line 255]
Event: 289.959 Thread 0x000001e967db5cf0 Exception <a 'java/lang/ClassNotFoundException'{0x000000008e240ab8}: com/android/build/gradle/internal/dsl/BuildType$AgpDecorated_DecoratedCustomizer> (0x000000008e240ab8) 
thrown [s\open\src\hotspot\share\classfile\systemDictionary.cpp, line 255]
Event: 289.995 Thread 0x000001e967db5cf0 Exception <a 'java/lang/NoSuchMethodError'{0x000000008e117a80}: 'void java.lang.invoke.DirectMethodHandle$Holder.invokeVirtual(java.lang.Object, java.lang.Object, int)'> (0x000000008e117a80) 
thrown [s\open\src\hotspot\share\interpreter\linkResolver.cpp, line 774]
Event: 290.001 Thread 0x000001e967db5cf0 Exception <a 'java/lang/ClassNotFoundException'{0x000000008e140a00}: build_au7d3m0c14am3q5w7bzzdzuh1$_run_closure2$_closure6BeanInfo> (0x000000008e140a00) 
thrown [s\open\src\hotspot\share\classfile\systemDictionary.cpp, line 255]
Event: 290.003 Thread 0x000001e967db5cf0 Exception <a 'java/lang/ClassNotFoundException'{0x000000008e14e798}: build_au7d3m0c14am3q5w7bzzdzuh1$_run_closure2$_closure6Customizer> (0x000000008e14e798) 
thrown [s\open\src\hotspot\share\classfile\systemDictionary.cpp, line 255]

VM Operations (20 events):
Event: 283.176 Executing VM operation: G1CollectForAllocation
Event: 283.210 Executing VM operation: G1CollectForAllocation done
Event: 284.210 Executing VM operation: Cleanup
Event: 284.226 Executing VM operation: Cleanup done
Event: 285.232 Executing VM operation: Cleanup
Event: 285.232 Executing VM operation: Cleanup done
Event: 285.690 Executing VM operation: HandshakeAllThreads
Event: 285.691 Executing VM operation: HandshakeAllThreads done
Event: 286.701 Executing VM operation: Cleanup
Event: 286.718 Executing VM operation: Cleanup done
Event: 287.729 Executing VM operation: Cleanup
Event: 287.745 Executing VM operation: Cleanup done
Event: 288.758 Executing VM operation: Cleanup
Event: 288.758 Executing VM operation: Cleanup done
Event: 289.713 Executing VM operation: G1CollectForAllocation
Event: 289.844 Executing VM operation: G1CollectForAllocation done
Event: 290.847 Executing VM operation: Cleanup
Event: 290.848 Executing VM operation: Cleanup done
Event: 294.893 Executing VM operation: Cleanup
Event: 294.894 Executing VM operation: Cleanup done

Events (20 events):
Event: 281.236 Thread 0x000001e962890d80 flushing nmethod 0x000001e94cff6710
Event: 281.236 Thread 0x000001e962890d80 flushing nmethod 0x000001e94cff7310
Event: 281.236 Thread 0x000001e962890d80 flushing nmethod 0x000001e94d001d90
Event: 281.236 Thread 0x000001e962890d80 flushing nmethod 0x000001e94d002310
Event: 281.236 Thread 0x000001e962890d80 flushing nmethod 0x000001e94d002710
Event: 281.236 Thread 0x000001e962890d80 flushing nmethod 0x000001e94d004d10
Event: 281.236 Thread 0x000001e962890d80 flushing nmethod 0x000001e94d006910
Event: 281.236 Thread 0x000001e962890d80 flushing nmethod 0x000001e94d00a690
Event: 281.236 Thread 0x000001e962890d80 flushing nmethod 0x000001e94d00c510
Event: 281.236 Thread 0x000001e962890d80 flushing nmethod 0x000001e94d00e610
Event: 281.236 Thread 0x000001e962890d80 flushing nmethod 0x000001e94d029610
Event: 281.236 Thread 0x000001e962890d80 flushing nmethod 0x000001e94d046410
Event: 281.236 Thread 0x000001e962890d80 flushing nmethod 0x000001e94d046c10
Event: 281.236 Thread 0x000001e962890d80 flushing nmethod 0x000001e94d052690
Event: 281.236 Thread 0x000001e962890d80 flushing nmethod 0x000001e94d065910
Event: 281.369 Thread 0x000001e96abe5fa0 Thread added: 0x000001e96abe5fa0
Event: 290.575 Thread 0x000001e96abe6f90 Thread added: 0x000001e96abe6f90
Event: 290.981 Thread 0x000001e96abe4a60 Thread added: 0x000001e96abe4a60
Event: 290.983 Thread 0x000001e96abe6a40 Thread added: 0x000001e96abe6a40
Event: 298.594 Thread 0x000001e969637110 Thread exited: 0x000001e969637110


Dynamic libraries:
0x00007ff79fef0000 - 0x00007ff79ff00000 	C:\Program Files\Java\jdk-19\bin\java.exe
0x00007ff923750000 - 0x00007ff923948000 	C:\Windows\SYSTEM32\ntdll.dll
0x00007ff9225b0000 - 0x00007ff92266d000 	C:\Windows\System32\KERNEL32.DLL
0x00007ff921230000 - 0x00007ff921526000 	C:\Windows\System32\KERNELBASE.dll
0x00007ff920fa0000 - 0x00007ff9210a0000 	C:\Windows\System32\ucrtbase.dll
0x00007ff91c0b0000 - 0x00007ff91c0cb000 	C:\Program Files\Java\jdk-19\bin\VCRUNTIME140.dll
0x00007ff91c180000 - 0x00007ff91c198000 	C:\Program Files\Java\jdk-19\bin\jli.dll
0x00007ff923660000 - 0x00007ff923710000 	C:\Windows\System32\ADVAPI32.dll
0x00007ff922820000 - 0x00007ff9228be000 	C:\Windows\System32\msvcrt.dll
0x00007ff922330000 - 0x00007ff9223d0000 	C:\Windows\System32\sechost.dll
0x00007ff923460000 - 0x00007ff923583000 	C:\Windows\System32\RPCRT4.dll
0x00007ff9210a0000 - 0x00007ff9210c7000 	C:\Windows\System32\bcrypt.dll
0x00007ff921d50000 - 0x00007ff921eef000 	C:\Windows\System32\USER32.dll
0x00007ff921530000 - 0x00007ff921552000 	C:\Windows\System32\win32u.dll
0x00007ff90ee10000 - 0x00007ff90f0aa000 	C:\Windows\WinSxS\amd64_microsoft.windows.common-controls_6595b64144ccf1df_6.0.19041.4355_none_60b8b9eb71f62e16\COMCTL32.dll
0x00007ff922780000 - 0x00007ff9227ab000 	C:\Windows\System32\GDI32.dll
0x00007ff920e80000 - 0x00007ff920f97000 	C:\Windows\System32\gdi32full.dll
0x00007ff921560000 - 0x00007ff9215fd000 	C:\Windows\System32\msvcp_win.dll
0x00007ff917590000 - 0x00007ff91759a000 	C:\Windows\SYSTEM32\VERSION.dll
0x00007ff9223d0000 - 0x00007ff9223ff000 	C:\Windows\System32\IMM32.DLL
0x00007ff919940000 - 0x00007ff91994c000 	C:\Program Files\Java\jdk-19\bin\vcruntime140_1.dll
0x00007ff8f9960000 - 0x00007ff8f99ee000 	C:\Program Files\Java\jdk-19\bin\msvcp140.dll
0x00007ff8a3250000 - 0x00007ff8a3f10000 	C:\Program Files\Java\jdk-19\bin\server\jvm.dll
0x00007ff917560000 - 0x00007ff917587000 	C:\Windows\SYSTEM32\WINMM.dll
0x00007ff911b90000 - 0x00007ff911b99000 	C:\Windows\SYSTEM32\WSOCK32.dll
0x00007ff9227b0000 - 0x00007ff92281b000 	C:\Windows\System32\WS2_32.dll
0x00007ff91ec90000 - 0x00007ff91eca2000 	C:\Windows\SYSTEM32\kernel.appcore.dll
0x00007ff911b80000 - 0x00007ff911b8a000 	C:\Program Files\Java\jdk-19\bin\jimage.dll
0x00007ff918700000 - 0x00007ff9188e4000 	C:\Windows\SYSTEM32\DBGHELP.DLL
0x00007ff90bc10000 - 0x00007ff90bc44000 	C:\Windows\SYSTEM32\dbgcore.DLL
0x00007ff921700000 - 0x00007ff921782000 	C:\Windows\System32\bcryptPrimitives.dll
0x00007ff8fa7c0000 - 0x00007ff8fa7ce000 	C:\Program Files\Java\jdk-19\bin\instrument.dll
0x00007ff90c5b0000 - 0x00007ff90c5d6000 	C:\Program Files\Java\jdk-19\bin\java.dll
0x00007ff8ba300000 - 0x00007ff8ba3d7000 	C:\Program Files\Java\jdk-19\bin\jsvml.dll
0x00007ff922cf0000 - 0x00007ff92345c000 	C:\Windows\System32\SHELL32.dll
0x00007ff91ee90000 - 0x00007ff91f62d000 	C:\Windows\SYSTEM32\windows.storage.dll
0x00007ff921fd0000 - 0x00007ff922323000 	C:\Windows\System32\combase.dll
0x00007ff9207c0000 - 0x00007ff9207ee000 	C:\Windows\SYSTEM32\Wldp.dll
0x00007ff923590000 - 0x00007ff92365d000 	C:\Windows\System32\OLEAUT32.dll
0x00007ff9226d0000 - 0x00007ff92277d000 	C:\Windows\System32\SHCORE.dll
0x00007ff922670000 - 0x00007ff9226c5000 	C:\Windows\System32\shlwapi.dll
0x00007ff920d40000 - 0x00007ff920d64000 	C:\Windows\SYSTEM32\profapi.dll
0x00007ff8fcea0000 - 0x00007ff8fceb8000 	C:\Program Files\Java\jdk-19\bin\zip.dll
0x00007ff90c590000 - 0x00007ff90c5a3000 	C:\Program Files\Java\jdk-19\bin\net.dll
0x00007ff9178d0000 - 0x00007ff9179da000 	C:\Windows\SYSTEM32\WINHTTP.dll
0x00007ff920520000 - 0x00007ff92058a000 	C:\Windows\system32\mswsock.dll
0x00007ff90c570000 - 0x00007ff90c586000 	C:\Program Files\Java\jdk-19\bin\nio.dll
0x00007ff906570000 - 0x00007ff906580000 	C:\Program Files\Java\jdk-19\bin\verify.dll
0x00007ff8f9d80000 - 0x00007ff8f9da7000 	C:\Users\md mursaleen\.gradle\native\c067742578af261105cb4f569cf0c3c89f3d7b1fecec35dd04571415982c5e48\windows-amd64\native-platform.dll
0x00007ff8a3100000 - 0x00007ff8a3244000 	C:\Users\md mursaleen\.gradle\native\38dada09dfb8b06ba9b0570ebf7e218e3eb74d4ef43ca46872605cf95ebc2f47\windows-amd64\native-platform-file-events.dll
0x00007ff90c560000 - 0x00007ff90c56a000 	C:\Program Files\Java\jdk-19\bin\management.dll
0x00007ff90af20000 - 0x00007ff90af2b000 	C:\Program Files\Java\jdk-19\bin\management_ext.dll
0x00007ff922ce0000 - 0x00007ff922ce8000 	C:\Windows\System32\PSAPI.DLL
0x00007ff920710000 - 0x00007ff920728000 	C:\Windows\SYSTEM32\CRYPTSP.dll
0x00007ff91fde0000 - 0x00007ff91fe14000 	C:\Windows\system32\rsaenh.dll
0x00007ff920cb0000 - 0x00007ff920cde000 	C:\Windows\SYSTEM32\USERENV.dll
0x00007ff920730000 - 0x00007ff92073c000 	C:\Windows\SYSTEM32\CRYPTBASE.dll
0x00007ff9201a0000 - 0x00007ff9201db000 	C:\Windows\SYSTEM32\IPHLPAPI.DLL
0x00007ff9224b0000 - 0x00007ff9224b8000 	C:\Windows\System32\NSI.dll
0x00007ff917e50000 - 0x00007ff917e67000 	C:\Windows\SYSTEM32\dhcpcsvc6.DLL
0x00007ff919190000 - 0x00007ff9191ad000 	C:\Windows\SYSTEM32\dhcpcsvc.DLL
0x00007ff920240000 - 0x00007ff92030a000 	C:\Windows\SYSTEM32\DNSAPI.dll
0x00007ff900630000 - 0x00007ff900638000 	C:\Program Files\Java\jdk-19\bin\extnet.dll
0x00007ff8fce60000 - 0x00007ff8fce6e000 	C:\Program Files\Java\jdk-19\bin\sunmscapi.dll
0x00007ff9210d0000 - 0x00007ff92122e000 	C:\Windows\System32\CRYPT32.dll
0x00007ff920830000 - 0x00007ff920859000 	C:\Windows\SYSTEM32\ncrypt.dll
0x00007ff9207f0000 - 0x00007ff92082b000 	C:\Windows\SYSTEM32\NTASN1.dll
0x00007ff8b12d0000 - 0x00007ff8b12d7000 	C:\Windows\system32\wshunix.dll
0x00007ff9013d0000 - 0x00007ff9013e7000 	C:\Windows\system32\napinsp.dll
0x00007ff9013b0000 - 0x00007ff9013cb000 	C:\Windows\system32\pnrpnsp.dll
0x00007ff91d8e0000 - 0x00007ff91d8f5000 	C:\Windows\system32\wshbth.dll
0x00007ff91c000000 - 0x00007ff91c01d000 	C:\Windows\system32\NLAapi.dll
0x00007ff901350000 - 0x00007ff901362000 	C:\Windows\System32\winrnr.dll
0x00007ff919640000 - 0x00007ff91964a000 	C:\Windows\System32\rasadhlp.dll
0x00007ff913570000 - 0x00007ff9135f0000 	C:\Windows\System32\fwpuclnt.dll

dbghelp: loaded successfully - version: 4.0.5 - missing functions: none
symbol engine: initialized successfully - sym options: 0x614 - pdb path: .;C:\Program Files\Java\jdk-19\bin;C:\Windows\SYSTEM32;C:\Windows\WinSxS\amd64_microsoft.windows.common-controls_6595b64144ccf1df_6.0.19041.4355_none_60b8b9eb71f62e16;C:\Program Files\Java\jdk-19\bin\server;C:\Users\md mursaleen\.gradle\native\c067742578af261105cb4f569cf0c3c89f3d7b1fecec35dd04571415982c5e48\windows-amd64;C:\Users\md mursaleen\.gradle\native\38dada09dfb8b06ba9b0570ebf7e218e3eb74d4ef43ca46872605cf95ebc2f47\windows-amd64

VM Arguments:
jvm_args: -XX:MaxMetaspaceSize=512m --add-opens=java.base/java.util=ALL-UNNAMED --add-opens=java.base/java.lang=ALL-UNNAMED --add-opens=java.base/java.lang.invoke=ALL-UNNAMED --add-opens=java.prefs/java.util.prefs=ALL-UNNAMED --add-opens=java.base/java.nio.charset=ALL-UNNAMED --add-opens=java.base/java.net=ALL-UNNAMED --add-opens=java.base/java.util.concurrent.atomic=ALL-UNNAMED -Xmx2048m -Dfile.encoding=UTF-8 -Duser.country=IN -Duser.language=en -Duser.variant -javaagent:C:\Users\md mursaleen\.gradle\wrapper\dists\gradle-8.5-all\3zlzzgtsutfj0pbojr50n2l7z\gradle-8.5\lib\agents\gradle-instrumentation-agent-8.5.jar 
java_command: org.gradle.launcher.daemon.bootstrap.GradleDaemon 8.5
java_class_path (initial): C:\Users\md mursaleen\.gradle\wrapper\dists\gradle-8.5-all\3zlzzgtsutfj0pbojr50n2l7z\gradle-8.5\lib\gradle-launcher-8.5.jar
Launcher Type: SUN_STANDARD

[Global flags]
     intx CICompilerCount                          = 4                                         {product} {ergonomic}
   size_t CompressedClassSpaceSize                 = 432013312                                 {product} {ergonomic}
     uint ConcGCThreads                            = 2                                         {product} {ergonomic}
     uint G1ConcRefinementThreads                  = 8                                         {product} {ergonomic}
   size_t G1HeapRegionSize                         = 1048576                                   {product} {ergonomic}
    uintx GCDrainStackTargetSize                   = 64                                        {product} {ergonomic}
   size_t InitialHeapSize                          = 100663296                                 {product} {ergonomic}
   size_t MarkStackSize                            = 4194304                                   {product} {ergonomic}
   size_t MaxHeapSize                              = 2147483648                                {product} {command line}
   size_t MaxMetaspaceSize                         = 536870912                                 {product} {command line}
   size_t MaxNewSize                               = 1287651328                                {product} {ergonomic}
   size_t MinHeapDeltaBytes                        = 1048576                                   {product} {ergonomic}
   size_t MinHeapSize                              = 8388608                                   {product} {ergonomic}
    uintx NonNMethodCodeHeapSize                   = 5839372                                {pd product} {ergonomic}
    uintx NonProfiledCodeHeapSize                  = 122909434                              {pd product} {ergonomic}
    uintx ProfiledCodeHeapSize                     = 122909434                              {pd product} {ergonomic}
    uintx ReservedCodeCacheSize                    = 251658240                              {pd product} {ergonomic}
     bool SegmentedCodeCache                       = true                                      {product} {ergonomic}
   size_t SoftMaxHeapSize                          = 2147483648                             {manageable} {ergonomic}
     bool UseCompressedClassPointers               = true                           {product lp64_product} {ergonomic}
     bool UseCompressedOops                        = true                           {product lp64_product} {ergonomic}
     bool UseG1GC                                  = true                                      {product} {ergonomic}
     bool UseLargePagesIndividualAllocation        = false                                  {pd product} {ergonomic}

Logging:
Log output configuration:
 #0: stdout all=warning uptime,level,tags foldmultilines=false
 #1: stderr all=off uptime,level,tags foldmultilines=false

Environment Variables:
JAVA_HOME=C:\Program Files\Java\jdk-19
CLASSPATH=C:\Users\md mursaleen\Documents\Stock Broker App\StockBrokingApp\android\\gradle\wrapper\gradle-wrapper.jar
PATH=C:\Users\md mursaleen\Documents\Stock Broker App\StockBrokingApp\node_modules\.bin;C:\Users\md mursaleen\Documents\Stock Broker App\StockBrokingApp\node_modules\.bin;C:\Users\md mursaleen\Documents\Stock Broker App\node_modules\.bin;C:\Users\md mursaleen\Documents\node_modules\.bin;C:\Users\md mursaleen\node_modules\.bin;C:\Users\node_modules\.bin;C:\node_modules\.bin;C:\Program Files\nodejs\node_modules\npm\node_modules\@npmcli\run-script\lib\node-gyp-bin;C:\Users\md mursaleen\Documents\Stock Broker App\StockBrokingApp\node_modules\.bin;C:\Users\md mursaleen\Documents\Stock Broker App\node_modules\.bin;C:\Users\md mursaleen\Documents\node_modules\.bin;C:\Users\md mursaleen\node_modules\.bin;C:\Users\node_modules\.bin;C:\node_modules\.bin;C:\Program Files\nodejs\node_modules\npm\node_modules\@npmcli\run-script\lib\node-gyp-bin;C:\Program Files (x86)\Common Files\Oracle\Java\javapath;C:\Windows\system32;C:\Windows;C:\Windows\System32\Wbem;C:\Windows\System32\WindowsPowerShell\v1.0\;C:\Windows\System32\OpenSSH\;C:\Program Files\dotnet\;C:\Program Files\CodeBlocks\MinGW\bin;C:\Program Files\MySQL\MySQL Server 8.0\bin;C:\MinGW\bin;C:\Users\md mursaleen\Downloads\platform-tools_r33.0.3-windows\platform-tools;C:\Program Files\Git\cmd;C:\ProgramData\chocolatey\bin;C:\Program Files\nodejs\;C:\hadoop\bin;C:\hadoop\sbin;C:\Program Files\Java\jdk-19\bin;C:\Users\md mursaleen\AppData\Local\Programs\Python\Python311\Scripts\;C:\Users\md mursaleen\AppData\Local\Programs\Python\Python311\;C:\Program Files\MySQL\MySQL Shell 8.0\bin\;C:\Users\md mursaleen\AppData\Local\Microsoft\WindowsApps;C:\Program Files (x86)\mingw-w64\i686-8.1.0-posix-dwarf-rt_v6-rev0\mingw32\bin;C:\Program Files (x86)\mingw-w64\i686-8.1.0-posix-dwarf-rt_v6-rev0\mingw32\bin;C:\Users\md mursaleen\AppData\Local\Programs\Microsoft VS Code\bin;C:\Users\md mursaleen\AppData\Roaming\npm;C:\Users\md mursaleen\AppData\Local\Android\Sdk\platform-tools;C:\Users\md mursaleen\AppData\Local\Android\Sdk\platforms;C:\Program Files\MongoDB\Server\6.0\bin;C:\Program Files\sfdx\bin;C:\Program Files\heroku\bin;
USERNAME=md mursaleen
LANG=en_US.UTF-8
OS=Windows_NT
PROCESSOR_IDENTIFIER=AMD64 Family 23 Model 24 Stepping 1, AuthenticAMD
TMP=C:\Users\MDMURS~1\AppData\Local\Temp
TEMP=C:\Users\MDMURS~1\AppData\Local\Temp



---------------  S Y S T E M  ---------------

OS:
 Windows 10 , 64 bit Build 19041 (10.0.19041.3636)
OS uptime: 0 days 11:20 hours

CPU: total 8 (initial active 8) (8 cores per cpu, 2 threads per core) family 23 model 24 stepping 1 microcode 0x0, cx8, cmov, fxsr, ht, mmx, 3dnowpref, sse, sse2, sse3, ssse3, sse4a, sse4.1, sse4.2, popcnt, lzcnt, tsc, tscinvbit, avx, avx2, aes, clmul, bmi1, bmi2, adx, sha, fma, vzeroupper, clflush, clflushopt, rdtscp

Memory: 4k page, system-wide physical 6030M (219M free)
TotalPageFile size 24462M (AvailPageFile size 58M)
current process WorkingSet (physical memory assigned to process): 25M, peak: 238M
current process commit charge ("private bytes"): 502M, peak: 525M

vm_info: Java HotSpot(TM) 64-Bit Server VM (19.0.2+7-44) for windows-amd64 JRE (19.0.2+7-44), built on 2022-11-30T18:02:09Z by "mach5one" with MS VC++ 17.1 (VS2022)

END.
